[Licensing::Module] Trying to connect to existing licensing client channel...
Built from '6000.2/respin/6000.2.6f2-cc51a95c03' branch; Version is '6000.2.6f2 (4a4dcaec6541) revision 4869578'; Using compiler version '194234433'; Build Type 'Release'
OS: 'Windows 11  (10.0.26200) 64bit Core' Language: 'en' Physical Memory: 31967 MB
[Licensing::IpcConnector] Successfully connected to: "LicenseClient-aweso" at "2025-12-03T10:20:11.5221214Z"
BatchMode: 1, IsHumanControllingUs: 0, StartBugReporterOnCrash: 0, Is64bit: 1
Date: 2025-12-03T10:20:11Z

COMMAND LINE ARGUMENTS:
C:\Program Files\Unity\Hub\Editor\6000.2.6f2\Editor\Unity.exe
-adb2
-batchMode
-noUpm
-name
AssetImportWorker93
-projectPath
C:/Users/aweso/Documents/SugarBound.07
-logFile
Logs/AssetImportWorker93.log
-srvPort
53752
-licensingIpc
LicenseClient-aweso
-job-worker-count
7
-background-job-worker-count
8
-gc-helper-count
1
-name
AssetImport
Successfully changed project path to: C:/Users/aweso/Documents/SugarBound.07
C:/Users/aweso/Documents/SugarBound.07
[UnityMemory] Configuration Parameters - Can be set up in boot.config
    "memorysetup-allocator-temp-initial-block-size-main=262144"
    "memorysetup-allocator-temp-initial-block-size-worker=262144"
    "memorysetup-bucket-allocator-granularity=16"
    "memorysetup-bucket-allocator-bucket-count=8"
    "memorysetup-bucket-allocator-block-size=33554432"
    "memorysetup-bucket-allocator-block-count=8"
    "memorysetup-main-allocator-block-size=16777216"
    "memorysetup-thread-allocator-block-size=16777216"
    "memorysetup-gfx-main-allocator-block-size=16777216"
    "memorysetup-gfx-thread-allocator-block-size=16777216"
    "memorysetup-cache-allocator-block-size=4194304"
    "memorysetup-typetree-allocator-block-size=2097152"
    "memorysetup-profiler-bucket-allocator-granularity=16"
    "memorysetup-profiler-bucket-allocator-bucket-count=8"
    "memorysetup-profiler-bucket-allocator-block-size=33554432"
    "memorysetup-profiler-bucket-allocator-block-count=8"
    "memorysetup-profiler-allocator-block-size=16777216"
    "memorysetup-profiler-editor-allocator-block-size=1048576"
    "memorysetup-temp-allocator-size-main=16777216"
    "memorysetup-job-temp-allocator-block-size=2097152"
    "memorysetup-job-temp-allocator-block-size-background=1048576"
    "memorysetup-job-temp-allocator-reduction-small-platforms=262144"
    "memorysetup-temp-allocator-size-background-worker=32768"
    "memorysetup-temp-allocator-size-job-worker=262144"
    "memorysetup-temp-allocator-size-preload-manager=33554432"
    "memorysetup-temp-allocator-size-nav-mesh-worker=65536"
    "memorysetup-temp-allocator-size-audio-worker=65536"
    "memorysetup-temp-allocator-size-cloud-worker=32768"
    "memorysetup-temp-allocator-size-gi-baking-worker=262144"
    "memorysetup-temp-allocator-size-gi-baking-worker=262144"
    "memorysetup-temp-allocator-size-gi-baking-worker=262144"
    "memorysetup-temp-allocator-size-gi-baking-worker=262144"
    "memorysetup-temp-allocator-size-gi-baking-worker=262144"
    "memorysetup-temp-allocator-size-gfx=262144"
Player connection [108224]  Target information:

Player connection [108224]  * "[IP] 192.168.1.127 [Port] 0 [Flags] 2 [Guid] 1681961330 [EditorId] 1681961330 [Version] 1048832 [Id] WindowsEditor(7,DevinPC) [Debug] 1 [PackageName] WindowsEditor [ProjectName] Editor" 

Player connection [108224] Host joined multi-casting on [225.0.0.222:54997]...
Player connection [108224] Host joined alternative multi-casting on [225.0.0.222:34997]...
JobSystem: Creating JobQueue using job-worker-count value 7
Input System module state changed to: Initialized.
[Physics::Module] Initialized fallback backend.
[Physics::Module] Id: 0xdecafbad
[Licensing::Client] Code 10 while verifying Licensing Client signature (process Id: 31572, path: "C:/Program Files/Unity Hub/UnityLicensingClient_V1/Unity.Licensing.Client.exe")
[Licensing::Module] LicensingClient has failed validation; ignoring
[Licensing::Client] Handshaking with LicensingClient:
  Version:                 1.17.3+a4e98f1
  Session Id:              fab007a6d6c84c2b9ef2067d0624563e
  Correlation Id:          ebc368e6c0632ba8f55a6b47cfb5cd2c
  External correlation Id: 6056241219426256847
  Machine Id:              cPCzQz9axXHQmewSXrMKmPRaxqY=
[Licensing::Module] Successfully connected to LicensingClient on channel: "LicenseClient-aweso" (connect: 0.00s, validation: 0.00s, handshake: 0.03s)
[Licensing::IpcConnector] Successfully connected to: "LicenseClient-aweso-notifications" at "2025-12-03T10:20:11.5542774Z"
[Licensing::Module] Licensing Background thread has ended after 0.03s
Library Redirect Path: Library/
[Physics::Module] Selected backend.
[Physics::Module] Name: PhysX
[Physics::Module] Id: 0xf2b8ea05
[Physics::Module] SDK Version: 4.1.2
[Physics::Module] Integration Version: 1.0.0
[Physics::Module] Threading Mode: Multi-Threaded
[Licensing::Client] Successfully resolved entitlement details
[Licensing::Module] License group:
  Id: 1375641944432-UnityPersXXXX
  Product: Unity Personal
  Type: Assigned
  Expiration: Unlimited
Refreshing native plugins compatible for Editor in 17.35 ms, found 10 plugins.
Unity memory allocator detected: MetaXRAudio native memory allocations will be tracked.
Preloading 1 native plugins for Editor in 1.09 ms.
Initialize engine version: 6000.2.6f2 (4a4dcaec6541)
[Subsystems] Discovering subsystems at path C:/Program Files/Unity/Hub/Editor/6000.2.6f2/Editor/Data/Resources/UnitySubsystems
[Subsystems] Discovering subsystems at path C:/Users/aweso/Documents/SugarBound.07/Assets
GfxDevice: creating device client; kGfxThreadingModeNonThreaded
Direct3D:
    Version:  Direct3D 11.0 [level 11.1]
    Renderer: NVIDIA GeForce RTX 4060 Ti (ID=0x2803)
    Vendor:   NVIDIA
    VRAM:     7949 MB
    Driver:   32.0.15.8157
Initialize mono
Mono path[0] = 'C:/Program Files/Unity/Hub/Editor/6000.2.6f2/Editor/Data/Managed'
Mono path[1] = 'C:/Program Files/Unity/Hub/Editor/6000.2.6f2/Editor/Data/MonoBleedingEdge/lib/mono/unityjit-win32'
Mono config path = 'C:/Program Files/Unity/Hub/Editor/6000.2.6f2/Editor/Data/MonoBleedingEdge/etc'
Using monoOptions --debugger-agent=transport=dt_socket,embedding=1,server=y,suspend=n,address=127.0.0.1:56084
Begin MonoManager ReloadAssembly
Registering precompiled unity dll's ...
Register platform support module: C:/Program Files/Unity/Hub/Editor/6000.2.6f2/Editor/Data/PlaybackEngines/WindowsStandaloneSupport/UnityEditor.WindowsStandalone.Extensions.dll
[Licensing::Client] Successfully resolved entitlement details
Register platform support module: C:/Program Files/Unity/Hub/Editor/6000.2.6f2/Editor/Data/PlaybackEngines/MetroSupport/UnityEditor.UWP.Extensions.dll
Register platform support module: C:/Program Files/Unity/Hub/Editor/6000.2.6f2/Editor/Data/PlaybackEngines/AndroidPlayer/UnityEditor.Android.Extensions.dll
Registered in 0.005170 seconds.
- Loaded All Assemblies, in  0.336 seconds
Native extension for Android target not found
Android Extension - Scanning For ADB Devices 213 ms
Native extension for UWP target not found
Native extension for WindowsStandalone target not found
Mono: successfully reloaded assembly
- Finished resetting the current domain, in  0.479 seconds
Domain Reload Profiling: 812ms
	BeginReloadAssembly (112ms)
		ExecutionOrderSort (0ms)
		DisableScriptedObjects (0ms)
		BackupInstance (0ms)
		ReleaseScriptingObjects (0ms)
		CreateAndSetChildDomain (1ms)
	RebuildCommonClasses (30ms)
	RebuildNativeTypeToScriptingClass (9ms)
	initialDomainReloadingComplete (46ms)
	LoadAllAssembliesAndSetupDomain (136ms)
		LoadAssemblies (109ms)
		RebuildTransferFunctionScriptingTraits (0ms)
		AnalyzeDomain (133ms)
			TypeCache.Refresh (132ms)
				TypeCache.ScanAssembly (122ms)
			BuildScriptInfoCaches (0ms)
			ResolveRequiredComponents (0ms)
	FinalizeReload (480ms)
		ReleaseScriptCaches (0ms)
		RebuildScriptCaches (0ms)
		SetupLoadedEditorAssemblies (442ms)
			LogAssemblyErrors (0ms)
			InitializePlatformSupportModulesInManaged (294ms)
			SetLoadedEditorAssemblies (2ms)
			BeforeProcessingInitializeOnLoad (37ms)
			ProcessInitializeOnLoadAttributes (73ms)
			ProcessInitializeOnLoadMethodAttributes (35ms)
			AfterProcessingInitializeOnLoad (0ms)
			EditorAssembliesLoaded (0ms)
		ExecutionOrderSort2 (0ms)
		AwakeInstancesAfterBackupRestoration (0ms)
========================================================================
Worker process is ready to serve import requests
Import Worker Mode flag is 0x00
Begin MonoManager ReloadAssembly
[Licensing::Client] Successfully resolved entitlement details
- Loaded All Assemblies, in  0.580 seconds
Refreshing native plugins compatible for Editor in 7.64 ms, found 10 plugins.
Native extension for Android target not found
Native extension for UWP target not found
Native extension for WindowsStandalone target not found
Package Manager log level set to [2]
[Package Manager] Failed to launch server process. Reason: Unity was launched with the -noUpm command-line argument
[Package Manager] Unable to send message (not connected to server process).
[Package Manager] Cannot connect to Unity Package Manager local server
The project currently uses the compatibility mode where the Render Graph API is disabled. Support for this mode will be removed in future Unity versions. Migrate existing ScriptableRenderPasses to the new RenderGraph API. After the migration, disable the compatibility mode in Edit > Projects Settings > Graphics > Render Graph.
UnityEngine.Debug:ExtractStackTraceNoAlloc (byte*,int,string)
UnityEngine.StackTraceUtility:ExtractStackTrace ()
UnityEngine.DebugLogHandler:Internal_Log (UnityEngine.LogType,UnityEngine.LogOption,string,UnityEngine.Object)
UnityEngine.DebugLogHandler:LogFormat (UnityEngine.LogType,UnityEngine.Object,string,object[])
UnityEngine.Logger:Log (UnityEngine.LogType,object)
UnityEngine.Debug:LogWarning (object)
UnityEngine.Rendering.Universal.WarnUsingNonRenderGraph:EmitConsoleWarning () (at ./Library/PackageCache/com.unity.render-pipelines.universal@1e1527b3a17b/Runtime/Data/UniversalRenderPipelineAsset.cs:432)
System.Reflection.RuntimeMethodInfo:Invoke (object,System.Reflection.BindingFlags,System.Reflection.Binder,object[],System.Globalization.CultureInfo)
System.Reflection.MethodBase:Invoke (object,object[])
UnityEditor.EditorAssemblies:ProcessInitializeOnLoadMethodAttributes ()

(Filename: ./Library/PackageCache/com.unity.render-pipelines.universal@1e1527b3a17b/Runtime/Data/UniversalRenderPipelineAsset.cs Line: 432)

Mono: successfully reloaded assembly
[Package Manager] Failed to launch server process. Reason: Unity was launched with the -noUpm command-line argument
[Package Manager] Unable to send message (not connected to server process).
[Package Manager] Cannot connect to Unity Package Manager local server
[Package Manager] Failed to launch server process. Reason: Unity was launched with the -noUpm command-line argument
[Package Manager] Unable to send message (not connected to server process).
[Package Manager] Cannot connect to Unity Package Manager local server
- Finished resetting the current domain, in  0.702 seconds
Domain Reload Profiling: 1277ms
	BeginReloadAssembly (131ms)
		ExecutionOrderSort (0ms)
		DisableScriptedObjects (4ms)
		BackupInstance (0ms)
		ReleaseScriptingObjects (0ms)
		CreateAndSetChildDomain (25ms)
	RebuildCommonClasses (25ms)
	RebuildNativeTypeToScriptingClass (9ms)
	initialDomainReloadingComplete (28ms)
	LoadAllAssembliesAndSetupDomain (382ms)
		LoadAssemblies (268ms)
		RebuildTransferFunctionScriptingTraits (0ms)
		AnalyzeDomain (186ms)
			TypeCache.Refresh (135ms)
				TypeCache.ScanAssembly (124ms)
			BuildScriptInfoCaches (40ms)
			ResolveRequiredComponents (9ms)
	FinalizeReload (702ms)
		ReleaseScriptCaches (0ms)
		RebuildScriptCaches (0ms)
		SetupLoadedEditorAssemblies (558ms)
			LogAssemblyErrors (0ms)
			InitializePlatformSupportModulesInManaged (8ms)
			SetLoadedEditorAssemblies (3ms)
			BeforeProcessingInitializeOnLoad (90ms)
			ProcessInitializeOnLoadAttributes (361ms)
			ProcessInitializeOnLoadMethodAttributes (92ms)
			AfterProcessingInitializeOnLoad (4ms)
			EditorAssembliesLoaded (0ms)
		ExecutionOrderSort2 (0ms)
		AwakeInstancesAfterBackupRestoration (4ms)
Launched and connected shader compiler UnityShaderCompiler.exe after 0.01 seconds
Refreshing native plugins compatible for Editor in 8.39 ms, found 10 plugins.
Preloading 1 native plugins for Editor in 0.08 ms.
Unloading 14 Unused Serialized files (Serialized files now loaded: 0)
Unloading 7247 unused Assets / (5.3 MB). Loaded Objects now: 7983.
Memory consumption went from 144.5 MB to 139.3 MB.
Total: 9.915500 ms (FindLiveObjects: 0.842100 ms CreateObjectMapping: 0.370300 ms MarkObjects: 4.895900 ms  DeleteObjects: 3.806200 ms)

========================================================================
Received Import Request.
  Time since last request: 107070.612663 seconds.
  path: Assets/Halloween Pumpkin/Sample Scene/Prefabs/pumpkin_lights_01.prefab
  artifactKey: Guid(13219c1d85050e44191f9dc91a97a90f) Importer(815301076,1909f56bfc062723c751e8b465ee728b)
Start importing Assets/Halloween Pumpkin/Sample Scene/Prefabs/pumpkin_lights_01.prefab using Guid(13219c1d85050e44191f9dc91a97a90f) Importer(815301076,1909f56bfc062723c751e8b465ee728b) (PreviewImporter)CommandBuffer: temporary render texture  not found while executing  (Copy source)
UnityEngine.Debug:ExtractStackTraceNoAlloc (byte*,int,string)
UnityEngine.StackTraceUtility:ExtractStackTrace ()
UnityEngine.Rendering.ScriptableRenderContext:Submit ()
UnityEngine.Rendering.Universal.UniversalRenderPipeline:RenderSingleCamera (UnityEngine.Rendering.ScriptableRenderContext,UnityEngine.Rendering.Universal.UniversalCameraData) (at ./Library/PackageCache/com.unity.render-pipelines.universal@1e1527b3a17b/Runtime/UniversalRenderPipeline.cs:891)
UnityEngine.Rendering.Universal.UniversalRenderPipeline:RenderSingleCameraInternal (UnityEngine.Rendering.ScriptableRenderContext,UnityEngine.Camera,UnityEngine.Rendering.Universal.UniversalAdditionalCameraData&,bool) (at ./Library/PackageCache/com.unity.render-pipelines.universal@1e1527b3a17b/Runtime/UniversalRenderPipeline.cs:691)
UnityEngine.Rendering.Universal.UniversalRenderPipeline:RenderSingleCameraInternal (UnityEngine.Rendering.ScriptableRenderContext,UnityEngine.Camera,bool) (at ./Library/PackageCache/com.unity.render-pipelines.universal@1e1527b3a17b/Runtime/UniversalRenderPipeline.cs:666)
UnityEngine.Rendering.Universal.UniversalRenderPipeline:Render (UnityEngine.Rendering.ScriptableRenderContext,System.Collections.Generic.List`1<UnityEngine.Camera>) (at ./Library/PackageCache/com.unity.render-pipelines.universal@1e1527b3a17b/Runtime/UniversalRenderPipeline.cs:483)
UnityEngine.Rendering.RenderPipeline:InternalRender (UnityEngine.Rendering.ScriptableRenderContext,System.Collections.Generic.List`1<UnityEngine.Camera>)
UnityEngine.Rendering.RenderPipelineManager:DoRenderLoop_Internal (UnityEngine.Rendering.RenderPipelineAsset,intptr,UnityEngine.Object,Unity.Collections.LowLevel.Unsafe.AtomicSafetyHandle)
UnityEngine.Camera:Render ()
UnityEditor.PreviewRenderUtility:Render (bool,bool)
UnityEditor.GameObjectInspector:DoRenderPreview (UnityEditor.GameObjectInspector/PreviewData)
UnityEditor.GameObjectInspector:RenderStaticPreview (string,UnityEngine.Object[],int,int)
UnityEditor.AssetPreviewUpdater:CreatePreview (UnityEngine.Object,UnityEngine.Object[],string,int,int)
UnityEditor.AssetPreviewUpdater:CreatePreviewForAsset (UnityEngine.Object,UnityEngine.Object[],string)

[./Library/PackageCache/com.unity.render-pipelines.universal@1e1527b3a17b/Runtime/UniversalRenderPipeline.cs line 891]

CommandBuffer: temporary render texture  not found while executing  (Copy destination)
UnityEngine.Debug:ExtractStackTraceNoAlloc (byte*,int,string)
UnityEngine.StackTraceUtility:ExtractStackTrace ()
UnityEngine.Rendering.ScriptableRenderContext:Submit ()
UnityEngine.Rendering.Universal.UniversalRenderPipeline:RenderSingleCamera (UnityEngine.Rendering.ScriptableRenderContext,UnityEngine.Rendering.Universal.UniversalCameraData) (at ./Library/PackageCache/com.unity.render-pipelines.universal@1e1527b3a17b/Runtime/UniversalRenderPipeline.cs:891)
UnityEngine.Rendering.Universal.UniversalRenderPipeline:RenderSingleCameraInternal (UnityEngine.Rendering.ScriptableRenderContext,UnityEngine.Camera,UnityEngine.Rendering.Universal.UniversalAdditionalCameraData&,bool) (at ./Library/PackageCache/com.unity.render-pipelines.universal@1e1527b3a17b/Runtime/UniversalRenderPipeline.cs:691)
UnityEngine.Rendering.Universal.UniversalRenderPipeline:RenderSingleCameraInternal (UnityEngine.Rendering.ScriptableRenderContext,UnityEngine.Camera,bool) (at ./Library/PackageCache/com.unity.render-pipelines.universal@1e1527b3a17b/Runtime/UniversalRenderPipeline.cs:666)
UnityEngine.Rendering.Universal.UniversalRenderPipeline:Render (UnityEngine.Rendering.ScriptableRenderContext,System.Collections.Generic.List`1<UnityEngine.Camera>) (at ./Library/PackageCache/com.unity.render-pipelines.universal@1e1527b3a17b/Runtime/UniversalRenderPipeline.cs:483)
UnityEngine.Rendering.RenderPipeline:InternalRender (UnityEngine.Rendering.ScriptableRenderContext,System.Collections.Generic.List`1<UnityEngine.Camera>)
UnityEngine.Rendering.RenderPipelineManager:DoRenderLoop_Internal (UnityEngine.Rendering.RenderPipelineAsset,intptr,UnityEngine.Object,Unity.Collections.LowLevel.Unsafe.AtomicSafetyHandle)
UnityEngine.Camera:Render ()
UnityEditor.PreviewRenderUtility:Render (bool,bool)
UnityEditor.GameObjectInspector:DoRenderPreview (UnityEditor.GameObjectInspector/PreviewData)
UnityEditor.GameObjectInspector:RenderStaticPreview (string,UnityEngine.Object[],int,int)
UnityEditor.AssetPreviewUpdater:CreatePreview (UnityEngine.Object,UnityEngine.Object[],string,int,int)
UnityEditor.AssetPreviewUpdater:CreatePreviewForAsset (UnityEngine.Object,UnityEngine.Object[],string)

[./Library/PackageCache/com.unity.render-pipelines.universal@1e1527b3a17b/Runtime/UniversalRenderPipeline.cs line 891]

 -> (artifact id: 'b4090dbdaa7681dab08bf826ec9763f7') in 0.9902485 seconds
Number of updated asset objects reloaded before import = 0Number of asset objects unloaded after import = 13

========================================================================
Received Import Request.
  Time since last request: 20.651064 seconds.
  path: Assets/Baker'sCorner/Ingredient/CookieSheet
  artifactKey: Guid(ab010652a25f32342920ec445c1f5fb5) Importer(815301076,1909f56bfc062723c751e8b465ee728b)
Start importing Assets/Baker'sCorner/Ingredient/CookieSheet using Guid(ab010652a25f32342920ec445c1f5fb5) Importer(815301076,1909f56bfc062723c751e8b465ee728b) (PreviewImporter) -> (artifact id: 'db4916e89dc96a95f7d59687613f4967') in 0.0004835 seconds
Number of updated asset objects reloaded before import = 0Number of asset objects unloaded after import = 0

========================================================================
Received Import Request.
  Time since last request: 0.379348 seconds.
  path: Assets/Baker'sCorner/Ingredient/CookieSheet/BurntCookiePan.prefab
  artifactKey: Guid(23e07402b4da70042bc4813881fa31d9) Importer(815301076,1909f56bfc062723c751e8b465ee728b)
Start importing Assets/Baker'sCorner/Ingredient/CookieSheet/BurntCookiePan.prefab using Guid(23e07402b4da70042bc4813881fa31d9) Importer(815301076,1909f56bfc062723c751e8b465ee728b) (PreviewImporter) -> (artifact id: 'f27b96eecf27a7cc571e1d0dd4e9d7a3') in 0.138576 seconds
Number of updated asset objects reloaded before import = 0Number of asset objects unloaded after import = 42

========================================================================
Received Import Request.
  Time since last request: 164.172775 seconds.
  path: Assets/Baker'sCorner/Ingredient/CookieSheet/PumpkinCookiesTray.prefab
  artifactKey: Guid(93ae77ebd18de6f4394fc186d7b3c56c) Importer(815301076,1909f56bfc062723c751e8b465ee728b)
Start importing Assets/Baker'sCorner/Ingredient/CookieSheet/PumpkinCookiesTray.prefab using Guid(93ae77ebd18de6f4394fc186d7b3c56c) Importer(815301076,1909f56bfc062723c751e8b465ee728b) (PreviewImporter) -> (artifact id: '2ae4d1578583d8d219f6e3860eac3f5a') in 0.187712 seconds
Number of updated asset objects reloaded before import = 0Number of asset objects unloaded after import = 43

========================================================================
Received Import Request.
  Time since last request: 0.747776 seconds.
  path: Assets/Baker'sCorner/Ingredient/CookieSheet/PumpkinCookiesTray.prefab
  artifactKey: Guid(93ae77ebd18de6f4394fc186d7b3c56c) Importer(2089858483,192608db42251d675da83286b1cce702)
Start importing Assets/Baker'sCorner/Ingredient/CookieSheet/PumpkinCookiesTray.prefab using Guid(93ae77ebd18de6f4394fc186d7b3c56c) Importer(2089858483,192608db42251d675da83286b1cce702) (ScriptedImporter) -> (artifact id: '829f453f73545a0a5cdb675a2ed22348') in 0.1706288 seconds
Number of updated asset objects reloaded before import = 0Number of asset objects unloaded after import = 36

========================================================================
Received Import Request.
  Time since last request: 11.814121 seconds.
  path: Assets/Baker'sCorner/Ingredient/CookieSheet/PumpkinCookiesTray.prefab
  artifactKey: Guid(93ae77ebd18de6f4394fc186d7b3c56c) Importer(815301076,1909f56bfc062723c751e8b465ee728b)
Start importing Assets/Baker'sCorner/Ingredient/CookieSheet/PumpkinCookiesTray.prefab using Guid(93ae77ebd18de6f4394fc186d7b3c56c) Importer(815301076,1909f56bfc062723c751e8b465ee728b) (PreviewImporter) -> (artifact id: '0bccd30d12f28c56e6198a786cebb960') in 0.192642 seconds
Number of updated asset objects reloaded before import = 0Number of asset objects unloaded after import = 43

========================================================================
Received Import Request.
  Time since last request: 0.741660 seconds.
  path: Assets/Baker'sCorner/Ingredient/CookieSheet/PumpkinCookiesTray.prefab
  artifactKey: Guid(93ae77ebd18de6f4394fc186d7b3c56c) Importer(2089858483,192608db42251d675da83286b1cce702)
Start importing Assets/Baker'sCorner/Ingredient/CookieSheet/PumpkinCookiesTray.prefab using Guid(93ae77ebd18de6f4394fc186d7b3c56c) Importer(2089858483,192608db42251d675da83286b1cce702) (ScriptedImporter) -> (artifact id: '40fbeffeb4aa78301b9dff3a2539f0ef') in 0.0194447 seconds
Number of updated asset objects reloaded before import = 0Number of asset objects unloaded after import = 36

========================================================================
Received Import Request.
  Time since last request: 1.361526 seconds.
  path: Assets/Baker'sCorner/Ingredient/CookieSheet/PumpkinCookiesTray.prefab
  artifactKey: Guid(93ae77ebd18de6f4394fc186d7b3c56c) Importer(815301076,1909f56bfc062723c751e8b465ee728b)
Start importing Assets/Baker'sCorner/Ingredient/CookieSheet/PumpkinCookiesTray.prefab using Guid(93ae77ebd18de6f4394fc186d7b3c56c) Importer(815301076,1909f56bfc062723c751e8b465ee728b) (PreviewImporter) -> (artifact id: 'd95b7a94b0290d7cdd45c9465d0fea85') in 0.1787484 seconds
Number of updated asset objects reloaded before import = 0Number of asset objects unloaded after import = 43

========================================================================
Received Import Request.
  Time since last request: 0.755003 seconds.
  path: Assets/Baker'sCorner/Ingredient/CookieSheet/PumpkinCookiesTray.prefab
  artifactKey: Guid(93ae77ebd18de6f4394fc186d7b3c56c) Importer(2089858483,192608db42251d675da83286b1cce702)
Start importing Assets/Baker'sCorner/Ingredient/CookieSheet/PumpkinCookiesTray.prefab using Guid(93ae77ebd18de6f4394fc186d7b3c56c) Importer(2089858483,192608db42251d675da83286b1cce702) (ScriptedImporter) -> (artifact id: 'e0176c0d1f3531898111e6d6c49c23d8') in 0.0187525 seconds
Number of updated asset objects reloaded before import = 0Number of asset objects unloaded after import = 36

========================================================================
Received Import Request.
  Time since last request: 0.982420 seconds.
  path: Assets/Baker'sCorner/Ingredient/CookieSheet/PumpkinCookiesTray.prefab
  artifactKey: Guid(93ae77ebd18de6f4394fc186d7b3c56c) Importer(815301076,1909f56bfc062723c751e8b465ee728b)
Start importing Assets/Baker'sCorner/Ingredient/CookieSheet/PumpkinCookiesTray.prefab using Guid(93ae77ebd18de6f4394fc186d7b3c56c) Importer(815301076,1909f56bfc062723c751e8b465ee728b) (PreviewImporter) -> (artifact id: '90dbfab09fd6adc3dc3ff6be5619c2e7') in 0.191451 seconds
Number of updated asset objects reloaded before import = 0Number of asset objects unloaded after import = 43

========================================================================
Received Import Request.
  Time since last request: 0.745015 seconds.
  path: Assets/Baker'sCorner/Ingredient/CookieSheet/PumpkinCookiesTray.prefab
  artifactKey: Guid(93ae77ebd18de6f4394fc186d7b3c56c) Importer(2089858483,192608db42251d675da83286b1cce702)
Start importing Assets/Baker'sCorner/Ingredient/CookieSheet/PumpkinCookiesTray.prefab using Guid(93ae77ebd18de6f4394fc186d7b3c56c) Importer(2089858483,192608db42251d675da83286b1cce702) (ScriptedImporter) -> (artifact id: '20ea29f051d5a1cee6c86687d8fac40e') in 0.0188096 seconds
Number of updated asset objects reloaded before import = 0Number of asset objects unloaded after import = 36

========================================================================
Received Import Request.
  Time since last request: 9.656797 seconds.
  path: Assets/Baker'sCorner/Ingredient/CookieSheet/PumpkinCookiesTray.prefab
  artifactKey: Guid(93ae77ebd18de6f4394fc186d7b3c56c) Importer(815301076,1909f56bfc062723c751e8b465ee728b)
Start importing Assets/Baker'sCorner/Ingredient/CookieSheet/PumpkinCookiesTray.prefab using Guid(93ae77ebd18de6f4394fc186d7b3c56c) Importer(815301076,1909f56bfc062723c751e8b465ee728b) (PreviewImporter) -> (artifact id: '53cbed2718c218b2099e3c182ebfd22b') in 0.183389 seconds
Number of updated asset objects reloaded before import = 0Number of asset objects unloaded after import = 43

========================================================================
Received Import Request.
  Time since last request: 0.748714 seconds.
  path: Assets/Baker'sCorner/Ingredient/CookieSheet/PumpkinCookiesTray.prefab
  artifactKey: Guid(93ae77ebd18de6f4394fc186d7b3c56c) Importer(2089858483,192608db42251d675da83286b1cce702)
Start importing Assets/Baker'sCorner/Ingredient/CookieSheet/PumpkinCookiesTray.prefab using Guid(93ae77ebd18de6f4394fc186d7b3c56c) Importer(2089858483,192608db42251d675da83286b1cce702) (ScriptedImporter) -> (artifact id: '2d551a863f7bfd2ca4226b7f3b2ad3e4') in 0.0205945 seconds
Number of updated asset objects reloaded before import = 0Number of asset objects unloaded after import = 36

========================================================================
Received Import Request.
  Time since last request: 3.101905 seconds.
  path: Assets/Baker'sCorner/Ingredient/CookieSheet/PumpkinCookiesTray.prefab
  artifactKey: Guid(93ae77ebd18de6f4394fc186d7b3c56c) Importer(815301076,1909f56bfc062723c751e8b465ee728b)
Start importing Assets/Baker'sCorner/Ingredient/CookieSheet/PumpkinCookiesTray.prefab using Guid(93ae77ebd18de6f4394fc186d7b3c56c) Importer(815301076,1909f56bfc062723c751e8b465ee728b) (PreviewImporter) -> (artifact id: '49ff4c294f74cda8535ed442855604f1') in 0.1931569 seconds
Number of updated asset objects reloaded before import = 0Number of asset objects unloaded after import = 43

========================================================================
Received Import Request.
  Time since last request: 0.743242 seconds.
  path: Assets/Baker'sCorner/Ingredient/CookieSheet/PumpkinCookiesTray.prefab
  artifactKey: Guid(93ae77ebd18de6f4394fc186d7b3c56c) Importer(2089858483,192608db42251d675da83286b1cce702)
Start importing Assets/Baker'sCorner/Ingredient/CookieSheet/PumpkinCookiesTray.prefab using Guid(93ae77ebd18de6f4394fc186d7b3c56c) Importer(2089858483,192608db42251d675da83286b1cce702) (ScriptedImporter) -> (artifact id: '82c77a04b36f08e8b069e2c8625de10e') in 0.0197614 seconds
Number of updated asset objects reloaded before import = 0Number of asset objects unloaded after import = 36

========================================================================
Received Import Request.
  Time since last request: 0.371637 seconds.
  path: Assets/Baker'sCorner/Ingredient/CookieSheet/PumpkinCookiesTray.prefab
  artifactKey: Guid(93ae77ebd18de6f4394fc186d7b3c56c) Importer(815301076,1909f56bfc062723c751e8b465ee728b)
Start importing Assets/Baker'sCorner/Ingredient/CookieSheet/PumpkinCookiesTray.prefab using Guid(93ae77ebd18de6f4394fc186d7b3c56c) Importer(815301076,1909f56bfc062723c751e8b465ee728b) (PreviewImporter) -> (artifact id: 'a7edef437b2527675a5b3d575246e8b7') in 0.1814188 seconds
Number of updated asset objects reloaded before import = 0Number of asset objects unloaded after import = 43

========================================================================
Received Import Request.
  Time since last request: 1.790190 seconds.
  path: Assets/Baker'sCorner/Ingredient/CookieSheet/PumpkinCookiesTray.prefab
  artifactKey: Guid(93ae77ebd18de6f4394fc186d7b3c56c) Importer(815301076,1909f56bfc062723c751e8b465ee728b)
Start importing Assets/Baker'sCorner/Ingredient/CookieSheet/PumpkinCookiesTray.prefab using Guid(93ae77ebd18de6f4394fc186d7b3c56c) Importer(815301076,1909f56bfc062723c751e8b465ee728b) (PreviewImporter) -> (artifact id: '84a3a03a52148d001bd69adf2f807495') in 0.1852824 seconds
Number of updated asset objects reloaded before import = 0Number of asset objects unloaded after import = 43

========================================================================
Received Import Request.
  Time since last request: 3.378449 seconds.
  path: Assets/Baker'sCorner/Ingredient/CookieSheet/PumpkinCookiesTray.prefab
  artifactKey: Guid(93ae77ebd18de6f4394fc186d7b3c56c) Importer(815301076,1909f56bfc062723c751e8b465ee728b)
Start importing Assets/Baker'sCorner/Ingredient/CookieSheet/PumpkinCookiesTray.prefab using Guid(93ae77ebd18de6f4394fc186d7b3c56c) Importer(815301076,1909f56bfc062723c751e8b465ee728b) (PreviewImporter) -> (artifact id: '8d180e681048b3754e54f7953d10d370') in 0.1761994 seconds
Number of updated asset objects reloaded before import = 0Number of asset objects unloaded after import = 43

========================================================================
Received Import Request.
  Time since last request: 3.002764 seconds.
  path: Assets/Baker'sCorner/Ingredient/CookieSheet/PumpkinCookiesTray.prefab
  artifactKey: Guid(93ae77ebd18de6f4394fc186d7b3c56c) Importer(815301076,1909f56bfc062723c751e8b465ee728b)
Start importing Assets/Baker'sCorner/Ingredient/CookieSheet/PumpkinCookiesTray.prefab using Guid(93ae77ebd18de6f4394fc186d7b3c56c) Importer(815301076,1909f56bfc062723c751e8b465ee728b) (PreviewImporter) -> (artifact id: '2f2be30545fedb78a39132975dbd3282') in 0.1794283 seconds
Number of updated asset objects reloaded before import = 0Number of asset objects unloaded after import = 43

========================================================================
Received Import Request.
  Time since last request: 0.576154 seconds.
  path: Assets/Baker'sCorner/Ingredient/CookieSheet/PumpkinCookiesTray.prefab
  artifactKey: Guid(93ae77ebd18de6f4394fc186d7b3c56c) Importer(2089858483,192608db42251d675da83286b1cce702)
Start importing Assets/Baker'sCorner/Ingredient/CookieSheet/PumpkinCookiesTray.prefab using Guid(93ae77ebd18de6f4394fc186d7b3c56c) Importer(2089858483,192608db42251d675da83286b1cce702) (ScriptedImporter) -> (artifact id: '46223b2d9c81782a0d28fe0f2366b803') in 0.0200928 seconds
Number of updated asset objects reloaded before import = 0Number of asset objects unloaded after import = 36

========================================================================
Received Import Request.
  Time since last request: 5.220851 seconds.
  path: Assets/Baker'sCorner/CookingItems/Ingredients/BakedPumpkinCookies.asset
  artifactKey: Guid(158a979529bed1542b38febfe06f6743) Importer(2089858483,192608db42251d675da83286b1cce702)
Start importing Assets/Baker'sCorner/CookingItems/Ingredients/BakedPumpkinCookies.asset using Guid(158a979529bed1542b38febfe06f6743) Importer(2089858483,192608db42251d675da83286b1cce702) (ScriptedImporter) -> (artifact id: 'f539dd448ccbcaf67c629169804d03db') in 0.0151172 seconds
Number of updated asset objects reloaded before import = 0Number of asset objects unloaded after import = 36

========================================================================
Received Import Request.
  Time since last request: 30.231005 seconds.
  path: Assets/TextMesh Pro/Examples & Extras/Prefabs/Text Popup.prefab
  artifactKey: Guid(b06f0e6c1dfa4356ac918da1bb32c603) Importer(815301076,1909f56bfc062723c751e8b465ee728b)
Start importing Assets/TextMesh Pro/Examples & Extras/Prefabs/Text Popup.prefab using Guid(b06f0e6c1dfa4356ac918da1bb32c603) Importer(815301076,1909f56bfc062723c751e8b465ee728b) (PreviewImporter) -> (artifact id: '91984ef4d9691122bfb9b1f98227682b') in 0.0190135 seconds
Number of updated asset objects reloaded before import = 0Number of asset objects unloaded after import = 21

========================================================================
Received Import Request.
  Time since last request: 2.003547 seconds.
  path: Assets/Halloween Pumpkin/Sample Scene/Prefabs/Pumpkin_01.prefab
  artifactKey: Guid(c5fec8b4fedf6804bad76e85cd41cc95) Importer(815301076,1909f56bfc062723c751e8b465ee728b)
Start importing Assets/Halloween Pumpkin/Sample Scene/Prefabs/Pumpkin_01.prefab using Guid(c5fec8b4fedf6804bad76e85cd41cc95) Importer(815301076,1909f56bfc062723c751e8b465ee728b) (PreviewImporter) -> (artifact id: '2939c0486445e3daf456d9f15d4c603e') in 0.5255692 seconds
Number of updated asset objects reloaded before import = 0Number of asset objects unloaded after import = 13

========================================================================
Received Import Request.
  Time since last request: 11.745858 seconds.
  path: Assets/Scenes/Tutorial.unity
  artifactKey: Guid(1ce37332accbb4b4d83b66de126d5d53) Importer(2089858483,192608db42251d675da83286b1cce702)
Start importing Assets/Scenes/Tutorial.unity using Guid(1ce37332accbb4b4d83b66de126d5d53) Importer(2089858483,192608db42251d675da83286b1cce702) (ScriptedImporter) -> (artifact id: '1d0e285a1da0d8b25d742019bd726274') in 0.0157635 seconds
Number of updated asset objects reloaded before import = 0Number of asset objects unloaded after import = 1

========================================================================
Received Import Request.
  Time since last request: 578.536711 seconds.
  path: Assets/Scenes/Tutorial.unity
  artifactKey: Guid(1ce37332accbb4b4d83b66de126d5d53) Importer(2089858483,192608db42251d675da83286b1cce702)
Start importing Assets/Scenes/Tutorial.unity using Guid(1ce37332accbb4b4d83b66de126d5d53) Importer(2089858483,192608db42251d675da83286b1cce702) (ScriptedImporter) -> (artifact id: 'e308c12f5c113e1483e55bcdacb32b61') in 0.0153132 seconds
Number of updated asset objects reloaded before import = 0Number of asset objects unloaded after import = 1

========================================================================
Received Prepare
[Licensing::Client] Successfully resolved entitlement details
Begin MonoManager ReloadAssembly
[Licensing::Client] Successfully resolved entitlement details
- Loaded All Assemblies, in  0.659 seconds
Refreshing native plugins compatible for Editor in 7.60 ms, found 10 plugins.
Assertion failed on expression: 'pred(*previous, *i)'
Assertion failed on expression: 'pred(*previous, *i)'
Assertion failed on expression: 'pred(*previous, *i)'
Native extension for Android target not found
Native extension for UWP target not found
Native extension for WindowsStandalone target not found
[Package Manager] Failed to launch server process. Reason: Unity was launched with the -noUpm command-line argument
[Package Manager] Unable to send message (not connected to server process).
[Package Manager] Cannot connect to Unity Package Manager local server
The project currently uses the compatibility mode where the Render Graph API is disabled. Support for this mode will be removed in future Unity versions. Migrate existing ScriptableRenderPasses to the new RenderGraph API. After the migration, disable the compatibility mode in Edit > Projects Settings > Graphics > Render Graph.
UnityEngine.Debug:ExtractStackTraceNoAlloc (byte*,int,string)
UnityEngine.StackTraceUtility:ExtractStackTrace ()
UnityEngine.DebugLogHandler:Internal_Log (UnityEngine.LogType,UnityEngine.LogOption,string,UnityEngine.Object)
UnityEngine.DebugLogHandler:LogFormat (UnityEngine.LogType,UnityEngine.Object,string,object[])
UnityEngine.Logger:Log (UnityEngine.LogType,object)
UnityEngine.Debug:LogWarning (object)
UnityEngine.Rendering.Universal.WarnUsingNonRenderGraph:EmitConsoleWarning () (at ./Library/PackageCache/com.unity.render-pipelines.universal@1e1527b3a17b/Runtime/Data/UniversalRenderPipelineAsset.cs:432)
System.Reflection.RuntimeMethodInfo:Invoke (object,System.Reflection.BindingFlags,System.Reflection.Binder,object[],System.Globalization.CultureInfo)
System.Reflection.MethodBase:Invoke (object,object[])
UnityEditor.EditorAssemblies:ProcessInitializeOnLoadMethodAttributes ()

(Filename: ./Library/PackageCache/com.unity.render-pipelines.universal@1e1527b3a17b/Runtime/Data/UniversalRenderPipelineAsset.cs Line: 432)

Mono: successfully reloaded assembly
[Package Manager] Failed to launch server process. Reason: Unity was launched with the -noUpm command-line argument
[Package Manager] Unable to send message (not connected to server process).
[Package Manager] Cannot connect to Unity Package Manager local server
- Finished resetting the current domain, in  0.618 seconds
Domain Reload Profiling: 1275ms
	BeginReloadAssembly (232ms)
		ExecutionOrderSort (0ms)
		DisableScriptedObjects (14ms)
		BackupInstance (0ms)
		ReleaseScriptingObjects (0ms)
		CreateAndSetChildDomain (86ms)
	RebuildCommonClasses (29ms)
	RebuildNativeTypeToScriptingClass (12ms)
	initialDomainReloadingComplete (27ms)
	LoadAllAssembliesAndSetupDomain (358ms)
		LoadAssemblies (296ms)
		RebuildTransferFunctionScriptingTraits (0ms)
		AnalyzeDomain (140ms)
			TypeCache.Refresh (4ms)
				TypeCache.ScanAssembly (0ms)
			BuildScriptInfoCaches (123ms)
			ResolveRequiredComponents (9ms)
	FinalizeReload (618ms)
		ReleaseScriptCaches (0ms)
		RebuildScriptCaches (0ms)
		SetupLoadedEditorAssemblies (483ms)
			LogAssemblyErrors (0ms)
			InitializePlatformSupportModulesInManaged (8ms)
			SetLoadedEditorAssemblies (2ms)
			BeforeProcessingInitializeOnLoad (90ms)
			ProcessInitializeOnLoadAttributes (294ms)
			ProcessInitializeOnLoadMethodAttributes (83ms)
			AfterProcessingInitializeOnLoad (5ms)
			EditorAssembliesLoaded (0ms)
		ExecutionOrderSort2 (0ms)
		AwakeInstancesAfterBackupRestoration (10ms)
Refreshing native plugins compatible for Editor in 9.19 ms, found 10 plugins.
Preloading 1 native plugins for Editor in 0.08 ms.
Unloading 14 Unused Serialized files (Serialized files now loaded: 0)
Unloading 7247 unused Assets / (3.9 MB). Loaded Objects now: 8028.
Memory consumption went from 156.2 MB to 152.2 MB.
Total: 7.474900 ms (FindLiveObjects: 0.672800 ms CreateObjectMapping: 0.332600 ms MarkObjects: 4.224400 ms  DeleteObjects: 2.244200 ms)

Prepare: number of updated asset objects reloaded= 0
========================================================================
Received Import Request.
  Time since last request: 84.484128 seconds.
  path: Assets/Baker'sCorner/CookingItems/Recipes/PumpkinCookies.asset
  artifactKey: Guid(6f96c6daf7c382c40921599b14cb6ad2) Importer(815301076,1909f56bfc062723c751e8b465ee728b)
Start importing Assets/Baker'sCorner/CookingItems/Recipes/PumpkinCookies.asset using Guid(6f96c6daf7c382c40921599b14cb6ad2) Importer(815301076,1909f56bfc062723c751e8b465ee728b) (PreviewImporter) -> (artifact id: '5abca48ee136a82d57be6f72f6114d30') in 0.0248244 seconds
Number of updated asset objects reloaded before import = 0Number of asset objects unloaded after import = 162

========================================================================
Received Prepare
[Licensing::Client] Successfully resolved entitlement details
Begin MonoManager ReloadAssembly
[Licensing::Client] Successfully resolved entitlement details
- Loaded All Assemblies, in  0.617 seconds
Refreshing native plugins compatible for Editor in 9.21 ms, found 10 plugins.
Assertion failed on expression: 'pred(*previous, *i)'
Assertion failed on expression: 'pred(*previous, *i)'
Assertion failed on expression: 'pred(*previous, *i)'
Native extension for Android target not found
Native extension for UWP target not found
Native extension for WindowsStandalone target not found
[Package Manager] Failed to launch server process. Reason: Unity was launched with the -noUpm command-line argument
[Package Manager] Unable to send message (not connected to server process).
[Package Manager] Cannot connect to Unity Package Manager local server
The project currently uses the compatibility mode where the Render Graph API is disabled. Support for this mode will be removed in future Unity versions. Migrate existing ScriptableRenderPasses to the new RenderGraph API. After the migration, disable the compatibility mode in Edit > Projects Settings > Graphics > Render Graph.
UnityEngine.Debug:ExtractStackTraceNoAlloc (byte*,int,string)
UnityEngine.StackTraceUtility:ExtractStackTrace ()
UnityEngine.DebugLogHandler:Internal_Log (UnityEngine.LogType,UnityEngine.LogOption,string,UnityEngine.Object)
UnityEngine.DebugLogHandler:LogFormat (UnityEngine.LogType,UnityEngine.Object,string,object[])
UnityEngine.Logger:Log (UnityEngine.LogType,object)
UnityEngine.Debug:LogWarning (object)
UnityEngine.Rendering.Universal.WarnUsingNonRenderGraph:EmitConsoleWarning () (at ./Library/PackageCache/com.unity.render-pipelines.universal@1e1527b3a17b/Runtime/Data/UniversalRenderPipelineAsset.cs:432)
System.Reflection.RuntimeMethodInfo:Invoke (object,System.Reflection.BindingFlags,System.Reflection.Binder,object[],System.Globalization.CultureInfo)
System.Reflection.MethodBase:Invoke (object,object[])
UnityEditor.EditorAssemblies:ProcessInitializeOnLoadMethodAttributes ()

(Filename: ./Library/PackageCache/com.unity.render-pipelines.universal@1e1527b3a17b/Runtime/Data/UniversalRenderPipelineAsset.cs Line: 432)

Mono: successfully reloaded assembly
[Package Manager] Failed to launch server process. Reason: Unity was launched with the -noUpm command-line argument
[Package Manager] Unable to send message (not connected to server process).
[Package Manager] Cannot connect to Unity Package Manager local server
- Finished resetting the current domain, in  0.622 seconds
Domain Reload Profiling: 1237ms
	BeginReloadAssembly (181ms)
		ExecutionOrderSort (0ms)
		DisableScriptedObjects (4ms)
		BackupInstance (0ms)
		ReleaseScriptingObjects (0ms)
		CreateAndSetChildDomain (48ms)
	RebuildCommonClasses (26ms)
	RebuildNativeTypeToScriptingClass (9ms)
	initialDomainReloadingComplete (22ms)
	LoadAllAssembliesAndSetupDomain (378ms)
		LoadAssemblies (301ms)
		RebuildTransferFunctionScriptingTraits (0ms)
		AnalyzeDomain (154ms)
			TypeCache.Refresh (5ms)
				TypeCache.ScanAssembly (0ms)
			BuildScriptInfoCaches (136ms)
			ResolveRequiredComponents (9ms)
	FinalizeReload (622ms)
		ReleaseScriptCaches (0ms)
		RebuildScriptCaches (0ms)
		SetupLoadedEditorAssemblies (497ms)
			LogAssemblyErrors (0ms)
			InitializePlatformSupportModulesInManaged (9ms)
			SetLoadedEditorAssemblies (2ms)
			BeforeProcessingInitializeOnLoad (92ms)
			ProcessInitializeOnLoadAttributes (298ms)
			ProcessInitializeOnLoadMethodAttributes (90ms)
			AfterProcessingInitializeOnLoad (4ms)
			EditorAssembliesLoaded (0ms)
		ExecutionOrderSort2 (0ms)
		AwakeInstancesAfterBackupRestoration (11ms)
Refreshing native plugins compatible for Editor in 8.66 ms, found 10 plugins.
Preloading 1 native plugins for Editor in 0.06 ms.
Unloading 14 Unused Serialized files (Serialized files now loaded: 0)
Unloading 7245 unused Assets / (4.1 MB). Loaded Objects now: 8030.
Memory consumption went from 156.1 MB to 152.0 MB.
Total: 7.635000 ms (FindLiveObjects: 0.814000 ms CreateObjectMapping: 0.428600 ms MarkObjects: 4.651100 ms  DeleteObjects: 1.740500 ms)

Prepare: number of updated asset objects reloaded= 0
========================================================================
Received Import Request.
  Time since last request: 2810.283853 seconds.
  path: Assets/Baker'sCorner/CookingItems/Ingredients/BakedPumpkinCookies.asset
  artifactKey: Guid(158a979529bed1542b38febfe06f6743) Importer(815301076,1909f56bfc062723c751e8b465ee728b)
Start importing Assets/Baker'sCorner/CookingItems/Ingredients/BakedPumpkinCookies.asset using Guid(158a979529bed1542b38febfe06f6743) Importer(815301076,1909f56bfc062723c751e8b465ee728b) (PreviewImporter) -> (artifact id: '7fa4ad6766ff93a69aaa7c7de41a9e43') in 0.0285683 seconds
Number of updated asset objects reloaded before import = 0Number of asset objects unloaded after import = 36

========================================================================
Received Import Request.
  Time since last request: 46.490120 seconds.
  path: Assets/Scenes/Tutorial.unity
  artifactKey: Guid(1ce37332accbb4b4d83b66de126d5d53) Importer(2089858483,192608db42251d675da83286b1cce702)
Start importing Assets/Scenes/Tutorial.unity using Guid(1ce37332accbb4b4d83b66de126d5d53) Importer(2089858483,192608db42251d675da83286b1cce702) (ScriptedImporter) -> (artifact id: '57b45ca3f414b189b3fdec2f748ed8bc') in 0.1176858 seconds
Number of updated asset objects reloaded before import = 0Number of asset objects unloaded after import = 1

========================================================================
Received Import Request.
  Time since last request: 16.845364 seconds.
  path: Assets/Scenes/Tutorial.unity
  artifactKey: Guid(1ce37332accbb4b4d83b66de126d5d53) Importer(2089858483,192608db42251d675da83286b1cce702)
Start importing Assets/Scenes/Tutorial.unity using Guid(1ce37332accbb4b4d83b66de126d5d53) Importer(2089858483,192608db42251d675da83286b1cce702) (ScriptedImporter) -> (artifact id: '1fd880593a011b600486f6bb1656ad23') in 0.0162933 seconds
Number of updated asset objects reloaded before import = 0Number of asset objects unloaded after import = 1

========================================================================
Received Import Request.
  Time since last request: 13.268230 seconds.
  path: Assets/polyperfect/Poly Halloween/Prefabs/Modular Parts/Fences/Wall_Graveyard_End.prefab
  artifactKey: Guid(6aeb785d1cb7b554d95439d19f61fe4d) Importer(815301076,1909f56bfc062723c751e8b465ee728b)
Start importing Assets/polyperfect/Poly Halloween/Prefabs/Modular Parts/Fences/Wall_Graveyard_End.prefab using Guid(6aeb785d1cb7b554d95439d19f61fe4d) Importer(815301076,1909f56bfc062723c751e8b465ee728b) (PreviewImporter) -> (artifact id: '4107947617b74223e0e0a12422ea0585') in 0.3016122 seconds
Number of updated asset objects reloaded before import = 0Number of asset objects unloaded after import = 12

========================================================================
Received Import Request.
  Time since last request: 0.000025 seconds.
  path: Assets/polyperfect/Poly Halloween/Prefabs/Modular Parts/Fences/Wall_Graveyard_1m_Corner.prefab
  artifactKey: Guid(8032b61f51e3ff342ad0e9db0738f8be) Importer(815301076,1909f56bfc062723c751e8b465ee728b)
Start importing Assets/polyperfect/Poly Halloween/Prefabs/Modular Parts/Fences/Wall_Graveyard_1m_Corner.prefab using Guid(8032b61f51e3ff342ad0e9db0738f8be) Importer(815301076,1909f56bfc062723c751e8b465ee728b) (PreviewImporter) -> (artifact id: 'e8cc8772cdccddd6390cb351c6e569a0') in 0.1097382 seconds
Number of updated asset objects reloaded before import = 0Number of asset objects unloaded after import = 12

========================================================================
Received Import Request.
  Time since last request: 0.000036 seconds.
  path: Assets/_Course Library/Source Files/Models/VR_Reticle_2_A.fbx
  artifactKey: Guid(b277dae6d3c4d774d954c70940701b62) Importer(815301076,1909f56bfc062723c751e8b465ee728b)
Start importing Assets/_Course Library/Source Files/Models/VR_Reticle_2_A.fbx using Guid(b277dae6d3c4d774d954c70940701b62) Importer(815301076,1909f56bfc062723c751e8b465ee728b) (PreviewImporter) -> (artifact id: '5c69c45b86df6e687cbc5517ba1862d1') in 0.0559713 seconds
Number of updated asset objects reloaded before import = 0Number of asset objects unloaded after import = 8

========================================================================
Received Import Request.
  Time since last request: 0.000028 seconds.
  path: Assets/polyperfect/Poly Halloween/Prefabs/Modular Parts/Fences/Wall_Graveyard_3m.prefab
  artifactKey: Guid(cec545ae7bcbbd64fa91a5e881fef7d0) Importer(815301076,1909f56bfc062723c751e8b465ee728b)
Start importing Assets/polyperfect/Poly Halloween/Prefabs/Modular Parts/Fences/Wall_Graveyard_3m.prefab using Guid(cec545ae7bcbbd64fa91a5e881fef7d0) Importer(815301076,1909f56bfc062723c751e8b465ee728b) (PreviewImporter) -> (artifact id: '8e7e0c8943bbba09beeac714bca52bd7') in 0.1052526 seconds
Number of updated asset objects reloaded before import = 0Number of asset objects unloaded after import = 12

========================================================================
Received Import Request.
  Time since last request: 0.000036 seconds.
  path: Assets/_Course Library/Source Files/Models/VR_Hand_Yellow.FBX
  artifactKey: Guid(f35cb61652fd6b14ab1932357338e065) Importer(815301076,1909f56bfc062723c751e8b465ee728b)
Start importing Assets/_Course Library/Source Files/Models/VR_Hand_Yellow.FBX using Guid(f35cb61652fd6b14ab1932357338e065) Importer(815301076,1909f56bfc062723c751e8b465ee728b) (PreviewImporter) -> (artifact id: 'cdd47d1adc0698bd22b3b8d54fec9e18') in 0.0229912 seconds
Number of updated asset objects reloaded before import = 0Number of asset objects unloaded after import = 9

========================================================================
Received Import Request.
  Time since last request: 1.235926 seconds.
  path: Assets/_Course Library/_Prefabs/Rooms/Room_Components/Room_Modern/Room_Modern_DoorPanel.prefab
  artifactKey: Guid(375da8085929244faacb2c52d36b323d) Importer(815301076,1909f56bfc062723c751e8b465ee728b)
Start importing Assets/_Course Library/_Prefabs/Rooms/Room_Components/Room_Modern/Room_Modern_DoorPanel.prefab using Guid(375da8085929244faacb2c52d36b323d) Importer(815301076,1909f56bfc062723c751e8b465ee728b) (PreviewImporter) -> (artifact id: '353dbfef8e8e3e13636348bd1c132ef8') in 0.020384 seconds
Number of updated asset objects reloaded before import = 0Number of asset objects unloaded after import = 12

========================================================================
Received Import Request.
  Time since last request: 0.000019 seconds.
  path: Assets/_Course Library/Source Files/Models/RoomModern_Models/Room_Modern_WindowPanel.fbx
  artifactKey: Guid(2778dad60f753d44094bdd4e836725df) Importer(815301076,1909f56bfc062723c751e8b465ee728b)
Start importing Assets/_Course Library/Source Files/Models/RoomModern_Models/Room_Modern_WindowPanel.fbx using Guid(2778dad60f753d44094bdd4e836725df) Importer(815301076,1909f56bfc062723c751e8b465ee728b) (PreviewImporter) -> (artifact id: 'dd66490df5e228a4d14ab31e32514d6f') in 0.0160706 seconds
Number of updated asset objects reloaded before import = 0Number of asset objects unloaded after import = 8

========================================================================
Received Import Request.
  Time since last request: 0.000019 seconds.
  path: Assets/_Course Library/Source Files/Models/RoomRustic_Models/Room_Rustic_WindowPanel.fbx
  artifactKey: Guid(8afa789948e44e749ac067c2f82bf4a7) Importer(815301076,1909f56bfc062723c751e8b465ee728b)
Start importing Assets/_Course Library/Source Files/Models/RoomRustic_Models/Room_Rustic_WindowPanel.fbx using Guid(8afa789948e44e749ac067c2f82bf4a7) Importer(815301076,1909f56bfc062723c751e8b465ee728b) (PreviewImporter) -> (artifact id: '1ef49f7fa20a6062f9e8fd6f9f42a2bf') in 0.0200802 seconds
Number of updated asset objects reloaded before import = 0Number of asset objects unloaded after import = 8

========================================================================
Received Import Request.
  Time since last request: 0.000021 seconds.
  path: Assets/_Course Library/_Prefabs/Rooms/Room_Components/Room_Traditional/Room_Traditional_WindowPanel.prefab
  artifactKey: Guid(bf67c7034bcc14a1c8c0f0d889e29981) Importer(815301076,1909f56bfc062723c751e8b465ee728b)
Start importing Assets/_Course Library/_Prefabs/Rooms/Room_Components/Room_Traditional/Room_Traditional_WindowPanel.prefab using Guid(bf67c7034bcc14a1c8c0f0d889e29981) Importer(815301076,1909f56bfc062723c751e8b465ee728b) (PreviewImporter) -> (artifact id: 'e1913e086fe5f65783330e624b57cd3f') in 0.015074 seconds
Number of updated asset objects reloaded before import = 0Number of asset objects unloaded after import = 19

========================================================================
Received Import Request.
  Time since last request: 0.000022 seconds.
  path: Assets/_Course Library/_Prefabs/Rooms/Room_Components/Room_Rustic/Room_Rustic_Panel.prefab
  artifactKey: Guid(19cbdbef6702d496cb3966b2e101f29c) Importer(815301076,1909f56bfc062723c751e8b465ee728b)
Start importing Assets/_Course Library/_Prefabs/Rooms/Room_Components/Room_Rustic/Room_Rustic_Panel.prefab using Guid(19cbdbef6702d496cb3966b2e101f29c) Importer(815301076,1909f56bfc062723c751e8b465ee728b) (PreviewImporter) -> (artifact id: '1d56ec16ca47d89b3e8a4581ac89518b') in 0.0153531 seconds
Number of updated asset objects reloaded before import = 0Number of asset objects unloaded after import = 13

========================================================================
Received Import Request.
  Time since last request: 0.000029 seconds.
  path: Assets/_Course Library/_Prefabs/Rooms/Room_Components/Room_Traditional/Room_Traditional_Panel.prefab
  artifactKey: Guid(8f82d5b62133a4e829ef517a4af818b3) Importer(815301076,1909f56bfc062723c751e8b465ee728b)
Start importing Assets/_Course Library/_Prefabs/Rooms/Room_Components/Room_Traditional/Room_Traditional_Panel.prefab using Guid(8f82d5b62133a4e829ef517a4af818b3) Importer(815301076,1909f56bfc062723c751e8b465ee728b) (PreviewImporter) -> (artifact id: '7c14521f928263e34c6424efadcc66a2') in 0.0152544 seconds
Number of updated asset objects reloaded before import = 0Number of asset objects unloaded after import = 12

========================================================================
Received Import Request.
  Time since last request: 0.000020 seconds.
  path: Assets/_Course Library/_Prefabs/Rooms/Room_Components/Room_Traditional/Room_Traditional_DoorPanel.prefab
  artifactKey: Guid(eb2634bc080f541a6815f1b96da5bdfa) Importer(815301076,1909f56bfc062723c751e8b465ee728b)
Start importing Assets/_Course Library/_Prefabs/Rooms/Room_Components/Room_Traditional/Room_Traditional_DoorPanel.prefab using Guid(eb2634bc080f541a6815f1b96da5bdfa) Importer(815301076,1909f56bfc062723c751e8b465ee728b) (PreviewImporter) -> (artifact id: '2b5219c13350ab27ea80ac9caf236b5d') in 0.0157233 seconds
Number of updated asset objects reloaded before import = 0Number of asset objects unloaded after import = 17

========================================================================
Received Import Request.
  Time since last request: 0.000021 seconds.
  path: Assets/_Course Library/_Prefabs/Rooms/Room_Components/Room_Rustic/Room_Rustic_DoorPanel.prefab
  artifactKey: Guid(5abfc42e15c9547b18d17506d115bb9f) Importer(815301076,1909f56bfc062723c751e8b465ee728b)
Start importing Assets/_Course Library/_Prefabs/Rooms/Room_Components/Room_Rustic/Room_Rustic_DoorPanel.prefab using Guid(5abfc42e15c9547b18d17506d115bb9f) Importer(815301076,1909f56bfc062723c751e8b465ee728b) (PreviewImporter) -> (artifact id: 'add671a565f93f5a3699993219d30070') in 0.0159174 seconds
Number of updated asset objects reloaded before import = 0Number of asset objects unloaded after import = 18

========================================================================
Received Import Request.
  Time since last request: 0.000022 seconds.
  path: Assets/_Course Library/_Prefabs/Rooms/Room_Components/Room_Rustic/Room_Rustic_WindowPanel.prefab
  artifactKey: Guid(c004ccfcbe2704a8a8a1f303c488377b) Importer(815301076,1909f56bfc062723c751e8b465ee728b)
Start importing Assets/_Course Library/_Prefabs/Rooms/Room_Components/Room_Rustic/Room_Rustic_WindowPanel.prefab using Guid(c004ccfcbe2704a8a8a1f303c488377b) Importer(815301076,1909f56bfc062723c751e8b465ee728b) (PreviewImporter) -> (artifact id: 'cb7a6a1ab71bcab8179f5b8e3fbfb241') in 0.0145255 seconds
Number of updated asset objects reloaded before import = 0Number of asset objects unloaded after import = 17

========================================================================
Received Import Request.
  Time since last request: 0.363027 seconds.
  path: Assets/_Course Library/Source Files/Models/RoomModern_Models/Room_Modern_DoorPanel.fbx
  artifactKey: Guid(06fa93e6873e8c44fbd668b15d71fb14) Importer(815301076,1909f56bfc062723c751e8b465ee728b)
Start importing Assets/_Course Library/Source Files/Models/RoomModern_Models/Room_Modern_DoorPanel.fbx using Guid(06fa93e6873e8c44fbd668b15d71fb14) Importer(815301076,1909f56bfc062723c751e8b465ee728b) (PreviewImporter) -> (artifact id: '4a95117d4aa9426f6d30e59ed3003cd9') in 0.0190975 seconds
Number of updated asset objects reloaded before import = 0Number of asset objects unloaded after import = 8

========================================================================
Received Import Request.
  Time since last request: 32.526244 seconds.
  path: Assets/Scenes/Tutorial.unity
  artifactKey: Guid(1ce37332accbb4b4d83b66de126d5d53) Importer(2089858483,192608db42251d675da83286b1cce702)
Start importing Assets/Scenes/Tutorial.unity using Guid(1ce37332accbb4b4d83b66de126d5d53) Importer(2089858483,192608db42251d675da83286b1cce702) (ScriptedImporter) -> (artifact id: '2928c956e424931257cc5ff4014e6580') in 0.0167489 seconds
Number of updated asset objects reloaded before import = 0Number of asset objects unloaded after import = 1

========================================================================
Received Prepare
[Licensing::Client] Successfully resolved entitlement details
Begin MonoManager ReloadAssembly
[Licensing::Client] Successfully resolved entitlement details
- Loaded All Assemblies, in  0.705 seconds
Refreshing native plugins compatible for Editor in 9.39 ms, found 10 plugins.
Assertion failed on expression: 'pred(*previous, *i)'
Assertion failed on expression: 'pred(*previous, *i)'
Assertion failed on expression: 'pred(*previous, *i)'
Native extension for Android target not found
Native extension for UWP target not found
Native extension for WindowsStandalone target not found
[Package Manager] Failed to launch server process. Reason: Unity was launched with the -noUpm command-line argument
[Package Manager] Unable to send message (not connected to server process).
[Package Manager] Cannot connect to Unity Package Manager local server
The project currently uses the compatibility mode where the Render Graph API is disabled. Support for this mode will be removed in future Unity versions. Migrate existing ScriptableRenderPasses to the new RenderGraph API. After the migration, disable the compatibility mode in Edit > Projects Settings > Graphics > Render Graph.
UnityEngine.Debug:ExtractStackTraceNoAlloc (byte*,int,string)
UnityEngine.StackTraceUtility:ExtractStackTrace ()
UnityEngine.DebugLogHandler:Internal_Log (UnityEngine.LogType,UnityEngine.LogOption,string,UnityEngine.Object)
UnityEngine.DebugLogHandler:LogFormat (UnityEngine.LogType,UnityEngine.Object,string,object[])
UnityEngine.Logger:Log (UnityEngine.LogType,object)
UnityEngine.Debug:LogWarning (object)
UnityEngine.Rendering.Universal.WarnUsingNonRenderGraph:EmitConsoleWarning () (at ./Library/PackageCache/com.unity.render-pipelines.universal@1e1527b3a17b/Runtime/Data/UniversalRenderPipelineAsset.cs:432)
System.Reflection.RuntimeMethodInfo:Invoke (object,System.Reflection.BindingFlags,System.Reflection.Binder,object[],System.Globalization.CultureInfo)
System.Reflection.MethodBase:Invoke (object,object[])
UnityEditor.EditorAssemblies:ProcessInitializeOnLoadMethodAttributes ()

(Filename: ./Library/PackageCache/com.unity.render-pipelines.universal@1e1527b3a17b/Runtime/Data/UniversalRenderPipelineAsset.cs Line: 432)

Mono: successfully reloaded assembly
[Package Manager] Failed to launch server process. Reason: Unity was launched with the -noUpm command-line argument
[Package Manager] Unable to send message (not connected to server process).
[Package Manager] Cannot connect to Unity Package Manager local server
- Finished resetting the current domain, in  0.735 seconds
Domain Reload Profiling: 1437ms
	BeginReloadAssembly (243ms)
		ExecutionOrderSort (0ms)
		DisableScriptedObjects (10ms)
		BackupInstance (0ms)
		ReleaseScriptingObjects (0ms)
		CreateAndSetChildDomain (83ms)
	RebuildCommonClasses (30ms)
	RebuildNativeTypeToScriptingClass (10ms)
	initialDomainReloadingComplete (25ms)
	LoadAllAssembliesAndSetupDomain (393ms)
		LoadAssemblies (330ms)
		RebuildTransferFunctionScriptingTraits (0ms)
		AnalyzeDomain (162ms)
			TypeCache.Refresh (5ms)
				TypeCache.ScanAssembly (0ms)
			BuildScriptInfoCaches (142ms)
			ResolveRequiredComponents (11ms)
	FinalizeReload (735ms)
		ReleaseScriptCaches (0ms)
		RebuildScriptCaches (0ms)
		SetupLoadedEditorAssemblies (593ms)
			LogAssemblyErrors (0ms)
			InitializePlatformSupportModulesInManaged (10ms)
			SetLoadedEditorAssemblies (2ms)
			BeforeProcessingInitializeOnLoad (118ms)
			ProcessInitializeOnLoadAttributes (357ms)
			ProcessInitializeOnLoadMethodAttributes (101ms)
			AfterProcessingInitializeOnLoad (6ms)
			EditorAssembliesLoaded (0ms)
		ExecutionOrderSort2 (0ms)
		AwakeInstancesAfterBackupRestoration (13ms)
Refreshing native plugins compatible for Editor in 8.27 ms, found 10 plugins.
Preloading 1 native plugins for Editor in 0.06 ms.
Unloading 14 Unused Serialized files (Serialized files now loaded: 0)
Unloading 7246 unused Assets / (4.4 MB). Loaded Objects now: 8088.
Memory consumption went from 156.7 MB to 152.2 MB.
Total: 8.484900 ms (FindLiveObjects: 0.908500 ms CreateObjectMapping: 0.928200 ms MarkObjects: 4.260600 ms  DeleteObjects: 2.386600 ms)

Prepare: number of updated asset objects reloaded= 0
========================================================================
Received Import Request.
  Time since last request: 312.007383 seconds.
  path: Assets/Baker'sCorner/Ingredient/CookieSheet/BakedCookies.prefab
  artifactKey: Guid(42c6742606ec9f94e9a7dc0d6763934f) Importer(815301076,1909f56bfc062723c751e8b465ee728b)
Start importing Assets/Baker'sCorner/Ingredient/CookieSheet/BakedCookies.prefab using Guid(42c6742606ec9f94e9a7dc0d6763934f) Importer(815301076,1909f56bfc062723c751e8b465ee728b) (PreviewImporter) -> (artifact id: 'cf8554ed5b695d4c773c0a697b97780d') in 0.3741364 seconds
Number of updated asset objects reloaded before import = 0Number of asset objects unloaded after import = 45

========================================================================
Received Import Request.
  Time since last request: 11.260154 seconds.
  path: Assets/Baker'sCorner/Ingredient/CookieSheet/BakedCookies.prefab
  artifactKey: Guid(42c6742606ec9f94e9a7dc0d6763934f) Importer(2089858483,192608db42251d675da83286b1cce702)
Start importing Assets/Baker'sCorner/Ingredient/CookieSheet/BakedCookies.prefab using Guid(42c6742606ec9f94e9a7dc0d6763934f) Importer(2089858483,192608db42251d675da83286b1cce702) (ScriptedImporter) -> (artifact id: 'f2acb0422ab235aa5231300761b38792') in 0.1612049 seconds
Number of updated asset objects reloaded before import = 0Number of asset objects unloaded after import = 38

========================================================================
Received Import Request.
  Time since last request: 3.828964 seconds.
  path: Assets/Baker'sCorner/CookingItems/Ingredients/BakedCookie.asset
  artifactKey: Guid(2d2a3fef52bb0834ea4c99d11cecaddf) Importer(815301076,1909f56bfc062723c751e8b465ee728b)
Start importing Assets/Baker'sCorner/CookingItems/Ingredients/BakedCookie.asset using Guid(2d2a3fef52bb0834ea4c99d11cecaddf) Importer(815301076,1909f56bfc062723c751e8b465ee728b) (PreviewImporter) -> (artifact id: 'a510e5c7e48242400dde8de428bfdd7c') in 0.0011058 seconds
Number of updated asset objects reloaded before import = 0Number of asset objects unloaded after import = 1

========================================================================
Received Import Request.
  Time since last request: 0.948907 seconds.
  path: Assets/Baker'sCorner/CookingItems/Ingredients/BakedCookie.asset
  artifactKey: Guid(2d2a3fef52bb0834ea4c99d11cecaddf) Importer(2089858483,192608db42251d675da83286b1cce702)
Start importing Assets/Baker'sCorner/CookingItems/Ingredients/BakedCookie.asset using Guid(2d2a3fef52bb0834ea4c99d11cecaddf) Importer(2089858483,192608db42251d675da83286b1cce702) (ScriptedImporter) -> (artifact id: '971730ff97757ac435ba082eff931feb') in 0.0125189 seconds
Number of updated asset objects reloaded before import = 0Number of asset objects unloaded after import = 1

========================================================================
Received Import Request.
  Time since last request: 11.569278 seconds.
  path: Assets/_Course Library/_Prefabs/Mirrors/BathMirror.prefab
  artifactKey: Guid(b9378aa524e3ca843aedb1cdfd8b675b) Importer(815301076,1909f56bfc062723c751e8b465ee728b)
Start importing Assets/_Course Library/_Prefabs/Mirrors/BathMirror.prefab using Guid(b9378aa524e3ca843aedb1cdfd8b675b) Importer(815301076,1909f56bfc062723c751e8b465ee728b) (PreviewImporter) -> (artifact id: '9c100625641bcf89143b6cf2269e0b86') in 0.0417424 seconds
Number of updated asset objects reloaded before import = 0Number of asset objects unloaded after import = 11

========================================================================
Received Import Request.
  Time since last request: 18.185901 seconds.
  path: Assets/Baker'sCorner/Ingredient/CookieSheet/BakedCookies.prefab
  artifactKey: Guid(42c6742606ec9f94e9a7dc0d6763934f) Importer(815301076,1909f56bfc062723c751e8b465ee728b)
Start importing Assets/Baker'sCorner/Ingredient/CookieSheet/BakedCookies.prefab using Guid(42c6742606ec9f94e9a7dc0d6763934f) Importer(815301076,1909f56bfc062723c751e8b465ee728b) (PreviewImporter) -> (artifact id: '0e514c9305c3794d97df1a112bdbe583') in 0.1744552 seconds
Number of updated asset objects reloaded before import = 0Number of asset objects unloaded after import = 46

========================================================================
Received Import Request.
  Time since last request: 0.751020 seconds.
  path: Assets/Baker'sCorner/Ingredient/CookieSheet/BakedCookies.prefab
  artifactKey: Guid(42c6742606ec9f94e9a7dc0d6763934f) Importer(2089858483,192608db42251d675da83286b1cce702)
Start importing Assets/Baker'sCorner/Ingredient/CookieSheet/BakedCookies.prefab using Guid(42c6742606ec9f94e9a7dc0d6763934f) Importer(2089858483,192608db42251d675da83286b1cce702) (ScriptedImporter) -> (artifact id: 'c780b0c9cd98407a10e02dadbf07f571') in 0.0218233 seconds
Number of updated asset objects reloaded before import = 0Number of asset objects unloaded after import = 39

========================================================================
Received Import Request.
  Time since last request: 15.030152 seconds.
  path: Assets/Baker'sCorner/Ingredient/CookieSheet/BakedCookies.prefab
  artifactKey: Guid(42c6742606ec9f94e9a7dc0d6763934f) Importer(815301076,1909f56bfc062723c751e8b465ee728b)
Start importing Assets/Baker'sCorner/Ingredient/CookieSheet/BakedCookies.prefab using Guid(42c6742606ec9f94e9a7dc0d6763934f) Importer(815301076,1909f56bfc062723c751e8b465ee728b) (PreviewImporter) -> (artifact id: 'bccfbed4a5d54dfa60f83f5932b0f961') in 0.1771651 seconds
Number of updated asset objects reloaded before import = 0Number of asset objects unloaded after import = 46

========================================================================
Received Import Request.
  Time since last request: 0.702547 seconds.
  path: Assets/Baker'sCorner/CookingItems/Ingredients/BakedCookie.asset
  artifactKey: Guid(2d2a3fef52bb0834ea4c99d11cecaddf) Importer(2089858483,192608db42251d675da83286b1cce702)
Start importing Assets/Baker'sCorner/CookingItems/Ingredients/BakedCookie.asset using Guid(2d2a3fef52bb0834ea4c99d11cecaddf) Importer(2089858483,192608db42251d675da83286b1cce702) (ScriptedImporter) -> (artifact id: '55f8cce651e3461445c4cbed682e7931') in 0.0173501 seconds
Number of updated asset objects reloaded before import = 0Number of asset objects unloaded after import = 37

========================================================================
Received Prepare
[Licensing::Client] Successfully resolved entitlement details
Begin MonoManager ReloadAssembly
[Licensing::Client] Successfully resolved entitlement details
- Loaded All Assemblies, in  0.623 seconds
Refreshing native plugins compatible for Editor in 8.68 ms, found 10 plugins.
Assertion failed on expression: 'pred(*previous, *i)'
Assertion failed on expression: 'pred(*previous, *i)'
Assertion failed on expression: 'pred(*previous, *i)'
Native extension for Android target not found
Native extension for UWP target not found
Native extension for WindowsStandalone target not found
[Package Manager] Failed to launch server process. Reason: Unity was launched with the -noUpm command-line argument
[Package Manager] Unable to send message (not connected to server process).
[Package Manager] Cannot connect to Unity Package Manager local server
The project currently uses the compatibility mode where the Render Graph API is disabled. Support for this mode will be removed in future Unity versions. Migrate existing ScriptableRenderPasses to the new RenderGraph API. After the migration, disable the compatibility mode in Edit > Projects Settings > Graphics > Render Graph.
UnityEngine.Debug:ExtractStackTraceNoAlloc (byte*,int,string)
UnityEngine.StackTraceUtility:ExtractStackTrace ()
UnityEngine.DebugLogHandler:Internal_Log (UnityEngine.LogType,UnityEngine.LogOption,string,UnityEngine.Object)
UnityEngine.DebugLogHandler:LogFormat (UnityEngine.LogType,UnityEngine.Object,string,object[])
UnityEngine.Logger:Log (UnityEngine.LogType,object)
UnityEngine.Debug:LogWarning (object)
UnityEngine.Rendering.Universal.WarnUsingNonRenderGraph:EmitConsoleWarning () (at ./Library/PackageCache/com.unity.render-pipelines.universal@1e1527b3a17b/Runtime/Data/UniversalRenderPipelineAsset.cs:432)
System.Reflection.RuntimeMethodInfo:Invoke (object,System.Reflection.BindingFlags,System.Reflection.Binder,object[],System.Globalization.CultureInfo)
System.Reflection.MethodBase:Invoke (object,object[])
UnityEditor.EditorAssemblies:ProcessInitializeOnLoadMethodAttributes ()

(Filename: ./Library/PackageCache/com.unity.render-pipelines.universal@1e1527b3a17b/Runtime/Data/UniversalRenderPipelineAsset.cs Line: 432)

Mono: successfully reloaded assembly
[Package Manager] Failed to launch server process. Reason: Unity was launched with the -noUpm command-line argument
[Package Manager] Unable to send message (not connected to server process).
[Package Manager] Cannot connect to Unity Package Manager local server
- Finished resetting the current domain, in  0.606 seconds
Domain Reload Profiling: 1228ms
	BeginReloadAssembly (227ms)
		ExecutionOrderSort (0ms)
		DisableScriptedObjects (12ms)
		BackupInstance (0ms)
		ReleaseScriptingObjects (0ms)
		CreateAndSetChildDomain (82ms)
	RebuildCommonClasses (24ms)
	RebuildNativeTypeToScriptingClass (9ms)
	initialDomainReloadingComplete (22ms)
	LoadAllAssembliesAndSetupDomain (340ms)
		LoadAssemblies (279ms)
		RebuildTransferFunctionScriptingTraits (0ms)
		AnalyzeDomain (141ms)
			TypeCache.Refresh (6ms)
				TypeCache.ScanAssembly (0ms)
			BuildScriptInfoCaches (122ms)
			ResolveRequiredComponents (9ms)
	FinalizeReload (606ms)
		ReleaseScriptCaches (0ms)
		RebuildScriptCaches (0ms)
		SetupLoadedEditorAssemblies (478ms)
			LogAssemblyErrors (0ms)
			InitializePlatformSupportModulesInManaged (8ms)
			SetLoadedEditorAssemblies (2ms)
			BeforeProcessingInitializeOnLoad (88ms)
			ProcessInitializeOnLoadAttributes (289ms)
			ProcessInitializeOnLoadMethodAttributes (85ms)
			AfterProcessingInitializeOnLoad (5ms)
			EditorAssembliesLoaded (1ms)
		ExecutionOrderSort2 (0ms)
		AwakeInstancesAfterBackupRestoration (11ms)
Refreshing native plugins compatible for Editor in 8.42 ms, found 10 plugins.
Preloading 1 native plugins for Editor in 0.06 ms.
Unloading 14 Unused Serialized files (Serialized files now loaded: 0)
Unloading 7246 unused Assets / (4.6 MB). Loaded Objects now: 8110.
Memory consumption went from 156.7 MB to 152.2 MB.
Total: 8.721300 ms (FindLiveObjects: 0.821400 ms CreateObjectMapping: 1.132400 ms MarkObjects: 4.634900 ms  DeleteObjects: 2.131900 ms)

Prepare: number of updated asset objects reloaded= 0
========================================================================
Received Import Request.
  Time since last request: 315.321129 seconds.
  path: Assets/_Course Library/_Prefabs/Seating/Chair_Modern_Black.prefab
  artifactKey: Guid(7b3726eaddf29ab41b207a350a3905cb) Importer(815301076,1909f56bfc062723c751e8b465ee728b)
Start importing Assets/_Course Library/_Prefabs/Seating/Chair_Modern_Black.prefab using Guid(7b3726eaddf29ab41b207a350a3905cb) Importer(815301076,1909f56bfc062723c751e8b465ee728b) (PreviewImporter) -> (artifact id: 'da43959eafcdf8551c9675fbf3491896') in 0.2361476 seconds
Number of updated asset objects reloaded before import = 0Number of asset objects unloaded after import = 27

========================================================================
Received Import Request.
  Time since last request: 0.000025 seconds.
  path: Assets/_Course Library/_Prefabs/Seating/Couch_Rustic_Purple.prefab
  artifactKey: Guid(b70d9d61de2878e4aaba4d25b4a4822d) Importer(815301076,1909f56bfc062723c751e8b465ee728b)
Start importing Assets/_Course Library/_Prefabs/Seating/Couch_Rustic_Purple.prefab using Guid(b70d9d61de2878e4aaba4d25b4a4822d) Importer(815301076,1909f56bfc062723c751e8b465ee728b) (PreviewImporter) -> (artifact id: 'ccd12047d7d2e5d9cbb061ea6ca51059') in 0.0238508 seconds
Number of updated asset objects reloaded before import = 0Number of asset objects unloaded after import = 33

========================================================================
Received Import Request.
  Time since last request: 0.000030 seconds.
  path: Assets/_Course Library/_Prefabs/Seating/Chair_Traditional_Dark.prefab
  artifactKey: Guid(2a5416c2645dd1b469ac4b962af63a77) Importer(815301076,1909f56bfc062723c751e8b465ee728b)
Start importing Assets/_Course Library/_Prefabs/Seating/Chair_Traditional_Dark.prefab using Guid(2a5416c2645dd1b469ac4b962af63a77) Importer(815301076,1909f56bfc062723c751e8b465ee728b) (PreviewImporter) -> (artifact id: '38a37eaa94b2aca47009572036316595') in 0.0156132 seconds
Number of updated asset objects reloaded before import = 0Number of asset objects unloaded after import = 27

========================================================================
Received Import Request.
  Time since last request: 0.000019 seconds.
  path: Assets/_Course Library/_Prefabs/Seating/Couch_Traditional_Brown.prefab
  artifactKey: Guid(ea6a96590aa46c349ad75158bd6212f3) Importer(815301076,1909f56bfc062723c751e8b465ee728b)
Start importing Assets/_Course Library/_Prefabs/Seating/Couch_Traditional_Brown.prefab using Guid(ea6a96590aa46c349ad75158bd6212f3) Importer(815301076,1909f56bfc062723c751e8b465ee728b) (PreviewImporter) -> (artifact id: 'c6400862b45b3c53c553b4170c9a4fcd') in 0.0234665 seconds
Number of updated asset objects reloaded before import = 0Number of asset objects unloaded after import = 36

========================================================================
Received Import Request.
  Time since last request: 0.000019 seconds.
  path: Assets/_Course Library/_Prefabs/Seating/Couch_Rustic_Brown.prefab
  artifactKey: Guid(d1a190085dcf07e4c9961f5b83d0c35d) Importer(815301076,1909f56bfc062723c751e8b465ee728b)
Start importing Assets/_Course Library/_Prefabs/Seating/Couch_Rustic_Brown.prefab using Guid(d1a190085dcf07e4c9961f5b83d0c35d) Importer(815301076,1909f56bfc062723c751e8b465ee728b) (PreviewImporter) -> (artifact id: 'e4b42e69d09a6858b9ff502137de7207') in 0.024953 seconds
Number of updated asset objects reloaded before import = 0Number of asset objects unloaded after import = 33

Editor requested this worker to shutdown with reason: Scaling down because of idle timeout
AssetImportWorker is now disconnected from the server
Process exiting
Exiting without the bug reporter. Application will terminate with return code 0