[Licensing::Module] Trying to connect to existing licensing client channel...
Built from '6000.2/respin/6000.2.6f2-cc51a95c03' branch; Version is '6000.2.6f2 (4a4dcaec6541) revision 4869578'; Using compiler version '194234433'; Build Type 'Release'
[Licensing::IpcConnector] Successfully connected to: "LicenseClient-aweso" at "2025-12-02T22:42:49.2420314Z"
OS: 'Windows 11  (10.0.26200) 64bit Core' Language: 'en' Physical Memory: 31967 MB
BatchMode: 1, IsHumanControllingUs: 0, StartBugReporterOnCrash: 0, Is64bit: 1
Date: 2025-12-02T22:42:49Z

COMMAND LINE ARGUMENTS:
C:\Program Files\Unity\Hub\Editor\6000.2.6f2\Editor\Unity.exe
-adb2
-batchMode
-noUpm
-name
AssetImportWorker11
-projectPath
C:/Users/aweso/Documents/SugarBound.07
-logFile
Logs/AssetImportWorker11.log
-srvPort
53752
-licensingIpc
LicenseClient-aweso
-job-worker-count
7
-background-job-worker-count
8
-gc-helper-count
1
-name
AssetImport
Successfully changed project path to: C:/Users/aweso/Documents/SugarBound.07
C:/Users/aweso/Documents/SugarBound.07
[UnityMemory] Configuration Parameters - Can be set up in boot.config
    "memorysetup-allocator-temp-initial-block-size-main=262144"
    "memorysetup-allocator-temp-initial-block-size-worker=262144"
    "memorysetup-bucket-allocator-granularity=16"
    "memorysetup-bucket-allocator-bucket-count=8"
    "memorysetup-bucket-allocator-block-size=33554432"
    "memorysetup-bucket-allocator-block-count=8"
    "memorysetup-main-allocator-block-size=16777216"
    "memorysetup-thread-allocator-block-size=16777216"
    "memorysetup-gfx-main-allocator-block-size=16777216"
    "memorysetup-gfx-thread-allocator-block-size=16777216"
    "memorysetup-cache-allocator-block-size=4194304"
    "memorysetup-typetree-allocator-block-size=2097152"
    "memorysetup-profiler-bucket-allocator-granularity=16"
    "memorysetup-profiler-bucket-allocator-bucket-count=8"
    "memorysetup-profiler-bucket-allocator-block-size=33554432"
    "memorysetup-profiler-bucket-allocator-block-count=8"
    "memorysetup-profiler-allocator-block-size=16777216"
    "memorysetup-profiler-editor-allocator-block-size=1048576"
    "memorysetup-temp-allocator-size-main=16777216"
    "memorysetup-job-temp-allocator-block-size=2097152"
    "memorysetup-job-temp-allocator-block-size-background=1048576"
    "memorysetup-job-temp-allocator-reduction-small-platforms=262144"
    "memorysetup-temp-allocator-size-background-worker=32768"
    "memorysetup-temp-allocator-size-job-worker=262144"
    "memorysetup-temp-allocator-size-preload-manager=33554432"
    "memorysetup-temp-allocator-size-nav-mesh-worker=65536"
    "memorysetup-temp-allocator-size-audio-worker=65536"
    "memorysetup-temp-allocator-size-cloud-worker=32768"
    "memorysetup-temp-allocator-size-gi-baking-worker=262144"
    "memorysetup-temp-allocator-size-gi-baking-worker=262144"
    "memorysetup-temp-allocator-size-gi-baking-worker=262144"
    "memorysetup-temp-allocator-size-gi-baking-worker=262144"
    "memorysetup-temp-allocator-size-gi-baking-worker=262144"
    "memorysetup-temp-allocator-size-gfx=262144"
Player connection [52240]  Target information:

Player connection [52240]  * "[IP] 192.168.1.127 [Port] 0 [Flags] 2 [Guid] 2057245161 [EditorId] 2057245161 [Version] 1048832 [Id] WindowsEditor(7,DevinPC) [Debug] 1 [PackageName] WindowsEditor [ProjectName] Editor" 

Player connection [52240] Host joined multi-casting on [225.0.0.222:54997]...
Player connection [52240] Host joined alternative multi-casting on [225.0.0.222:34997]...
JobSystem: Creating JobQueue using job-worker-count value 7
Input System module state changed to: Initialized.
[Physics::Module] Initialized fallback backend.
[Physics::Module] Id: 0xdecafbad
[Licensing::Client] Code 10 while verifying Licensing Client signature (process Id: 31572, path: "C:/Program Files/Unity Hub/UnityLicensingClient_V1/Unity.Licensing.Client.exe")
[Licensing::Module] LicensingClient has failed validation; ignoring
[Licensing::Client] Handshaking with LicensingClient:
  Version:                 1.17.3+a4e98f1
  Session Id:              f7b9adc3cf974013976e242a8019a088
  Correlation Id:          ebc368e6c0632ba8f55a6b47cfb5cd2c
  External correlation Id: 2011398933801728002
  Machine Id:              cPCzQz9axXHQmewSXrMKmPRaxqY=
[Licensing::Module] Successfully connected to LicensingClient on channel: "LicenseClient-aweso" (connect: 0.00s, validation: 0.00s, handshake: 0.03s)
[Licensing::IpcConnector] Successfully connected to: "LicenseClient-aweso-notifications" at "2025-12-02T22:42:49.2716846Z"
[Licensing::Module] Licensing Background thread has ended after 0.03s
Library Redirect Path: Library/
[Physics::Module] Selected backend.
[Physics::Module] Name: PhysX
[Physics::Module] Id: 0xf2b8ea05
[Physics::Module] SDK Version: 4.1.2
[Physics::Module] Integration Version: 1.0.0
[Physics::Module] Threading Mode: Multi-Threaded
Refreshing native plugins compatible for Editor in 13.28 ms, found 10 plugins.
Unity memory allocator detected: MetaXRAudio native memory allocations will be tracked.
Preloading 1 native plugins for Editor in 0.89 ms.
Initialize engine version: 6000.2.6f2 (4a4dcaec6541)
[Subsystems] Discovering subsystems at path C:/Program Files/Unity/Hub/Editor/6000.2.6f2/Editor/Data/Resources/UnitySubsystems
[Subsystems] Discovering subsystems at path C:/Users/aweso/Documents/SugarBound.07/Assets
GfxDevice: creating device client; kGfxThreadingModeNonThreaded
Direct3D:
    Version:  Direct3D 11.0 [level 11.1]
    Renderer: NVIDIA GeForce RTX 4060 Ti (ID=0x2803)
    Vendor:   NVIDIA
    VRAM:     7949 MB
    Driver:   32.0.15.8157
Initialize mono
Mono path[0] = 'C:/Program Files/Unity/Hub/Editor/6000.2.6f2/Editor/Data/Managed'
Mono path[1] = 'C:/Program Files/Unity/Hub/Editor/6000.2.6f2/Editor/Data/MonoBleedingEdge/lib/mono/unityjit-win32'
Mono config path = 'C:/Program Files/Unity/Hub/Editor/6000.2.6f2/Editor/Data/MonoBleedingEdge/etc'
Using monoOptions --debugger-agent=transport=dt_socket,embedding=1,server=y,suspend=n,address=127.0.0.1:56124
Begin MonoManager ReloadAssembly
Registering precompiled unity dll's ...
Register platform support module: C:/Program Files/Unity/Hub/Editor/6000.2.6f2/Editor/Data/PlaybackEngines/WindowsStandaloneSupport/UnityEditor.WindowsStandalone.Extensions.dll
[Licensing::Client] Successfully resolved entitlement details
[Licensing::Module] License group:
  Id: 1375641944432-UnityPersXXXX
  Product: Unity Personal
  Type: Assigned
  Expiration: Unlimited
Register platform support module: C:/Program Files/Unity/Hub/Editor/6000.2.6f2/Editor/Data/PlaybackEngines/MetroSupport/UnityEditor.UWP.Extensions.dll
[Licensing::Client] Successfully resolved entitlement details
Register platform support module: C:/Program Files/Unity/Hub/Editor/6000.2.6f2/Editor/Data/PlaybackEngines/AndroidPlayer/UnityEditor.Android.Extensions.dll
Registered in 0.005203 seconds.
- Loaded All Assemblies, in  0.278 seconds
Native extension for Android target not found
Android Extension - Scanning For ADB Devices 187 ms
Native extension for UWP target not found
Native extension for WindowsStandalone target not found
Mono: successfully reloaded assembly
- Finished resetting the current domain, in  0.440 seconds
Domain Reload Profiling: 716ms
	BeginReloadAssembly (92ms)
		ExecutionOrderSort (0ms)
		DisableScriptedObjects (0ms)
		BackupInstance (0ms)
		ReleaseScriptingObjects (0ms)
		CreateAndSetChildDomain (1ms)
	RebuildCommonClasses (25ms)
	RebuildNativeTypeToScriptingClass (8ms)
	initialDomainReloadingComplete (38ms)
	LoadAllAssembliesAndSetupDomain (113ms)
		LoadAssemblies (90ms)
		RebuildTransferFunctionScriptingTraits (0ms)
		AnalyzeDomain (110ms)
			TypeCache.Refresh (109ms)
				TypeCache.ScanAssembly (100ms)
			BuildScriptInfoCaches (0ms)
			ResolveRequiredComponents (0ms)
	FinalizeReload (441ms)
		ReleaseScriptCaches (0ms)
		RebuildScriptCaches (0ms)
		SetupLoadedEditorAssemblies (408ms)
			LogAssemblyErrors (0ms)
			InitializePlatformSupportModulesInManaged (263ms)
			SetLoadedEditorAssemblies (2ms)
			BeforeProcessingInitializeOnLoad (37ms)
			ProcessInitializeOnLoadAttributes (72ms)
			ProcessInitializeOnLoadMethodAttributes (34ms)
			AfterProcessingInitializeOnLoad (0ms)
			EditorAssembliesLoaded (0ms)
		ExecutionOrderSort2 (0ms)
		AwakeInstancesAfterBackupRestoration (0ms)
========================================================================
Worker process is ready to serve import requests
Import Worker Mode flag is 0x00
Begin MonoManager ReloadAssembly
[Licensing::Client] Successfully resolved entitlement details
- Loaded All Assemblies, in  0.585 seconds
Refreshing native plugins compatible for Editor in 9.07 ms, found 10 plugins.
Native extension for Android target not found
Native extension for UWP target not found
Native extension for WindowsStandalone target not found
Package Manager log level set to [2]
[Package Manager] Failed to launch server process. Reason: Unity was launched with the -noUpm command-line argument
[Package Manager] Unable to send message (not connected to server process).
[Package Manager] Cannot connect to Unity Package Manager local server
The project currently uses the compatibility mode where the Render Graph API is disabled. Support for this mode will be removed in future Unity versions. Migrate existing ScriptableRenderPasses to the new RenderGraph API. After the migration, disable the compatibility mode in Edit > Projects Settings > Graphics > Render Graph.
UnityEngine.Debug:ExtractStackTraceNoAlloc (byte*,int,string)
UnityEngine.StackTraceUtility:ExtractStackTrace ()
UnityEngine.DebugLogHandler:Internal_Log (UnityEngine.LogType,UnityEngine.LogOption,string,UnityEngine.Object)
UnityEngine.DebugLogHandler:LogFormat (UnityEngine.LogType,UnityEngine.Object,string,object[])
UnityEngine.Logger:Log (UnityEngine.LogType,object)
UnityEngine.Debug:LogWarning (object)
UnityEngine.Rendering.Universal.WarnUsingNonRenderGraph:EmitConsoleWarning () (at ./Library/PackageCache/com.unity.render-pipelines.universal@1e1527b3a17b/Runtime/Data/UniversalRenderPipelineAsset.cs:432)
System.Reflection.RuntimeMethodInfo:Invoke (object,System.Reflection.BindingFlags,System.Reflection.Binder,object[],System.Globalization.CultureInfo)
System.Reflection.MethodBase:Invoke (object,object[])
UnityEditor.EditorAssemblies:ProcessInitializeOnLoadMethodAttributes ()

(Filename: ./Library/PackageCache/com.unity.render-pipelines.universal@1e1527b3a17b/Runtime/Data/UniversalRenderPipelineAsset.cs Line: 432)

Mono: successfully reloaded assembly
[Package Manager] Failed to launch server process. Reason: Unity was launched with the -noUpm command-line argument
[Package Manager] Unable to send message (not connected to server process).
[Package Manager] Cannot connect to Unity Package Manager local server
[Package Manager] Failed to launch server process. Reason: Unity was launched with the -noUpm command-line argument
[Package Manager] Unable to send message (not connected to server process).
[Package Manager] Cannot connect to Unity Package Manager local server
- Finished resetting the current domain, in  0.682 seconds
Domain Reload Profiling: 1261ms
	BeginReloadAssembly (132ms)
		ExecutionOrderSort (0ms)
		DisableScriptedObjects (4ms)
		BackupInstance (0ms)
		ReleaseScriptingObjects (0ms)
		CreateAndSetChildDomain (25ms)
	RebuildCommonClasses (25ms)
	RebuildNativeTypeToScriptingClass (9ms)
	initialDomainReloadingComplete (29ms)
	LoadAllAssembliesAndSetupDomain (384ms)
		LoadAssemblies (269ms)
		RebuildTransferFunctionScriptingTraits (0ms)
		AnalyzeDomain (187ms)
			TypeCache.Refresh (138ms)
				TypeCache.ScanAssembly (126ms)
			BuildScriptInfoCaches (38ms)
			ResolveRequiredComponents (8ms)
	FinalizeReload (683ms)
		ReleaseScriptCaches (0ms)
		RebuildScriptCaches (0ms)
		SetupLoadedEditorAssemblies (529ms)
			LogAssemblyErrors (0ms)
			InitializePlatformSupportModulesInManaged (7ms)
			SetLoadedEditorAssemblies (2ms)
			BeforeProcessingInitializeOnLoad (91ms)
			ProcessInitializeOnLoadAttributes (333ms)
			ProcessInitializeOnLoadMethodAttributes (91ms)
			AfterProcessingInitializeOnLoad (5ms)
			EditorAssembliesLoaded (0ms)
		ExecutionOrderSort2 (0ms)
		AwakeInstancesAfterBackupRestoration (4ms)
Launched and connected shader compiler UnityShaderCompiler.exe after 0.01 seconds
Refreshing native plugins compatible for Editor in 7.73 ms, found 10 plugins.
Preloading 1 native plugins for Editor in 0.06 ms.
Unloading 14 Unused Serialized files (Serialized files now loaded: 0)
Unloading 7240 unused Assets / (4.5 MB). Loaded Objects now: 7971.
Memory consumption went from 143.4 MB to 139.0 MB.
Total: 7.773100 ms (FindLiveObjects: 0.682100 ms CreateObjectMapping: 0.367400 ms MarkObjects: 4.774600 ms  DeleteObjects: 1.948000 ms)

========================================================================
Received Import Request.
  Time since last request: 65232.914074 seconds.
  path: Assets/Baker'sCorner/Ingredient/Cinnamon.prefab
  artifactKey: Guid(3251d030dbb40d942a5e54596def93e0) Importer(2089858483,192608db42251d675da83286b1cce702)
Start importing Assets/Baker'sCorner/Ingredient/Cinnamon.prefab using Guid(3251d030dbb40d942a5e54596def93e0) Importer(2089858483,192608db42251d675da83286b1cce702) (ScriptedImporter) -> (artifact id: '13801d9ffa1dd79fe313f91a271ea4e1') in 0.1961038 seconds
Number of updated asset objects reloaded before import = 0Number of asset objects unloaded after import = 26

========================================================================
Received Import Request.
  Time since last request: 1.217284 seconds.
  path: Assets/Baker'sCorner/Ingredient/Cinnamon.prefab
  artifactKey: Guid(3251d030dbb40d942a5e54596def93e0) Importer(2089858483,192608db42251d675da83286b1cce702)
Start importing Assets/Baker'sCorner/Ingredient/Cinnamon.prefab using Guid(3251d030dbb40d942a5e54596def93e0) Importer(2089858483,192608db42251d675da83286b1cce702) (ScriptedImporter) -> (artifact id: 'd4f093c25f90bbb94320c2c568ed3a5f') in 0.0310861 seconds
Number of updated asset objects reloaded before import = 0Number of asset objects unloaded after import = 24

========================================================================
Received Import Request.
  Time since last request: 7.866939 seconds.
  path: Assets/Baker'sCorner/Ingredient/CocoaPowder.prefab
  artifactKey: Guid(8b29760e8bfb0f749bef53aff7b5242c) Importer(2089858483,192608db42251d675da83286b1cce702)
Start importing Assets/Baker'sCorner/Ingredient/CocoaPowder.prefab using Guid(8b29760e8bfb0f749bef53aff7b5242c) Importer(2089858483,192608db42251d675da83286b1cce702) (ScriptedImporter) -> (artifact id: '8ba6452681b6874ea4cbd50e033284fe') in 0.0228987 seconds
Number of updated asset objects reloaded before import = 0Number of asset objects unloaded after import = 23

========================================================================
Received Import Request.
  Time since last request: 2.906018 seconds.
  path: Assets/Baker'sCorner/Ingredient/CocoaPowder.prefab
  artifactKey: Guid(8b29760e8bfb0f749bef53aff7b5242c) Importer(2089858483,192608db42251d675da83286b1cce702)
Start importing Assets/Baker'sCorner/Ingredient/CocoaPowder.prefab using Guid(8b29760e8bfb0f749bef53aff7b5242c) Importer(2089858483,192608db42251d675da83286b1cce702) (ScriptedImporter) -> (artifact id: '70f70b6a5c5aa1b4f4127b355d3f3fc9') in 0.0179952 seconds
Number of updated asset objects reloaded before import = 0Number of asset objects unloaded after import = 17

========================================================================
Received Import Request.
  Time since last request: 2.882527 seconds.
  path: Assets/Baker'sCorner/Ingredient/CocoaPowder.prefab
  artifactKey: Guid(8b29760e8bfb0f749bef53aff7b5242c) Importer(2089858483,192608db42251d675da83286b1cce702)
Start importing Assets/Baker'sCorner/Ingredient/CocoaPowder.prefab using Guid(8b29760e8bfb0f749bef53aff7b5242c) Importer(2089858483,192608db42251d675da83286b1cce702) (ScriptedImporter) -> (artifact id: '37e03815a710d51bce49f21e2391071f') in 0.0212594 seconds
Number of updated asset objects reloaded before import = 0Number of asset objects unloaded after import = 18

========================================================================
Received Import Request.
  Time since last request: 2.640096 seconds.
  path: Assets/Baker'sCorner/Ingredient/CocoaPowder.prefab
  artifactKey: Guid(8b29760e8bfb0f749bef53aff7b5242c) Importer(2089858483,192608db42251d675da83286b1cce702)
Start importing Assets/Baker'sCorner/Ingredient/CocoaPowder.prefab using Guid(8b29760e8bfb0f749bef53aff7b5242c) Importer(2089858483,192608db42251d675da83286b1cce702) (ScriptedImporter) -> (artifact id: '8fbb5db4da2cd96d68977134e31121c0') in 0.0315439 seconds
Number of updated asset objects reloaded before import = 0Number of asset objects unloaded after import = 33

========================================================================
Received Import Request.
  Time since last request: 10.072390 seconds.
  path: Assets/Baker'sCorner/Ingredient/CocoaPowder.prefab
  artifactKey: Guid(8b29760e8bfb0f749bef53aff7b5242c) Importer(2089858483,192608db42251d675da83286b1cce702)
Start importing Assets/Baker'sCorner/Ingredient/CocoaPowder.prefab using Guid(8b29760e8bfb0f749bef53aff7b5242c) Importer(2089858483,192608db42251d675da83286b1cce702) (ScriptedImporter) -> (artifact id: '42b27767931627a2fae765cc203812a8') in 0.0197409 seconds
Number of updated asset objects reloaded before import = 0Number of asset objects unloaded after import = 24

========================================================================
Received Import Request.
  Time since last request: 14.986489 seconds.
  path: Assets/Scenes/Baker'sCorner.unity
  artifactKey: Guid(23ee1392b707a0d4a8d2cb3093531b9b) Importer(2089858483,192608db42251d675da83286b1cce702)
Start importing Assets/Scenes/Baker'sCorner.unity using Guid(23ee1392b707a0d4a8d2cb3093531b9b) Importer(2089858483,192608db42251d675da83286b1cce702) (ScriptedImporter) -> (artifact id: '46f85c88aae72813ca78825bc14c0e67') in 0.0269341 seconds
Number of updated asset objects reloaded before import = 0Number of asset objects unloaded after import = 1

========================================================================
Received Import Request.
  Time since last request: 8.005796 seconds.
  path: Assets/Baker'sCorner/Tool/RecipeBook.prefab
  artifactKey: Guid(410b9ea2b51ccda4e886fb94ed0245bc) Importer(815301076,1909f56bfc062723c751e8b465ee728b)
Start importing Assets/Baker'sCorner/Tool/RecipeBook.prefab using Guid(410b9ea2b51ccda4e886fb94ed0245bc) Importer(815301076,1909f56bfc062723c751e8b465ee728b) (PreviewImporter) -> (artifact id: 'e8e503be7578ac08a09044d721b088aa') in 0.0115246 seconds
Number of updated asset objects reloaded before import = 0Number of asset objects unloaded after import = 1

========================================================================
Received Import Request.
  Time since last request: 19.899521 seconds.
  path: Assets/Baker'sCorner/Tool/RecipeBook.prefab
  artifactKey: Guid(410b9ea2b51ccda4e886fb94ed0245bc) Importer(815301076,1909f56bfc062723c751e8b465ee728b)
Start importing Assets/Baker'sCorner/Tool/RecipeBook.prefab using Guid(410b9ea2b51ccda4e886fb94ed0245bc) Importer(815301076,1909f56bfc062723c751e8b465ee728b) (PreviewImporter) -> (artifact id: '186a994d8ca22c619945ac6d24bb1b8d') in 0.0242499 seconds
Number of updated asset objects reloaded before import = 0Number of asset objects unloaded after import = 59

========================================================================
Received Import Request.
  Time since last request: 0.905521 seconds.
  path: Assets/Baker'sCorner/Tool/RecipeBook.prefab
  artifactKey: Guid(410b9ea2b51ccda4e886fb94ed0245bc) Importer(2089858483,192608db42251d675da83286b1cce702)
Start importing Assets/Baker'sCorner/Tool/RecipeBook.prefab using Guid(410b9ea2b51ccda4e886fb94ed0245bc) Importer(2089858483,192608db42251d675da83286b1cce702) (ScriptedImporter) -> (artifact id: 'd9eb3bdc42daa8270945364af92d22f6') in 0.0227281 seconds
Number of updated asset objects reloaded before import = 0Number of asset objects unloaded after import = 59

========================================================================
Received Import Request.
  Time since last request: 3.750429 seconds.
  path: Assets/_Course Library/_Prefabs/Objects/Books/Book_A_Blue.prefab
  artifactKey: Guid(bf56d4dcf8c218b4fbd6fb8bb3c9b51d) Importer(815301076,1909f56bfc062723c751e8b465ee728b)
Start importing Assets/_Course Library/_Prefabs/Objects/Books/Book_A_Blue.prefab using Guid(bf56d4dcf8c218b4fbd6fb8bb3c9b51d) Importer(815301076,1909f56bfc062723c751e8b465ee728b) (PreviewImporter)CommandBuffer: temporary render texture  not found while executing  (Copy source)
UnityEngine.Debug:ExtractStackTraceNoAlloc (byte*,int,string)
UnityEngine.StackTraceUtility:ExtractStackTrace ()
UnityEngine.Rendering.ScriptableRenderContext:Submit ()
UnityEngine.Rendering.Universal.UniversalRenderPipeline:RenderSingleCamera (UnityEngine.Rendering.ScriptableRenderContext,UnityEngine.Rendering.Universal.UniversalCameraData) (at ./Library/PackageCache/com.unity.render-pipelines.universal@1e1527b3a17b/Runtime/UniversalRenderPipeline.cs:891)
UnityEngine.Rendering.Universal.UniversalRenderPipeline:RenderSingleCameraInternal (UnityEngine.Rendering.ScriptableRenderContext,UnityEngine.Camera,UnityEngine.Rendering.Universal.UniversalAdditionalCameraData&,bool) (at ./Library/PackageCache/com.unity.render-pipelines.universal@1e1527b3a17b/Runtime/UniversalRenderPipeline.cs:691)
UnityEngine.Rendering.Universal.UniversalRenderPipeline:RenderSingleCameraInternal (UnityEngine.Rendering.ScriptableRenderContext,UnityEngine.Camera,bool) (at ./Library/PackageCache/com.unity.render-pipelines.universal@1e1527b3a17b/Runtime/UniversalRenderPipeline.cs:666)
UnityEngine.Rendering.Universal.UniversalRenderPipeline:Render (UnityEngine.Rendering.ScriptableRenderContext,System.Collections.Generic.List`1<UnityEngine.Camera>) (at ./Library/PackageCache/com.unity.render-pipelines.universal@1e1527b3a17b/Runtime/UniversalRenderPipeline.cs:483)
UnityEngine.Rendering.RenderPipeline:InternalRender (UnityEngine.Rendering.ScriptableRenderContext,System.Collections.Generic.List`1<UnityEngine.Camera>)
UnityEngine.Rendering.RenderPipelineManager:DoRenderLoop_Internal (UnityEngine.Rendering.RenderPipelineAsset,intptr,UnityEngine.Object,Unity.Collections.LowLevel.Unsafe.AtomicSafetyHandle)
UnityEngine.Camera:Render ()
UnityEditor.PreviewRenderUtility:Render (bool,bool)
UnityEditor.GameObjectInspector:DoRenderPreview (UnityEditor.GameObjectInspector/PreviewData)
UnityEditor.GameObjectInspector:RenderStaticPreview (string,UnityEngine.Object[],int,int)
UnityEditor.AssetPreviewUpdater:CreatePreview (UnityEngine.Object,UnityEngine.Object[],string,int,int)
UnityEditor.AssetPreviewUpdater:CreatePreviewForAsset (UnityEngine.Object,UnityEngine.Object[],string)

[./Library/PackageCache/com.unity.render-pipelines.universal@1e1527b3a17b/Runtime/UniversalRenderPipeline.cs line 891]

CommandBuffer: temporary render texture  not found while executing  (Copy destination)
UnityEngine.Debug:ExtractStackTraceNoAlloc (byte*,int,string)
UnityEngine.StackTraceUtility:ExtractStackTrace ()
UnityEngine.Rendering.ScriptableRenderContext:Submit ()
UnityEngine.Rendering.Universal.UniversalRenderPipeline:RenderSingleCamera (UnityEngine.Rendering.ScriptableRenderContext,UnityEngine.Rendering.Universal.UniversalCameraData) (at ./Library/PackageCache/com.unity.render-pipelines.universal@1e1527b3a17b/Runtime/UniversalRenderPipeline.cs:891)
UnityEngine.Rendering.Universal.UniversalRenderPipeline:RenderSingleCameraInternal (UnityEngine.Rendering.ScriptableRenderContext,UnityEngine.Camera,UnityEngine.Rendering.Universal.UniversalAdditionalCameraData&,bool) (at ./Library/PackageCache/com.unity.render-pipelines.universal@1e1527b3a17b/Runtime/UniversalRenderPipeline.cs:691)
UnityEngine.Rendering.Universal.UniversalRenderPipeline:RenderSingleCameraInternal (UnityEngine.Rendering.ScriptableRenderContext,UnityEngine.Camera,bool) (at ./Library/PackageCache/com.unity.render-pipelines.universal@1e1527b3a17b/Runtime/UniversalRenderPipeline.cs:666)
UnityEngine.Rendering.Universal.UniversalRenderPipeline:Render (UnityEngine.Rendering.ScriptableRenderContext,System.Collections.Generic.List`1<UnityEngine.Camera>) (at ./Library/PackageCache/com.unity.render-pipelines.universal@1e1527b3a17b/Runtime/UniversalRenderPipeline.cs:483)
UnityEngine.Rendering.RenderPipeline:InternalRender (UnityEngine.Rendering.ScriptableRenderContext,System.Collections.Generic.List`1<UnityEngine.Camera>)
UnityEngine.Rendering.RenderPipelineManager:DoRenderLoop_Internal (UnityEngine.Rendering.RenderPipelineAsset,intptr,UnityEngine.Object,Unity.Collections.LowLevel.Unsafe.AtomicSafetyHandle)
UnityEngine.Camera:Render ()
UnityEditor.PreviewRenderUtility:Render (bool,bool)
UnityEditor.GameObjectInspector:DoRenderPreview (UnityEditor.GameObjectInspector/PreviewData)
UnityEditor.GameObjectInspector:RenderStaticPreview (string,UnityEngine.Object[],int,int)
UnityEditor.AssetPreviewUpdater:CreatePreview (UnityEngine.Object,UnityEngine.Object[],string,int,int)
UnityEditor.AssetPreviewUpdater:CreatePreviewForAsset (UnityEngine.Object,UnityEngine.Object[],string)

[./Library/PackageCache/com.unity.render-pipelines.universal@1e1527b3a17b/Runtime/UniversalRenderPipeline.cs line 891]

 -> (artifact id: 'd64aff1ce4624286297766e5914b4445') in 0.2498964 seconds
Number of updated asset objects reloaded before import = 0Number of asset objects unloaded after import = 10

========================================================================
Received Import Request.
  Time since last request: 0.000022 seconds.
  path: Assets/_Course Library/_Prefabs/Objects/Books/Book_C_Gray.prefab
  artifactKey: Guid(ca18123093a406f489183b8b9bbb1407) Importer(815301076,1909f56bfc062723c751e8b465ee728b)
Start importing Assets/_Course Library/_Prefabs/Objects/Books/Book_C_Gray.prefab using Guid(ca18123093a406f489183b8b9bbb1407) Importer(815301076,1909f56bfc062723c751e8b465ee728b) (PreviewImporter) -> (artifact id: 'f3623138c31d4e9dba46bd490aed77bf') in 0.0144761 seconds
Number of updated asset objects reloaded before import = 0Number of asset objects unloaded after import = 10

========================================================================
Received Import Request.
  Time since last request: 0.000038 seconds.
  path: Assets/_Course Library/_Prefabs/Objects/Notebooks/Notebook_Brown.prefab
  artifactKey: Guid(0598faac6c7f62f4f92b2f771f20ca2d) Importer(815301076,1909f56bfc062723c751e8b465ee728b)
Start importing Assets/_Course Library/_Prefabs/Objects/Notebooks/Notebook_Brown.prefab using Guid(0598faac6c7f62f4f92b2f771f20ca2d) Importer(815301076,1909f56bfc062723c751e8b465ee728b) (PreviewImporter) -> (artifact id: '2a126c2e253abd4501a3a9ed26093680') in 0.0169843 seconds
Number of updated asset objects reloaded before import = 0Number of asset objects unloaded after import = 16

========================================================================
Received Import Request.
  Time since last request: 0.000022 seconds.
  path: Assets/_Course Library/Source Files/Models/Object_Notebook_A.fbx
  artifactKey: Guid(edf87487be9b7d14dab16fae808247b4) Importer(815301076,1909f56bfc062723c751e8b465ee728b)
Start importing Assets/_Course Library/Source Files/Models/Object_Notebook_A.fbx using Guid(edf87487be9b7d14dab16fae808247b4) Importer(815301076,1909f56bfc062723c751e8b465ee728b) (PreviewImporter) -> (artifact id: '8ca80acff790d69d68ab312e11253772') in 0.0521366 seconds
Number of updated asset objects reloaded before import = 0Number of asset objects unloaded after import = 15

========================================================================
Received Import Request.
  Time since last request: 0.000020 seconds.
  path: Assets/_Course Library/_Prefabs/Objects/Books/Book_A_Red.prefab
  artifactKey: Guid(1f3ab3be3dfbf3f4eae0b22199bd1fd5) Importer(815301076,1909f56bfc062723c751e8b465ee728b)
Start importing Assets/_Course Library/_Prefabs/Objects/Books/Book_A_Red.prefab using Guid(1f3ab3be3dfbf3f4eae0b22199bd1fd5) Importer(815301076,1909f56bfc062723c751e8b465ee728b) (PreviewImporter) -> (artifact id: 'de3fa39967a11e0a9f953c5f90492f61') in 0.0153501 seconds
Number of updated asset objects reloaded before import = 0Number of asset objects unloaded after import = 10

========================================================================
Received Import Request.
  Time since last request: 0.000027 seconds.
  path: Assets/_Course Library/Source Files/Models/Object_Book_A.fbx
  artifactKey: Guid(e159660385407b643b6b100a627bcb21) Importer(815301076,1909f56bfc062723c751e8b465ee728b)
Start importing Assets/_Course Library/Source Files/Models/Object_Book_A.fbx using Guid(e159660385407b643b6b100a627bcb21) Importer(815301076,1909f56bfc062723c751e8b465ee728b) (PreviewImporter) -> (artifact id: '3d93821a60e29035aa6aba6a37399231') in 0.0186075 seconds
Number of updated asset objects reloaded before import = 0Number of asset objects unloaded after import = 8

========================================================================
Received Import Request.
  Time since last request: 0.000029 seconds.
  path: Assets/_Course Library/Source Files/Models/Object_Book_A_3.fbx
  artifactKey: Guid(3e4463212d2a65946b952bb19ffd6030) Importer(815301076,1909f56bfc062723c751e8b465ee728b)
Start importing Assets/_Course Library/Source Files/Models/Object_Book_A_3.fbx using Guid(3e4463212d2a65946b952bb19ffd6030) Importer(815301076,1909f56bfc062723c751e8b465ee728b) (PreviewImporter) -> (artifact id: 'fab0de6b62041ad659be45a857fe7e9b') in 0.017371 seconds
Number of updated asset objects reloaded before import = 0Number of asset objects unloaded after import = 8

========================================================================
Received Import Request.
  Time since last request: 0.000019 seconds.
  path: Assets/_Course Library/_Prefabs/Objects/Books/Book_C_Green.prefab
  artifactKey: Guid(aceac99ed0f74f443850d9a9365d671f) Importer(815301076,1909f56bfc062723c751e8b465ee728b)
Start importing Assets/_Course Library/_Prefabs/Objects/Books/Book_C_Green.prefab using Guid(aceac99ed0f74f443850d9a9365d671f) Importer(815301076,1909f56bfc062723c751e8b465ee728b) (PreviewImporter) -> (artifact id: '1049d424d8af26522a490a3925175c9e') in 0.0160674 seconds
Number of updated asset objects reloaded before import = 0Number of asset objects unloaded after import = 10

========================================================================
Received Import Request.
  Time since last request: 0.000019 seconds.
  path: Assets/UI/MainMenuBook.prefab
  artifactKey: Guid(f4b036efa9ca11547922f1daf879c8ae) Importer(815301076,1909f56bfc062723c751e8b465ee728b)
Start importing Assets/UI/MainMenuBook.prefab using Guid(f4b036efa9ca11547922f1daf879c8ae) Importer(815301076,1909f56bfc062723c751e8b465ee728b) (PreviewImporter) -> (artifact id: 'f78bd4a89785e9fef60a2a9a5f760748') in 0.0315744 seconds
Number of updated asset objects reloaded before import = 0Number of asset objects unloaded after import = 224

========================================================================
Received Import Request.
  Time since last request: 0.783211 seconds.
  path: Assets/_Course Library/Source Files/Models/Object_Book_C_3.fbx
  artifactKey: Guid(48d9919b6a821a049b892481e0a2b6d6) Importer(815301076,1909f56bfc062723c751e8b465ee728b)
Start importing Assets/_Course Library/Source Files/Models/Object_Book_C_3.fbx using Guid(48d9919b6a821a049b892481e0a2b6d6) Importer(815301076,1909f56bfc062723c751e8b465ee728b) (PreviewImporter) -> (artifact id: '5f76de911d4fdaf801d63ebc48759faf') in 0.0199506 seconds
Number of updated asset objects reloaded before import = 0Number of asset objects unloaded after import = 8

========================================================================
Received Import Request.
  Time since last request: 8.440882 seconds.
  path: Assets/_Course Library/Source Files/Models/Object_Book_B_2.fbx
  artifactKey: Guid(245d8e23cc030d944b38cf23dff80838) Importer(815301076,1909f56bfc062723c751e8b465ee728b)
Start importing Assets/_Course Library/Source Files/Models/Object_Book_B_2.fbx using Guid(245d8e23cc030d944b38cf23dff80838) Importer(815301076,1909f56bfc062723c751e8b465ee728b) (PreviewImporter) -> (artifact id: 'e0ec2e47d98cd3415fb24b5ad4f58f7a') in 0.0358039 seconds
Number of updated asset objects reloaded before import = 0Number of asset objects unloaded after import = 8

========================================================================
Received Import Request.
  Time since last request: 2.116018 seconds.
  path: Assets/_Course Library/Audio/FX/SFX_Impact_Books.ogg
  artifactKey: Guid(fab5b2719139b410aab0fc2af968e4ff) Importer(815301076,1909f56bfc062723c751e8b465ee728b)
Start importing Assets/_Course Library/Audio/FX/SFX_Impact_Books.ogg using Guid(fab5b2719139b410aab0fc2af968e4ff) Importer(815301076,1909f56bfc062723c751e8b465ee728b) (PreviewImporter) -> (artifact id: '49c034bb185bd5994754f4cdedfed292') in 0.0274473 seconds
Number of updated asset objects reloaded before import = 0Number of asset objects unloaded after import = 2

========================================================================
Received Import Request.
  Time since last request: 13.266216 seconds.
  path: Assets/Baker'sCorner/Tool/RecipeBook.prefab
  artifactKey: Guid(410b9ea2b51ccda4e886fb94ed0245bc) Importer(815301076,1909f56bfc062723c751e8b465ee728b)
Start importing Assets/Baker'sCorner/Tool/RecipeBook.prefab using Guid(410b9ea2b51ccda4e886fb94ed0245bc) Importer(815301076,1909f56bfc062723c751e8b465ee728b) (PreviewImporter) -> (artifact id: 'e1297e8def41219e5d4b7aa7d523ee74') in 0.0241913 seconds
Number of updated asset objects reloaded before import = 0Number of asset objects unloaded after import = 88

========================================================================
Received Import Request.
  Time since last request: 0.880445 seconds.
  path: Assets/Baker'sCorner/Tool/RecipeBook.prefab
  artifactKey: Guid(410b9ea2b51ccda4e886fb94ed0245bc) Importer(2089858483,192608db42251d675da83286b1cce702)
Start importing Assets/Baker'sCorner/Tool/RecipeBook.prefab using Guid(410b9ea2b51ccda4e886fb94ed0245bc) Importer(2089858483,192608db42251d675da83286b1cce702) (ScriptedImporter) -> (artifact id: 'b6a50a15af57ebaa7d8682f7c8b2a596') in 0.0243287 seconds
Number of updated asset objects reloaded before import = 0Number of asset objects unloaded after import = 71

========================================================================
Received Import Request.
  Time since last request: 3.542336 seconds.
  path: Assets/Baker'sCorner/Tool/RecipeBook.prefab
  artifactKey: Guid(410b9ea2b51ccda4e886fb94ed0245bc) Importer(815301076,1909f56bfc062723c751e8b465ee728b)
Start importing Assets/Baker'sCorner/Tool/RecipeBook.prefab using Guid(410b9ea2b51ccda4e886fb94ed0245bc) Importer(815301076,1909f56bfc062723c751e8b465ee728b) (PreviewImporter) -> (artifact id: '118bbe75d540712f499727000f382122') in 0.0219567 seconds
Number of updated asset objects reloaded before import = 0Number of asset objects unloaded after import = 88

========================================================================
Received Import Request.
  Time since last request: 0.887220 seconds.
  path: Assets/Baker'sCorner/Tool/RecipeBook.prefab
  artifactKey: Guid(410b9ea2b51ccda4e886fb94ed0245bc) Importer(2089858483,192608db42251d675da83286b1cce702)
Start importing Assets/Baker'sCorner/Tool/RecipeBook.prefab using Guid(410b9ea2b51ccda4e886fb94ed0245bc) Importer(2089858483,192608db42251d675da83286b1cce702) (ScriptedImporter) -> (artifact id: 'bcf9c2f101b19e0ca48e0c1ba806b45f') in 0.0229391 seconds
Number of updated asset objects reloaded before import = 0Number of asset objects unloaded after import = 71

========================================================================
Received Import Request.
  Time since last request: 34.861869 seconds.
  path: Assets/_Course Library/_Prefabs/Testing/Notes.prefab
  artifactKey: Guid(cde43aa829695417caf3cacf5c32d84c) Importer(815301076,1909f56bfc062723c751e8b465ee728b)
Start importing Assets/_Course Library/_Prefabs/Testing/Notes.prefab using Guid(cde43aa829695417caf3cacf5c32d84c) Importer(815301076,1909f56bfc062723c751e8b465ee728b) (PreviewImporter) -> (artifact id: 'd7c97561b1293de1070cff8f73821ca3') in 0.0015572 seconds
Number of updated asset objects reloaded before import = 0Number of asset objects unloaded after import = 5

========================================================================
Received Import Request.
  Time since last request: 0.000022 seconds.
  path: Packages/com.unity.shadergraph/Editor/Resources/StickyNote.uss
  artifactKey: Guid(49f440ce949d5b944bccdfef70f2aca7) Importer(815301076,1909f56bfc062723c751e8b465ee728b)
Start importing Packages/com.unity.shadergraph/Editor/Resources/StickyNote.uss using Guid(49f440ce949d5b944bccdfef70f2aca7) Importer(815301076,1909f56bfc062723c751e8b465ee728b) (PreviewImporter) -> (artifact id: 'a987bd5fdaacce8f46cf22dce873d635') in 0.0053653 seconds
Number of updated asset objects reloaded before import = 0Number of asset objects unloaded after import = 1

========================================================================
Received Import Request.
  Time since last request: 22.241057 seconds.
  path: Assets/Baker'sCorner/Tool/RecipeBook.prefab
  artifactKey: Guid(410b9ea2b51ccda4e886fb94ed0245bc) Importer(2089858483,192608db42251d675da83286b1cce702)
Start importing Assets/Baker'sCorner/Tool/RecipeBook.prefab using Guid(410b9ea2b51ccda4e886fb94ed0245bc) Importer(2089858483,192608db42251d675da83286b1cce702) (ScriptedImporter) -> (artifact id: '65d0d143ae7856d51f53876c1e181339') in 0.0370951 seconds
Number of updated asset objects reloaded before import = 0Number of asset objects unloaded after import = 71

========================================================================
Received Import Request.
  Time since last request: 13.572100 seconds.
  path: Assets/Baker'sCorner/Tool/RecipeBook.prefab
  artifactKey: Guid(410b9ea2b51ccda4e886fb94ed0245bc) Importer(815301076,1909f56bfc062723c751e8b465ee728b)
Start importing Assets/Baker'sCorner/Tool/RecipeBook.prefab using Guid(410b9ea2b51ccda4e886fb94ed0245bc) Importer(815301076,1909f56bfc062723c751e8b465ee728b) (PreviewImporter) -> (artifact id: '32d9a35975b46c43d3f991b41d296adb') in 0.0349614 seconds
Number of updated asset objects reloaded before import = 0Number of asset objects unloaded after import = 88

========================================================================
Received Import Request.
  Time since last request: 207.786361 seconds.
  path: Assets/Scenes/Baker'sCorner.unity
  artifactKey: Guid(23ee1392b707a0d4a8d2cb3093531b9b) Importer(2089858483,192608db42251d675da83286b1cce702)
Start importing Assets/Scenes/Baker'sCorner.unity using Guid(23ee1392b707a0d4a8d2cb3093531b9b) Importer(2089858483,192608db42251d675da83286b1cce702) (ScriptedImporter) -> (artifact id: 'f0d8050af55015fea7003e15d325531d') in 0.0288535 seconds
Number of updated asset objects reloaded before import = 0Number of asset objects unloaded after import = 1

========================================================================
Received Import Request.
  Time since last request: 29.748171 seconds.
  path: Assets/Scenes/Baker'sCorner.unity
  artifactKey: Guid(23ee1392b707a0d4a8d2cb3093531b9b) Importer(2089858483,192608db42251d675da83286b1cce702)
Start importing Assets/Scenes/Baker'sCorner.unity using Guid(23ee1392b707a0d4a8d2cb3093531b9b) Importer(2089858483,192608db42251d675da83286b1cce702) (ScriptedImporter) -> (artifact id: '72736a6976316b23d927bf915d07a1aa') in 0.0256574 seconds
Number of updated asset objects reloaded before import = 0Number of asset objects unloaded after import = 1

========================================================================
Received Import Request.
  Time since last request: 152.299635 seconds.
  path: Assets/Scenes/Baker'sCorner.unity
  artifactKey: Guid(23ee1392b707a0d4a8d2cb3093531b9b) Importer(2089858483,192608db42251d675da83286b1cce702)
Start importing Assets/Scenes/Baker'sCorner.unity using Guid(23ee1392b707a0d4a8d2cb3093531b9b) Importer(2089858483,192608db42251d675da83286b1cce702) (ScriptedImporter) -> (artifact id: '7c751de5e5167daefd984727065ef9f6') in 0.0435213 seconds
Number of updated asset objects reloaded before import = 0Number of asset objects unloaded after import = 1

========================================================================
Received Import Request.
  Time since last request: 11.155132 seconds.
  path: Assets/TextMesh Pro/Resources/Fonts & Materials/LiberationSans SDF.asset
  artifactKey: Guid(8f586378b4e144a9851e7b34d9b748ee) Importer(815301076,1909f56bfc062723c751e8b465ee728b)
Start importing Assets/TextMesh Pro/Resources/Fonts & Materials/LiberationSans SDF.asset using Guid(8f586378b4e144a9851e7b34d9b748ee) Importer(815301076,1909f56bfc062723c751e8b465ee728b) (PreviewImporter) -> (artifact id: 'f94747f01c344135413e4fde648527ea') in 0.0346563 seconds
Number of updated asset objects reloaded before import = 0Number of asset objects unloaded after import = 9

========================================================================
Received Import Request.
  Time since last request: 0.000021 seconds.
  path: Assets/TextMesh Pro/Resources/Fonts & Materials/LiberationSans SDF - Outline.mat
  artifactKey: Guid(79459efec17a4d00a321bdcc27bbc385) Importer(815301076,1909f56bfc062723c751e8b465ee728b)
Start importing Assets/TextMesh Pro/Resources/Fonts & Materials/LiberationSans SDF - Outline.mat using Guid(79459efec17a4d00a321bdcc27bbc385) Importer(815301076,1909f56bfc062723c751e8b465ee728b) (PreviewImporter) -> (artifact id: '803281ab4390b66fb0b04431df628fc9') in 0.0184146 seconds
Number of updated asset objects reloaded before import = 0Number of asset objects unloaded after import = 2

========================================================================
Received Import Request.
  Time since last request: 0.639711 seconds.
  path: Assets/TextMesh Pro/Examples & Extras/Resources/Fonts & Materials/Electronic Highway Sign SDF.asset
  artifactKey: Guid(dc36b3fdc14f47ebb36fd484a67e268a) Importer(815301076,1909f56bfc062723c751e8b465ee728b)
Start importing Assets/TextMesh Pro/Examples & Extras/Resources/Fonts & Materials/Electronic Highway Sign SDF.asset using Guid(dc36b3fdc14f47ebb36fd484a67e268a) Importer(815301076,1909f56bfc062723c751e8b465ee728b) (PreviewImporter) -> (artifact id: '0f6b08dbb7f8e56d3ad389725d1bd4ea') in 0.0171684 seconds
Number of updated asset objects reloaded before import = 0Number of asset objects unloaded after import = 6

========================================================================
Received Import Request.
  Time since last request: 0.000020 seconds.
  path: Assets/TextMesh Pro/Examples & Extras/Resources/Fonts & Materials/Roboto-Bold SDF.asset
  artifactKey: Guid(5302535af1044152a457ed104f1f4b91) Importer(815301076,1909f56bfc062723c751e8b465ee728b)
Start importing Assets/TextMesh Pro/Examples & Extras/Resources/Fonts & Materials/Roboto-Bold SDF.asset using Guid(5302535af1044152a457ed104f1f4b91) Importer(815301076,1909f56bfc062723c751e8b465ee728b) (PreviewImporter) -> (artifact id: '3fe29eece082691d992f6fa214871df8') in 0.0180446 seconds
Number of updated asset objects reloaded before import = 0Number of asset objects unloaded after import = 6

========================================================================
Received Import Request.
  Time since last request: 251.830376 seconds.
  path: Assets/_Course Library/Materials/Object Materials
  artifactKey: Guid(4e803f24a919e4f86aa36d88cb8b37ee) Importer(815301076,1909f56bfc062723c751e8b465ee728b)
Start importing Assets/_Course Library/Materials/Object Materials using Guid(4e803f24a919e4f86aa36d88cb8b37ee) Importer(815301076,1909f56bfc062723c751e8b465ee728b) (PreviewImporter) -> (artifact id: '13f896e14ca774bb9a9d2614bbb08dab') in 0.0007364 seconds
Number of updated asset objects reloaded before import = 0Number of asset objects unloaded after import = 0

========================================================================
Received Import Request.
  Time since last request: 0.091440 seconds.
  path: Assets/_Course Library/Materials/Object Materials/CakeBase_AlbedoTransparency.png
  artifactKey: Guid(83081177a95168744997dc979c13accf) Importer(815301076,1909f56bfc062723c751e8b465ee728b)
Start importing Assets/_Course Library/Materials/Object Materials/CakeBase_AlbedoTransparency.png using Guid(83081177a95168744997dc979c13accf) Importer(815301076,1909f56bfc062723c751e8b465ee728b) (PreviewImporter)[Licensing::Client] Successfully resolved entitlement details
[Licensing::Client] Successfully resolved entitlement details
 -> (artifact id: 'd9399a075fecf352cdcdfa98965f1265') in 0.0191814 seconds
Number of updated asset objects reloaded before import = 0Number of asset objects unloaded after import = 2

========================================================================
Received Import Request.
  Time since last request: 0.000023 seconds.
  path: Assets/_Course Library/Materials/Object Materials/Donut_openPBR_shader1_AlbedoTransparency.png
  artifactKey: Guid(dea1cdfc619feca4ba556d19d079877b) Importer(815301076,1909f56bfc062723c751e8b465ee728b)
Start importing Assets/_Course Library/Materials/Object Materials/Donut_openPBR_shader1_AlbedoTransparency.png using Guid(dea1cdfc619feca4ba556d19d079877b) Importer(815301076,1909f56bfc062723c751e8b465ee728b) (PreviewImporter) -> (artifact id: '41f38e4d940328c919c03881219f0a57') in 0.0146639 seconds
Number of updated asset objects reloaded before import = 0Number of asset objects unloaded after import = 2

========================================================================
Received Import Request.
  Time since last request: 0.000030 seconds.
  path: Assets/_Course Library/Materials/Object Materials/CatsMeowCake_openPBR_shader1_MaskMap.png
  artifactKey: Guid(332dc0374e26b3348b27e27807ea29e8) Importer(815301076,1909f56bfc062723c751e8b465ee728b)
Start importing Assets/_Course Library/Materials/Object Materials/CatsMeowCake_openPBR_shader1_MaskMap.png using Guid(332dc0374e26b3348b27e27807ea29e8) Importer(815301076,1909f56bfc062723c751e8b465ee728b) (PreviewImporter) -> (artifact id: '3a5bc97d6542bc4f6ec1f2ad531f5469') in 0.0143345 seconds
Number of updated asset objects reloaded before import = 0Number of asset objects unloaded after import = 2

========================================================================
Received Import Request.
  Time since last request: 0.000020 seconds.
  path: Assets/_Course Library/Materials/Object Materials/ChocoCake_Normal.png
  artifactKey: Guid(e48a5a0812335344ab05102454b6afa5) Importer(815301076,1909f56bfc062723c751e8b465ee728b)
Start importing Assets/_Course Library/Materials/Object Materials/ChocoCake_Normal.png using Guid(e48a5a0812335344ab05102454b6afa5) Importer(815301076,1909f56bfc062723c751e8b465ee728b) (PreviewImporter) -> (artifact id: '9a2958ed4aaa58e3a9e40531fadcbd5c') in 0.0152631 seconds
Number of updated asset objects reloaded before import = 0Number of asset objects unloaded after import = 2

========================================================================
Received Import Request.
  Time since last request: 0.000019 seconds.
  path: Assets/_Course Library/Materials/Object Materials/PaintingUVs 1.jpg
  artifactKey: Guid(a0a336152c139294faf8e3384829c04e) Importer(815301076,1909f56bfc062723c751e8b465ee728b)
Start importing Assets/_Course Library/Materials/Object Materials/PaintingUVs 1.jpg using Guid(a0a336152c139294faf8e3384829c04e) Importer(815301076,1909f56bfc062723c751e8b465ee728b) (PreviewImporter) -> (artifact id: 'aeeafb538ea317fb54e674b11e1d8e54') in 0.0182896 seconds
Number of updated asset objects reloaded before import = 0Number of asset objects unloaded after import = 2

========================================================================
Received Import Request.
  Time since last request: 0.000018 seconds.
  path: Assets/_Course Library/Materials/Object Materials/M_Mom.mat
  artifactKey: Guid(4227d1c2abdeede45a93e143cbec330b) Importer(815301076,1909f56bfc062723c751e8b465ee728b)
Start importing Assets/_Course Library/Materials/Object Materials/M_Mom.mat using Guid(4227d1c2abdeede45a93e143cbec330b) Importer(815301076,1909f56bfc062723c751e8b465ee728b) (PreviewImporter) -> (artifact id: '157369404156fd7bf833bed4aaeb1e21') in 0.01246 seconds
Number of updated asset objects reloaded before import = 0Number of asset objects unloaded after import = 2

========================================================================
Received Import Request.
  Time since last request: 0.000022 seconds.
  path: Assets/_Course Library/Materials/Object Materials/M_CakeBase.mat
  artifactKey: Guid(25618ce778c559b42bf4cad882707a29) Importer(815301076,1909f56bfc062723c751e8b465ee728b)
Start importing Assets/_Course Library/Materials/Object Materials/M_CakeBase.mat using Guid(25618ce778c559b42bf4cad882707a29) Importer(815301076,1909f56bfc062723c751e8b465ee728b) (PreviewImporter) -> (artifact id: 'ab10c9d55c989825cb5a9d005787551c') in 0.0126488 seconds
Number of updated asset objects reloaded before import = 0Number of asset objects unloaded after import = 1

========================================================================
Received Import Request.
  Time since last request: 0.000025 seconds.
  path: Assets/_Course Library/Materials/Object Materials/CatsMeowCake_openPBR_shader1_BaseMap.png
  artifactKey: Guid(df02f280e1fba3f4995610051a91932f) Importer(815301076,1909f56bfc062723c751e8b465ee728b)
Start importing Assets/_Course Library/Materials/Object Materials/CatsMeowCake_openPBR_shader1_BaseMap.png using Guid(df02f280e1fba3f4995610051a91932f) Importer(815301076,1909f56bfc062723c751e8b465ee728b) (PreviewImporter) -> (artifact id: '2fde417883998d5f7ff5c26e225839b8') in 0.0166247 seconds
Number of updated asset objects reloaded before import = 0Number of asset objects unloaded after import = 2

========================================================================
Received Import Request.
  Time since last request: 0.000024 seconds.
  path: Assets/_Course Library/Materials/Object Materials/DoneDonut_AlbedoTransparency.png
  artifactKey: Guid(efe61a8b30700794a806b325322de5c2) Importer(815301076,1909f56bfc062723c751e8b465ee728b)
Start importing Assets/_Course Library/Materials/Object Materials/DoneDonut_AlbedoTransparency.png using Guid(efe61a8b30700794a806b325322de5c2) Importer(815301076,1909f56bfc062723c751e8b465ee728b) (PreviewImporter) -> (artifact id: '877b7d0ab7efaaed9306ebab61dd06a3') in 0.0136974 seconds
Number of updated asset objects reloaded before import = 0Number of asset objects unloaded after import = 2

========================================================================
Received Import Request.
  Time since last request: 0.000028 seconds.
  path: Assets/_Course Library/Materials/Object Materials/NightCraweler_openPBR_shader1_Normal.png
  artifactKey: Guid(5737ea5cfcd91ec4787e92f5d79ec4d0) Importer(815301076,1909f56bfc062723c751e8b465ee728b)
Start importing Assets/_Course Library/Materials/Object Materials/NightCraweler_openPBR_shader1_Normal.png using Guid(5737ea5cfcd91ec4787e92f5d79ec4d0) Importer(815301076,1909f56bfc062723c751e8b465ee728b) (PreviewImporter) -> (artifact id: 'c7d274c611311713c14f522647467488') in 0.0137306 seconds
Number of updated asset objects reloaded before import = 0Number of asset objects unloaded after import = 2

========================================================================
Received Import Request.
  Time since last request: 0.000019 seconds.
  path: Assets/_Course Library/Materials/Object Materials/PaintingUVs (2).jpg
  artifactKey: Guid(ca2e7bebfd65b1d428c483a7ea38a13c) Importer(815301076,1909f56bfc062723c751e8b465ee728b)
Start importing Assets/_Course Library/Materials/Object Materials/PaintingUVs (2).jpg using Guid(ca2e7bebfd65b1d428c483a7ea38a13c) Importer(815301076,1909f56bfc062723c751e8b465ee728b) (PreviewImporter) -> (artifact id: 'cec39038b8b029a3c2dd495fdb485e1d') in 0.0142736 seconds
Number of updated asset objects reloaded before import = 0Number of asset objects unloaded after import = 2

========================================================================
Received Import Request.
  Time since last request: 0.000022 seconds.
  path: Assets/_Course Library/Materials/Object Materials/ChocoPumpkin_openPBR_shader1_AlbedoTransparency.png
  artifactKey: Guid(fb78e538ecb3ea341987b1ec2ef53ec8) Importer(815301076,1909f56bfc062723c751e8b465ee728b)
Start importing Assets/_Course Library/Materials/Object Materials/ChocoPumpkin_openPBR_shader1_AlbedoTransparency.png using Guid(fb78e538ecb3ea341987b1ec2ef53ec8) Importer(815301076,1909f56bfc062723c751e8b465ee728b) (PreviewImporter) -> (artifact id: '073129f23655c7305ef878aa5871da65') in 0.014316 seconds
Number of updated asset objects reloaded before import = 0Number of asset objects unloaded after import = 2

========================================================================
Received Import Request.
  Time since last request: 0.000027 seconds.
  path: Assets/_Course Library/Materials/Object Materials/DoneDonut_MetallicSmoothness.png
  artifactKey: Guid(1937c283b235591448d51cf21c3bd189) Importer(815301076,1909f56bfc062723c751e8b465ee728b)
Start importing Assets/_Course Library/Materials/Object Materials/DoneDonut_MetallicSmoothness.png using Guid(1937c283b235591448d51cf21c3bd189) Importer(815301076,1909f56bfc062723c751e8b465ee728b) (PreviewImporter) -> (artifact id: '7dfd231949f5a5c001f6a8be08aa37f0') in 0.0060821 seconds
Number of updated asset objects reloaded before import = 0Number of asset objects unloaded after import = 2

========================================================================
Received Import Request.
  Time since last request: 0.000016 seconds.
  path: Assets/_Course Library/Materials/Object Materials/CakeBase_Normal.png
  artifactKey: Guid(70873b2b72d7b1a4db3ff22d1181b994) Importer(815301076,1909f56bfc062723c751e8b465ee728b)
Start importing Assets/_Course Library/Materials/Object Materials/CakeBase_Normal.png using Guid(70873b2b72d7b1a4db3ff22d1181b994) Importer(815301076,1909f56bfc062723c751e8b465ee728b) (PreviewImporter) -> (artifact id: '713239782032a6f5ed3f2865732a3986') in 0.0118053 seconds
Number of updated asset objects reloaded before import = 0Number of asset objects unloaded after import = 2

========================================================================
Received Import Request.
  Time since last request: 0.000020 seconds.
  path: Assets/_Course Library/Materials/Object Materials/ChocoPumpkin_openPBR_shader1_MetallicSmoothness.png
  artifactKey: Guid(f3fa1e998ce7fa94c963149de68a2d2d) Importer(815301076,1909f56bfc062723c751e8b465ee728b)
Start importing Assets/_Course Library/Materials/Object Materials/ChocoPumpkin_openPBR_shader1_MetallicSmoothness.png using Guid(f3fa1e998ce7fa94c963149de68a2d2d) Importer(815301076,1909f56bfc062723c751e8b465ee728b) (PreviewImporter) -> (artifact id: '264b2241f4a7a3ff9bd85f3dbda5382b') in 0.0057921 seconds
Number of updated asset objects reloaded before import = 0Number of asset objects unloaded after import = 2

========================================================================
Received Import Request.
  Time since last request: 43.321491 seconds.
  path: Assets/Samples/XR Interaction Toolkit/2.5.2/XR Device Simulator/UI/General/btn_bgbottom.png
  artifactKey: Guid(89cb99e3e22696848a1cbce7b320f520) Importer(815301076,1909f56bfc062723c751e8b465ee728b)
Start importing Assets/Samples/XR Interaction Toolkit/2.5.2/XR Device Simulator/UI/General/btn_bgbottom.png using Guid(89cb99e3e22696848a1cbce7b320f520) Importer(815301076,1909f56bfc062723c751e8b465ee728b) (PreviewImporter) -> (artifact id: 'c408d6bb9383251f99232da2fd3e3b1e') in 0.0394187 seconds
Number of updated asset objects reloaded before import = 0Number of asset objects unloaded after import = 3

========================================================================
Received Import Request.
  Time since last request: 0.000020 seconds.
  path: Assets/Samples/XR Interaction Toolkit/2.5.2/XR Device Simulator/UI/ControllerDevice/ControllerRight.png
  artifactKey: Guid(17c263f6077f14b218b13656aacd9551) Importer(815301076,1909f56bfc062723c751e8b465ee728b)
Start importing Assets/Samples/XR Interaction Toolkit/2.5.2/XR Device Simulator/UI/ControllerDevice/ControllerRight.png using Guid(17c263f6077f14b218b13656aacd9551) Importer(815301076,1909f56bfc062723c751e8b465ee728b) (PreviewImporter) -> (artifact id: 'd30a64076058d67ef4aca292ac3fa4fe') in 0.02887 seconds
Number of updated asset objects reloaded before import = 0Number of asset objects unloaded after import = 3

========================================================================
Received Import Request.
  Time since last request: 0.000019 seconds.
  path: Assets/Samples/XR Interaction Toolkit/2.5.2/XR Device Simulator/UI/General/CycleXRDevices.png
  artifactKey: Guid(731e7aed8e9f540ac8bf2a7b66abdaf6) Importer(815301076,1909f56bfc062723c751e8b465ee728b)
Start importing Assets/Samples/XR Interaction Toolkit/2.5.2/XR Device Simulator/UI/General/CycleXRDevices.png using Guid(731e7aed8e9f540ac8bf2a7b66abdaf6) Importer(815301076,1909f56bfc062723c751e8b465ee728b) (PreviewImporter) -> (artifact id: 'daf3411b451ee81d29e90b1207e742de') in 0.0300478 seconds
Number of updated asset objects reloaded before import = 0Number of asset objects unloaded after import = 3

========================================================================
Received Import Request.
  Time since last request: 0.000023 seconds.
  path: Assets/Samples/XR Interaction Toolkit/2.5.2/XR Device Simulator/UI/ControllerDevice/ControllerOverlayLinesLeft.png
  artifactKey: Guid(cd4fe4c19a40743a6896069a50a394ec) Importer(815301076,1909f56bfc062723c751e8b465ee728b)
Start importing Assets/Samples/XR Interaction Toolkit/2.5.2/XR Device Simulator/UI/ControllerDevice/ControllerOverlayLinesLeft.png using Guid(cd4fe4c19a40743a6896069a50a394ec) Importer(815301076,1909f56bfc062723c751e8b465ee728b) (PreviewImporter) -> (artifact id: 'bd9f3eb7281a1276fb731f0c696be092') in 0.0262519 seconds
Number of updated asset objects reloaded before import = 0Number of asset objects unloaded after import = 3

========================================================================
Received Import Request.
  Time since last request: 0.000033 seconds.
  path: Assets/Samples/XR Interaction Toolkit/2.5.2/XR Device Simulator/UI/ControllerDevice/ControllerLeft.png
  artifactKey: Guid(10abf1be8eef148d4aa4b96b2af7a9f0) Importer(815301076,1909f56bfc062723c751e8b465ee728b)
Start importing Assets/Samples/XR Interaction Toolkit/2.5.2/XR Device Simulator/UI/ControllerDevice/ControllerLeft.png using Guid(10abf1be8eef148d4aa4b96b2af7a9f0) Importer(815301076,1909f56bfc062723c751e8b465ee728b) (PreviewImporter) -> (artifact id: '41dd85bece98646a10b0e8d49d9fd1ad') in 0.0148871 seconds
Number of updated asset objects reloaded before import = 0Number of asset objects unloaded after import = 3

========================================================================
Received Import Request.
  Time since last request: 23.152754 seconds.
  path: Assets/TextMesh Pro/Resources/Fonts & Materials/LiberationSans SDF - Fallback.asset
  artifactKey: Guid(2e498d1c8094910479dc3e1b768306a4) Importer(2089858483,192608db42251d675da83286b1cce702)
Start importing Assets/TextMesh Pro/Resources/Fonts & Materials/LiberationSans SDF - Fallback.asset using Guid(2e498d1c8094910479dc3e1b768306a4) Importer(2089858483,192608db42251d675da83286b1cce702) (ScriptedImporter) -> (artifact id: 'c7b8a4463f5362e659bdb7871d371d84') in 0.0315409 seconds
Number of updated asset objects reloaded before import = 0Number of asset objects unloaded after import = 5

Editor requested this worker to shutdown with reason: Scaling down because of idle timeout
AssetImportWorker is now disconnected from the server
Process exiting
Exiting without the bug reporter. Application will terminate with return code 0