[Licensing::Module] Trying to connect to existing licensing client channel...
Built from '6000.2/respin/6000.2.6f2-cc51a95c03' branch; Version is '6000.2.6f2 (4a4dcaec6541) revision 4869578'; Using compiler version '194234433'; Build Type 'Release'
[Licensing::IpcConnector] Successfully connected to: "LicenseClient-aweso" at "2025-12-03T06:46:50.9085126Z"
OS: 'Windows 11  (10.0.26200) 64bit Core' Language: 'en' Physical Memory: 31967 MB
BatchMode: 1, IsHumanControllingUs: 0, StartBugReporterOnCrash: 0, Is64bit: 1
Date: 2025-12-03T06:46:50Z

COMMAND LINE ARGUMENTS:
C:\Program Files\Unity\Hub\Editor\6000.2.6f2\Editor\Unity.exe
-adb2
-batchMode
-noUpm
-name
AssetImportWorker65
-projectPath
C:/Users/aweso/Documents/SugarBound.07
-logFile
Logs/AssetImportWorker65.log
-srvPort
53752
-licensingIpc
LicenseClient-aweso
-job-worker-count
7
-background-job-worker-count
8
-gc-helper-count
1
-name
AssetImport
Successfully changed project path to: C:/Users/aweso/Documents/SugarBound.07
C:/Users/aweso/Documents/SugarBound.07
[UnityMemory] Configuration Parameters - Can be set up in boot.config
    "memorysetup-allocator-temp-initial-block-size-main=262144"
    "memorysetup-allocator-temp-initial-block-size-worker=262144"
    "memorysetup-bucket-allocator-granularity=16"
    "memorysetup-bucket-allocator-bucket-count=8"
    "memorysetup-bucket-allocator-block-size=33554432"
    "memorysetup-bucket-allocator-block-count=8"
    "memorysetup-main-allocator-block-size=16777216"
    "memorysetup-thread-allocator-block-size=16777216"
    "memorysetup-gfx-main-allocator-block-size=16777216"
    "memorysetup-gfx-thread-allocator-block-size=16777216"
    "memorysetup-cache-allocator-block-size=4194304"
    "memorysetup-typetree-allocator-block-size=2097152"
    "memorysetup-profiler-bucket-allocator-granularity=16"
    "memorysetup-profiler-bucket-allocator-bucket-count=8"
    "memorysetup-profiler-bucket-allocator-block-size=33554432"
    "memorysetup-profiler-bucket-allocator-block-count=8"
    "memorysetup-profiler-allocator-block-size=16777216"
    "memorysetup-profiler-editor-allocator-block-size=1048576"
    "memorysetup-temp-allocator-size-main=16777216"
    "memorysetup-job-temp-allocator-block-size=2097152"
    "memorysetup-job-temp-allocator-block-size-background=1048576"
    "memorysetup-job-temp-allocator-reduction-small-platforms=262144"
    "memorysetup-temp-allocator-size-background-worker=32768"
    "memorysetup-temp-allocator-size-job-worker=262144"
    "memorysetup-temp-allocator-size-preload-manager=33554432"
    "memorysetup-temp-allocator-size-nav-mesh-worker=65536"
    "memorysetup-temp-allocator-size-audio-worker=65536"
    "memorysetup-temp-allocator-size-cloud-worker=32768"
    "memorysetup-temp-allocator-size-gi-baking-worker=262144"
    "memorysetup-temp-allocator-size-gi-baking-worker=262144"
    "memorysetup-temp-allocator-size-gi-baking-worker=262144"
    "memorysetup-temp-allocator-size-gi-baking-worker=262144"
    "memorysetup-temp-allocator-size-gi-baking-worker=262144"
    "memorysetup-temp-allocator-size-gfx=262144"
Player connection [95568]  Target information:

Player connection [95568]  * "[IP] 192.168.1.127 [Port] 0 [Flags] 2 [Guid] 4251919401 [EditorId] 4251919401 [Version] 1048832 [Id] WindowsEditor(7,DevinPC) [Debug] 1 [PackageName] WindowsEditor [ProjectName] Editor" 

Player connection [95568] Host joined multi-casting on [225.0.0.222:54997]...
Player connection [95568] Host joined alternative multi-casting on [225.0.0.222:34997]...
JobSystem: Creating JobQueue using job-worker-count value 7
Input System module state changed to: Initialized.
[Physics::Module] Initialized fallback backend.
[Physics::Module] Id: 0xdecafbad
[Licensing::Client] Code 10 while verifying Licensing Client signature (process Id: 31572, path: "C:/Program Files/Unity Hub/UnityLicensingClient_V1/Unity.Licensing.Client.exe")
[Licensing::Module] LicensingClient has failed validation; ignoring
[Licensing::Client] Handshaking with LicensingClient:
  Version:                 1.17.3+a4e98f1
  Session Id:              a34da47b5bd94169b828a0bbb18ace73
  Correlation Id:          ebc368e6c0632ba8f55a6b47cfb5cd2c
  External correlation Id: 5662023209648574599
  Machine Id:              cPCzQz9axXHQmewSXrMKmPRaxqY=
[Licensing::Module] Successfully connected to LicensingClient on channel: "LicenseClient-aweso" (connect: 0.00s, validation: 0.00s, handshake: 0.03s)
[Licensing::IpcConnector] Successfully connected to: "LicenseClient-aweso-notifications" at "2025-12-03T06:46:50.9401333Z"
[Licensing::Module] Licensing Background thread has ended after 0.03s
Library Redirect Path: Library/
[Physics::Module] Selected backend.
[Physics::Module] Name: PhysX
[Physics::Module] Id: 0xf2b8ea05
[Physics::Module] SDK Version: 4.1.2
[Physics::Module] Integration Version: 1.0.0
[Physics::Module] Threading Mode: Multi-Threaded
[Licensing::Client] Successfully resolved entitlement details
[Licensing::Module] License group:
  Id: 1375641944432-UnityPersXXXX
  Product: Unity Personal
  Type: Assigned
  Expiration: Unlimited
Refreshing native plugins compatible for Editor in 14.32 ms, found 10 plugins.
Unity memory allocator detected: MetaXRAudio native memory allocations will be tracked.
Preloading 1 native plugins for Editor in 0.77 ms.
Initialize engine version: 6000.2.6f2 (4a4dcaec6541)
[Subsystems] Discovering subsystems at path C:/Program Files/Unity/Hub/Editor/6000.2.6f2/Editor/Data/Resources/UnitySubsystems
[Subsystems] Discovering subsystems at path C:/Users/aweso/Documents/SugarBound.07/Assets
GfxDevice: creating device client; kGfxThreadingModeNonThreaded
Direct3D:
    Version:  Direct3D 11.0 [level 11.1]
    Renderer: NVIDIA GeForce RTX 4060 Ti (ID=0x2803)
    Vendor:   NVIDIA
    VRAM:     7949 MB
    Driver:   32.0.15.8157
Initialize mono
Mono path[0] = 'C:/Program Files/Unity/Hub/Editor/6000.2.6f2/Editor/Data/Managed'
Mono path[1] = 'C:/Program Files/Unity/Hub/Editor/6000.2.6f2/Editor/Data/MonoBleedingEdge/lib/mono/unityjit-win32'
Mono config path = 'C:/Program Files/Unity/Hub/Editor/6000.2.6f2/Editor/Data/MonoBleedingEdge/etc'
Using monoOptions --debugger-agent=transport=dt_socket,embedding=1,server=y,suspend=n,address=127.0.0.1:56460
Begin MonoManager ReloadAssembly
Registering precompiled unity dll's ...
Register platform support module: C:/Program Files/Unity/Hub/Editor/6000.2.6f2/Editor/Data/PlaybackEngines/WindowsStandaloneSupport/UnityEditor.WindowsStandalone.Extensions.dll
[Licensing::Client] Successfully resolved entitlement details
Register platform support module: C:/Program Files/Unity/Hub/Editor/6000.2.6f2/Editor/Data/PlaybackEngines/MetroSupport/UnityEditor.UWP.Extensions.dll
Register platform support module: C:/Program Files/Unity/Hub/Editor/6000.2.6f2/Editor/Data/PlaybackEngines/AndroidPlayer/UnityEditor.Android.Extensions.dll
Registered in 0.005766 seconds.
- Loaded All Assemblies, in  0.330 seconds
Native extension for Android target not found
Android Extension - Scanning For ADB Devices 230 ms
Native extension for UWP target not found
Native extension for WindowsStandalone target not found
Mono: successfully reloaded assembly
- Finished resetting the current domain, in  0.513 seconds
Domain Reload Profiling: 840ms
	BeginReloadAssembly (107ms)
		ExecutionOrderSort (0ms)
		DisableScriptedObjects (0ms)
		BackupInstance (0ms)
		ReleaseScriptingObjects (0ms)
		CreateAndSetChildDomain (1ms)
	RebuildCommonClasses (30ms)
	RebuildNativeTypeToScriptingClass (9ms)
	initialDomainReloadingComplete (46ms)
	LoadAllAssembliesAndSetupDomain (134ms)
		LoadAssemblies (106ms)
		RebuildTransferFunctionScriptingTraits (0ms)
		AnalyzeDomain (131ms)
			TypeCache.Refresh (129ms)
				TypeCache.ScanAssembly (119ms)
			BuildScriptInfoCaches (0ms)
			ResolveRequiredComponents (0ms)
	FinalizeReload (514ms)
		ReleaseScriptCaches (0ms)
		RebuildScriptCaches (0ms)
		SetupLoadedEditorAssemblies (477ms)
			LogAssemblyErrors (0ms)
			InitializePlatformSupportModulesInManaged (312ms)
			SetLoadedEditorAssemblies (2ms)
			BeforeProcessingInitializeOnLoad (41ms)
			ProcessInitializeOnLoadAttributes (82ms)
			ProcessInitializeOnLoadMethodAttributes (39ms)
			AfterProcessingInitializeOnLoad (0ms)
			EditorAssembliesLoaded (0ms)
		ExecutionOrderSort2 (0ms)
		AwakeInstancesAfterBackupRestoration (0ms)
========================================================================
Worker process is ready to serve import requests
Import Worker Mode flag is 0x00
Begin MonoManager ReloadAssembly
[Licensing::Client] Successfully resolved entitlement details
- Loaded All Assemblies, in  0.597 seconds
Refreshing native plugins compatible for Editor in 9.01 ms, found 10 plugins.
Native extension for Android target not found
Native extension for UWP target not found
Native extension for WindowsStandalone target not found
Package Manager log level set to [2]
[Package Manager] Failed to launch server process. Reason: Unity was launched with the -noUpm command-line argument
[Package Manager] Unable to send message (not connected to server process).
[Package Manager] Cannot connect to Unity Package Manager local server
The project currently uses the compatibility mode where the Render Graph API is disabled. Support for this mode will be removed in future Unity versions. Migrate existing ScriptableRenderPasses to the new RenderGraph API. After the migration, disable the compatibility mode in Edit > Projects Settings > Graphics > Render Graph.
UnityEngine.Debug:ExtractStackTraceNoAlloc (byte*,int,string)
UnityEngine.StackTraceUtility:ExtractStackTrace ()
UnityEngine.DebugLogHandler:Internal_Log (UnityEngine.LogType,UnityEngine.LogOption,string,UnityEngine.Object)
UnityEngine.DebugLogHandler:LogFormat (UnityEngine.LogType,UnityEngine.Object,string,object[])
UnityEngine.Logger:Log (UnityEngine.LogType,object)
UnityEngine.Debug:LogWarning (object)
UnityEngine.Rendering.Universal.WarnUsingNonRenderGraph:EmitConsoleWarning () (at ./Library/PackageCache/com.unity.render-pipelines.universal@1e1527b3a17b/Runtime/Data/UniversalRenderPipelineAsset.cs:432)
System.Reflection.RuntimeMethodInfo:Invoke (object,System.Reflection.BindingFlags,System.Reflection.Binder,object[],System.Globalization.CultureInfo)
System.Reflection.MethodBase:Invoke (object,object[])
UnityEditor.EditorAssemblies:ProcessInitializeOnLoadMethodAttributes ()

(Filename: ./Library/PackageCache/com.unity.render-pipelines.universal@1e1527b3a17b/Runtime/Data/UniversalRenderPipelineAsset.cs Line: 432)

Mono: successfully reloaded assembly
[Package Manager] Failed to launch server process. Reason: Unity was launched with the -noUpm command-line argument
[Package Manager] Unable to send message (not connected to server process).
[Package Manager] Cannot connect to Unity Package Manager local server
[Package Manager] Failed to launch server process. Reason: Unity was launched with the -noUpm command-line argument
[Package Manager] Unable to send message (not connected to server process).
[Package Manager] Cannot connect to Unity Package Manager local server
- Finished resetting the current domain, in  0.663 seconds
Domain Reload Profiling: 1255ms
	BeginReloadAssembly (133ms)
		ExecutionOrderSort (0ms)
		DisableScriptedObjects (4ms)
		BackupInstance (0ms)
		ReleaseScriptingObjects (0ms)
		CreateAndSetChildDomain (26ms)
	RebuildCommonClasses (28ms)
	RebuildNativeTypeToScriptingClass (9ms)
	initialDomainReloadingComplete (28ms)
	LoadAllAssembliesAndSetupDomain (394ms)
		LoadAssemblies (273ms)
		RebuildTransferFunctionScriptingTraits (0ms)
		AnalyzeDomain (194ms)
			TypeCache.Refresh (144ms)
				TypeCache.ScanAssembly (131ms)
			BuildScriptInfoCaches (39ms)
			ResolveRequiredComponents (8ms)
	FinalizeReload (663ms)
		ReleaseScriptCaches (0ms)
		RebuildScriptCaches (0ms)
		SetupLoadedEditorAssemblies (517ms)
			LogAssemblyErrors (0ms)
			InitializePlatformSupportModulesInManaged (6ms)
			SetLoadedEditorAssemblies (4ms)
			BeforeProcessingInitializeOnLoad (98ms)
			ProcessInitializeOnLoadAttributes (319ms)
			ProcessInitializeOnLoadMethodAttributes (86ms)
			AfterProcessingInitializeOnLoad (4ms)
			EditorAssembliesLoaded (0ms)
		ExecutionOrderSort2 (0ms)
		AwakeInstancesAfterBackupRestoration (4ms)
Launched and connected shader compiler UnityShaderCompiler.exe after 0.01 seconds
Refreshing native plugins compatible for Editor in 7.79 ms, found 10 plugins.
Preloading 1 native plugins for Editor in 0.05 ms.
Unloading 14 Unused Serialized files (Serialized files now loaded: 0)
Unloading 7245 unused Assets / (4.1 MB). Loaded Objects now: 7980.
Memory consumption went from 138.6 MB to 134.5 MB.
Total: 6.739300 ms (FindLiveObjects: 0.689500 ms CreateObjectMapping: 0.246700 ms MarkObjects: 3.874500 ms  DeleteObjects: 1.927700 ms)

========================================================================
Received Import Request.
  Time since last request: 94279.522391 seconds.
  path: Assets/_Course Library/_Prefabs/Lighting/CeilingFan.prefab
  artifactKey: Guid(a742bb07c68d7b644ab99195b3b5eeb7) Importer(815301076,1909f56bfc062723c751e8b465ee728b)
Start importing Assets/_Course Library/_Prefabs/Lighting/CeilingFan.prefab using Guid(a742bb07c68d7b644ab99195b3b5eeb7) Importer(815301076,1909f56bfc062723c751e8b465ee728b) (PreviewImporter)CommandBuffer: temporary render texture  not found while executing  (Copy source)
UnityEngine.Debug:ExtractStackTraceNoAlloc (byte*,int,string)
UnityEngine.StackTraceUtility:ExtractStackTrace ()
UnityEngine.Rendering.ScriptableRenderContext:Submit ()
UnityEngine.Rendering.Universal.UniversalRenderPipeline:RenderSingleCamera (UnityEngine.Rendering.ScriptableRenderContext,UnityEngine.Rendering.Universal.UniversalCameraData) (at ./Library/PackageCache/com.unity.render-pipelines.universal@1e1527b3a17b/Runtime/UniversalRenderPipeline.cs:891)
UnityEngine.Rendering.Universal.UniversalRenderPipeline:RenderSingleCameraInternal (UnityEngine.Rendering.ScriptableRenderContext,UnityEngine.Camera,UnityEngine.Rendering.Universal.UniversalAdditionalCameraData&,bool) (at ./Library/PackageCache/com.unity.render-pipelines.universal@1e1527b3a17b/Runtime/UniversalRenderPipeline.cs:691)
UnityEngine.Rendering.Universal.UniversalRenderPipeline:RenderSingleCameraInternal (UnityEngine.Rendering.ScriptableRenderContext,UnityEngine.Camera,bool) (at ./Library/PackageCache/com.unity.render-pipelines.universal@1e1527b3a17b/Runtime/UniversalRenderPipeline.cs:666)
UnityEngine.Rendering.Universal.UniversalRenderPipeline:Render (UnityEngine.Rendering.ScriptableRenderContext,System.Collections.Generic.List`1<UnityEngine.Camera>) (at ./Library/PackageCache/com.unity.render-pipelines.universal@1e1527b3a17b/Runtime/UniversalRenderPipeline.cs:483)
UnityEngine.Rendering.RenderPipeline:InternalRender (UnityEngine.Rendering.ScriptableRenderContext,System.Collections.Generic.List`1<UnityEngine.Camera>)
UnityEngine.Rendering.RenderPipelineManager:DoRenderLoop_Internal (UnityEngine.Rendering.RenderPipelineAsset,intptr,UnityEngine.Object,Unity.Collections.LowLevel.Unsafe.AtomicSafetyHandle)
UnityEngine.Camera:Render ()
UnityEditor.PreviewRenderUtility:Render (bool,bool)
UnityEditor.GameObjectInspector:DoRenderPreview (UnityEditor.GameObjectInspector/PreviewData)
UnityEditor.GameObjectInspector:RenderStaticPreview (string,UnityEngine.Object[],int,int)
UnityEditor.AssetPreviewUpdater:CreatePreview (UnityEngine.Object,UnityEngine.Object[],string,int,int)
UnityEditor.AssetPreviewUpdater:CreatePreviewForAsset (UnityEngine.Object,UnityEngine.Object[],string)

[./Library/PackageCache/com.unity.render-pipelines.universal@1e1527b3a17b/Runtime/UniversalRenderPipeline.cs line 891]

CommandBuffer: temporary render texture  not found while executing  (Copy destination)
UnityEngine.Debug:ExtractStackTraceNoAlloc (byte*,int,string)
UnityEngine.StackTraceUtility:ExtractStackTrace ()
UnityEngine.Rendering.ScriptableRenderContext:Submit ()
UnityEngine.Rendering.Universal.UniversalRenderPipeline:RenderSingleCamera (UnityEngine.Rendering.ScriptableRenderContext,UnityEngine.Rendering.Universal.UniversalCameraData) (at ./Library/PackageCache/com.unity.render-pipelines.universal@1e1527b3a17b/Runtime/UniversalRenderPipeline.cs:891)
UnityEngine.Rendering.Universal.UniversalRenderPipeline:RenderSingleCameraInternal (UnityEngine.Rendering.ScriptableRenderContext,UnityEngine.Camera,UnityEngine.Rendering.Universal.UniversalAdditionalCameraData&,bool) (at ./Library/PackageCache/com.unity.render-pipelines.universal@1e1527b3a17b/Runtime/UniversalRenderPipeline.cs:691)
UnityEngine.Rendering.Universal.UniversalRenderPipeline:RenderSingleCameraInternal (UnityEngine.Rendering.ScriptableRenderContext,UnityEngine.Camera,bool) (at ./Library/PackageCache/com.unity.render-pipelines.universal@1e1527b3a17b/Runtime/UniversalRenderPipeline.cs:666)
UnityEngine.Rendering.Universal.UniversalRenderPipeline:Render (UnityEngine.Rendering.ScriptableRenderContext,System.Collections.Generic.List`1<UnityEngine.Camera>) (at ./Library/PackageCache/com.unity.render-pipelines.universal@1e1527b3a17b/Runtime/UniversalRenderPipeline.cs:483)
UnityEngine.Rendering.RenderPipeline:InternalRender (UnityEngine.Rendering.ScriptableRenderContext,System.Collections.Generic.List`1<UnityEngine.Camera>)
UnityEngine.Rendering.RenderPipelineManager:DoRenderLoop_Internal (UnityEngine.Rendering.RenderPipelineAsset,intptr,UnityEngine.Object,Unity.Collections.LowLevel.Unsafe.AtomicSafetyHandle)
UnityEngine.Camera:Render ()
UnityEditor.PreviewRenderUtility:Render (bool,bool)
UnityEditor.GameObjectInspector:DoRenderPreview (UnityEditor.GameObjectInspector/PreviewData)
UnityEditor.GameObjectInspector:RenderStaticPreview (string,UnityEngine.Object[],int,int)
UnityEditor.AssetPreviewUpdater:CreatePreview (UnityEngine.Object,UnityEngine.Object[],string,int,int)
UnityEditor.AssetPreviewUpdater:CreatePreviewForAsset (UnityEngine.Object,UnityEngine.Object[],string)

[./Library/PackageCache/com.unity.render-pipelines.universal@1e1527b3a17b/Runtime/UniversalRenderPipeline.cs line 891]

 -> (artifact id: '842c64030ab37de75eba7876baf3a49e') in 0.2736301 seconds
Number of updated asset objects reloaded before import = 0Number of asset objects unloaded after import = 36

========================================================================
Received Import Request.
  Time since last request: 455.728334 seconds.
  path: Packages/com.unity.shadergraph/Editor/Resources/Styles/Controls/ChannelMixerControlView.uss
  artifactKey: Guid(99d6d41531ec36841953987e7ae78317) Importer(815301076,1909f56bfc062723c751e8b465ee728b)
Start importing Packages/com.unity.shadergraph/Editor/Resources/Styles/Controls/ChannelMixerControlView.uss using Guid(99d6d41531ec36841953987e7ae78317) Importer(815301076,1909f56bfc062723c751e8b465ee728b) (PreviewImporter) -> (artifact id: 'c17a717ae06fd1b5edcdc8607ae739b0') in 0.0061752 seconds
Number of updated asset objects reloaded before import = 0Number of asset objects unloaded after import = 1

========================================================================
Received Import Request.
  Time since last request: 0.000028 seconds.
  path: Packages/com.unity.timeline/Editor/StyleSheets/Images/Icons/d_TimelineEditModeMixON.png
  artifactKey: Guid(7c681ffb5a436684fa3e98a9b66775c0) Importer(815301076,1909f56bfc062723c751e8b465ee728b)
Start importing Packages/com.unity.timeline/Editor/StyleSheets/Images/Icons/d_TimelineEditModeMixON.png using Guid(7c681ffb5a436684fa3e98a9b66775c0) Importer(815301076,1909f56bfc062723c751e8b465ee728b) (PreviewImporter)[Licensing::Client] Successfully resolved entitlement details
[Licensing::Client] Successfully resolved entitlement details
 -> (artifact id: 'c564002eb9d32f959724cbacca1bca7f') in 0.0238917 seconds
Number of updated asset objects reloaded before import = 0Number of asset objects unloaded after import = 2

========================================================================
Received Import Request.
  Time since last request: 0.000023 seconds.
  path: Assets/Baker'sCorner/Tool/MxingBowl/MixingBowl.fbx
  artifactKey: Guid(fe6a10942f31c42d1af81d00656bf288) Importer(815301076,1909f56bfc062723c751e8b465ee728b)
Start importing Assets/Baker'sCorner/Tool/MxingBowl/MixingBowl.fbx using Guid(fe6a10942f31c42d1af81d00656bf288) Importer(815301076,1909f56bfc062723c751e8b465ee728b) (PreviewImporter) -> (artifact id: '186b32810c6b432b81f29dc56794f6d1') in 0.0590452 seconds
Number of updated asset objects reloaded before import = 0Number of asset objects unloaded after import = 8

========================================================================
Received Import Request.
  Time since last request: 0.000034 seconds.
  path: Assets/Baker'sCorner/Tool/MxingBowl/SM_MixingBowl_MixingBowls_Normal.png
  artifactKey: Guid(96e40ceb12ef645368c9510ab9c71e3a) Importer(815301076,1909f56bfc062723c751e8b465ee728b)
Start importing Assets/Baker'sCorner/Tool/MxingBowl/SM_MixingBowl_MixingBowls_Normal.png using Guid(96e40ceb12ef645368c9510ab9c71e3a) Importer(815301076,1909f56bfc062723c751e8b465ee728b) (PreviewImporter) -> (artifact id: 'ef6855663471b0fd1860911ca7575676') in 0.049368 seconds
Number of updated asset objects reloaded before import = 0Number of asset objects unloaded after import = 2

========================================================================
Received Import Request.
  Time since last request: 0.000020 seconds.
  path: Assets/Baker'sCorner/Ingredient/Models/Gunk/MixedIngredientsBowl.fbx
  artifactKey: Guid(f68bbb6ac0d1f40b48e824113a74c4e3) Importer(815301076,1909f56bfc062723c751e8b465ee728b)
Start importing Assets/Baker'sCorner/Ingredient/Models/Gunk/MixedIngredientsBowl.fbx using Guid(f68bbb6ac0d1f40b48e824113a74c4e3) Importer(815301076,1909f56bfc062723c751e8b465ee728b) (PreviewImporter) -> (artifact id: '489f00ec4f1113a5f9458e5060b8ae61') in 0.0203072 seconds
Number of updated asset objects reloaded before import = 0Number of asset objects unloaded after import = 8

========================================================================
Received Import Request.
  Time since last request: 0.000020 seconds.
  path: Assets/Baker'sCorner/Tool/MxingBowl/SM_MixingBowl_MixingBowls_MetallicSmoothness.png
  artifactKey: Guid(d0c15ba8cc65147aabafcfe39598a810) Importer(815301076,1909f56bfc062723c751e8b465ee728b)
Start importing Assets/Baker'sCorner/Tool/MxingBowl/SM_MixingBowl_MixingBowls_MetallicSmoothness.png using Guid(d0c15ba8cc65147aabafcfe39598a810) Importer(815301076,1909f56bfc062723c751e8b465ee728b) (PreviewImporter) -> (artifact id: '230babdca37efb613182b1c2264e5b98') in 0.0488523 seconds
Number of updated asset objects reloaded before import = 0Number of asset objects unloaded after import = 2

========================================================================
Received Import Request.
  Time since last request: 0.000028 seconds.
  path: Assets/Baker'sCorner/Tool/MxingBowl/M_MixingBowl.mat
  artifactKey: Guid(bfe664b633b5505439b675238b117bb8) Importer(815301076,1909f56bfc062723c751e8b465ee728b)
Start importing Assets/Baker'sCorner/Tool/MxingBowl/M_MixingBowl.mat using Guid(bfe664b633b5505439b675238b117bb8) Importer(815301076,1909f56bfc062723c751e8b465ee728b) (PreviewImporter) -> (artifact id: '7016554ea9e7c0f8528d430a635fd85b') in 0.1076943 seconds
Number of updated asset objects reloaded before import = 0Number of asset objects unloaded after import = 4

========================================================================
Received Import Request.
  Time since last request: 0.000030 seconds.
  path: Assets/Baker'sCorner/Tool/MxingBowl/SM_MixingBowl.fbx
  artifactKey: Guid(3cad8c4ceb2b641b0af760b89ac9726f) Importer(815301076,1909f56bfc062723c751e8b465ee728b)
Start importing Assets/Baker'sCorner/Tool/MxingBowl/SM_MixingBowl.fbx using Guid(3cad8c4ceb2b641b0af760b89ac9726f) Importer(815301076,1909f56bfc062723c751e8b465ee728b) (PreviewImporter) -> (artifact id: '9eb28bf504afa359bfe66bf1032d3753') in 0.0248095 seconds
Number of updated asset objects reloaded before import = 0Number of asset objects unloaded after import = 8

========================================================================
Received Import Request.
  Time since last request: 0.000023 seconds.
  path: Packages/com.unity.timeline/Editor/StyleSheets/Images/Icons/TimelineEditModeMixOFF.png
  artifactKey: Guid(8fca5ed160cdc5440a4c7561db4082b2) Importer(815301076,1909f56bfc062723c751e8b465ee728b)
Start importing Packages/com.unity.timeline/Editor/StyleSheets/Images/Icons/TimelineEditModeMixOFF.png using Guid(8fca5ed160cdc5440a4c7561db4082b2) Importer(815301076,1909f56bfc062723c751e8b465ee728b) (PreviewImporter) -> (artifact id: '12708f862c92c6a21ade2edb47a162bd') in 0.0123887 seconds
Number of updated asset objects reloaded before import = 0Number of asset objects unloaded after import = 2

========================================================================
Received Import Request.
  Time since last request: 18.902256 seconds.
  path: Assets/Baker'sCorner/Tool/RecipeBook.prefab
  artifactKey: Guid(410b9ea2b51ccda4e886fb94ed0245bc) Importer(815301076,1909f56bfc062723c751e8b465ee728b)
Start importing Assets/Baker'sCorner/Tool/RecipeBook.prefab using Guid(410b9ea2b51ccda4e886fb94ed0245bc) Importer(815301076,1909f56bfc062723c751e8b465ee728b) (PreviewImporter) -> (artifact id: 'b035d4ad2f298a57a49f195659c98423') in 0.042449 seconds
Number of updated asset objects reloaded before import = 0Number of asset objects unloaded after import = 88

========================================================================
Received Import Request.
  Time since last request: 24.419017 seconds.
  path: Assets/Baker'sCorner/Tool/RecipeBook.prefab
  artifactKey: Guid(410b9ea2b51ccda4e886fb94ed0245bc) Importer(815301076,1909f56bfc062723c751e8b465ee728b)
Start importing Assets/Baker'sCorner/Tool/RecipeBook.prefab using Guid(410b9ea2b51ccda4e886fb94ed0245bc) Importer(815301076,1909f56bfc062723c751e8b465ee728b) (PreviewImporter) -> (artifact id: 'e7cffcd53dd96bf77f8d8c1cea0fb24b') in 0.0192146 seconds
Number of updated asset objects reloaded before import = 0Number of asset objects unloaded after import = 88

========================================================================
Received Import Request.
  Time since last request: 2.134662 seconds.
  path: Assets/Baker'sCorner/Tool/RecipeBook.prefab
  artifactKey: Guid(410b9ea2b51ccda4e886fb94ed0245bc) Importer(815301076,1909f56bfc062723c751e8b465ee728b)
Start importing Assets/Baker'sCorner/Tool/RecipeBook.prefab using Guid(410b9ea2b51ccda4e886fb94ed0245bc) Importer(815301076,1909f56bfc062723c751e8b465ee728b) (PreviewImporter) -> (artifact id: '7b977cb6aa2d42b8c61d11bc6ac0d047') in 0.0304734 seconds
Number of updated asset objects reloaded before import = 0Number of asset objects unloaded after import = 88

========================================================================
Received Import Request.
  Time since last request: 4.158944 seconds.
  path: Assets/Baker'sCorner/Tool/RecipeBook.prefab
  artifactKey: Guid(410b9ea2b51ccda4e886fb94ed0245bc) Importer(815301076,1909f56bfc062723c751e8b465ee728b)
Start importing Assets/Baker'sCorner/Tool/RecipeBook.prefab using Guid(410b9ea2b51ccda4e886fb94ed0245bc) Importer(815301076,1909f56bfc062723c751e8b465ee728b) (PreviewImporter) -> (artifact id: '6ceb457b8c22dbbb9c3b14f0e74acde4') in 0.0186129 seconds
Number of updated asset objects reloaded before import = 0Number of asset objects unloaded after import = 88

========================================================================
Received Import Request.
  Time since last request: 9.410763 seconds.
  path: Assets/Baker'sCorner/Tool/RecipeBook.prefab
  artifactKey: Guid(410b9ea2b51ccda4e886fb94ed0245bc) Importer(815301076,1909f56bfc062723c751e8b465ee728b)
Start importing Assets/Baker'sCorner/Tool/RecipeBook.prefab using Guid(410b9ea2b51ccda4e886fb94ed0245bc) Importer(815301076,1909f56bfc062723c751e8b465ee728b) (PreviewImporter) -> (artifact id: '18d0950a6c0107b61c3d1d8ebc9cd5cc') in 0.0210203 seconds
Number of updated asset objects reloaded before import = 0Number of asset objects unloaded after import = 88

========================================================================
Received Import Request.
  Time since last request: 7.809535 seconds.
  path: Assets/Baker'sCorner/Tool/RecipeBook.prefab
  artifactKey: Guid(410b9ea2b51ccda4e886fb94ed0245bc) Importer(815301076,1909f56bfc062723c751e8b465ee728b)
Start importing Assets/Baker'sCorner/Tool/RecipeBook.prefab using Guid(410b9ea2b51ccda4e886fb94ed0245bc) Importer(815301076,1909f56bfc062723c751e8b465ee728b) (PreviewImporter) -> (artifact id: '1c777d138e8ae956fb671d847d8df471') in 0.0243298 seconds
Number of updated asset objects reloaded before import = 0Number of asset objects unloaded after import = 88

========================================================================
Received Import Request.
  Time since last request: 13.437211 seconds.
  path: Assets/Baker'sCorner/Tool/RecipeBook.prefab
  artifactKey: Guid(410b9ea2b51ccda4e886fb94ed0245bc) Importer(815301076,1909f56bfc062723c751e8b465ee728b)
Start importing Assets/Baker'sCorner/Tool/RecipeBook.prefab using Guid(410b9ea2b51ccda4e886fb94ed0245bc) Importer(815301076,1909f56bfc062723c751e8b465ee728b) (PreviewImporter) -> (artifact id: '00000000000000000000000000000000') in 0.0181102 seconds
Import Error Code:(4)
Message: Build asset version error: assets/baker'scorner/tool/recipebook.prefab in SourceAssetDB has modification time of '2025-12-03T06:56:00.6912185Z' while content on disk has modification time of '2025-12-03T06:56:01.16465Z'
  ERROR: Build asset version error: assets/baker'scorner/tool/recipebook.prefab in SourceAssetDB has modification time of '2025-12-03T06:56:00.6912185Z' while content on disk has modification time of '2025-12-03T06:56:01.16465Z'
Number of updated asset objects reloaded before import = 0Number of asset objects unloaded after import = 26

========================================================================
Received Import Request.
  Time since last request: 0.034095 seconds.
  path: Assets/Baker'sCorner/Tool/RecipeBook.prefab
  artifactKey: Guid(410b9ea2b51ccda4e886fb94ed0245bc) Importer(815301076,1909f56bfc062723c751e8b465ee728b)
Start importing Assets/Baker'sCorner/Tool/RecipeBook.prefab using Guid(410b9ea2b51ccda4e886fb94ed0245bc) Importer(815301076,1909f56bfc062723c751e8b465ee728b) (PreviewImporter) -> (artifact id: '736983a54cc1f82f63cac5a89b033f35') in 0.0245203 seconds
Number of updated asset objects reloaded before import = 0Number of asset objects unloaded after import = 88

========================================================================
Received Import Request.
  Time since last request: 3.570991 seconds.
  path: Assets/Baker'sCorner/Tool/RecipeBook.prefab
  artifactKey: Guid(410b9ea2b51ccda4e886fb94ed0245bc) Importer(815301076,1909f56bfc062723c751e8b465ee728b)
Start importing Assets/Baker'sCorner/Tool/RecipeBook.prefab using Guid(410b9ea2b51ccda4e886fb94ed0245bc) Importer(815301076,1909f56bfc062723c751e8b465ee728b) (PreviewImporter) -> (artifact id: '7eeb149cb4ddc083a200a397a4c9ea57') in 0.0236722 seconds
Number of updated asset objects reloaded before import = 0Number of asset objects unloaded after import = 88

========================================================================
Received Import Request.
  Time since last request: 1.558757 seconds.
  path: Assets/Baker'sCorner/Tool/RecipeBook.prefab
  artifactKey: Guid(410b9ea2b51ccda4e886fb94ed0245bc) Importer(815301076,1909f56bfc062723c751e8b465ee728b)
Start importing Assets/Baker'sCorner/Tool/RecipeBook.prefab using Guid(410b9ea2b51ccda4e886fb94ed0245bc) Importer(815301076,1909f56bfc062723c751e8b465ee728b) (PreviewImporter) -> (artifact id: '46618a19fa885e97849170cdf7b2dc35') in 0.0247207 seconds
Number of updated asset objects reloaded before import = 0Number of asset objects unloaded after import = 88

========================================================================
Received Import Request.
  Time since last request: 2.155650 seconds.
  path: Assets/Baker'sCorner/Tool/RecipeBook.prefab
  artifactKey: Guid(410b9ea2b51ccda4e886fb94ed0245bc) Importer(815301076,1909f56bfc062723c751e8b465ee728b)
Start importing Assets/Baker'sCorner/Tool/RecipeBook.prefab using Guid(410b9ea2b51ccda4e886fb94ed0245bc) Importer(815301076,1909f56bfc062723c751e8b465ee728b) (PreviewImporter) -> (artifact id: '0cfc8970092e81dbc1f8bff3b586aa36') in 0.0249403 seconds
Number of updated asset objects reloaded before import = 0Number of asset objects unloaded after import = 88

========================================================================
Received Import Request.
  Time since last request: 4.362614 seconds.
  path: Assets/Baker'sCorner/Tool/RecipeBook.prefab
  artifactKey: Guid(410b9ea2b51ccda4e886fb94ed0245bc) Importer(815301076,1909f56bfc062723c751e8b465ee728b)
Start importing Assets/Baker'sCorner/Tool/RecipeBook.prefab using Guid(410b9ea2b51ccda4e886fb94ed0245bc) Importer(815301076,1909f56bfc062723c751e8b465ee728b) (PreviewImporter) -> (artifact id: 'b6735af05bc278eefa54f066798adeef') in 0.0178772 seconds
Number of updated asset objects reloaded before import = 0Number of asset objects unloaded after import = 88

========================================================================
Received Import Request.
  Time since last request: 5.978244 seconds.
  path: Assets/Baker'sCorner/Tool/RecipeBook.prefab
  artifactKey: Guid(410b9ea2b51ccda4e886fb94ed0245bc) Importer(815301076,1909f56bfc062723c751e8b465ee728b)
Start importing Assets/Baker'sCorner/Tool/RecipeBook.prefab using Guid(410b9ea2b51ccda4e886fb94ed0245bc) Importer(815301076,1909f56bfc062723c751e8b465ee728b) (PreviewImporter) -> (artifact id: '5c26726247003abdec664fe411b255be') in 0.0177344 seconds
Number of updated asset objects reloaded before import = 0Number of asset objects unloaded after import = 88

========================================================================
Received Import Request.
  Time since last request: 4.589740 seconds.
  path: Assets/Baker'sCorner/Tool/RecipeBook.prefab
  artifactKey: Guid(410b9ea2b51ccda4e886fb94ed0245bc) Importer(815301076,1909f56bfc062723c751e8b465ee728b)
Start importing Assets/Baker'sCorner/Tool/RecipeBook.prefab using Guid(410b9ea2b51ccda4e886fb94ed0245bc) Importer(815301076,1909f56bfc062723c751e8b465ee728b) (PreviewImporter) -> (artifact id: '600833abc774598fa05e26e80ad1bdfb') in 0.017746 seconds
Number of updated asset objects reloaded before import = 0Number of asset objects unloaded after import = 88

========================================================================
Received Import Request.
  Time since last request: 83.951780 seconds.
  path: Assets/Baker'sCorner/Ingredient/Models/Eggs/EggsAndCarton.prefab
  artifactKey: Guid(b847822486c6f2e4194dec6e877ee1ef) Importer(815301076,1909f56bfc062723c751e8b465ee728b)
Start importing Assets/Baker'sCorner/Ingredient/Models/Eggs/EggsAndCarton.prefab using Guid(b847822486c6f2e4194dec6e877ee1ef) Importer(815301076,1909f56bfc062723c751e8b465ee728b) (PreviewImporter) -> (artifact id: 'baa52393afe447ab47becbb6b5f83d3c') in 0.2359481 seconds
Number of updated asset objects reloaded before import = 0Number of asset objects unloaded after import = 168

========================================================================
Received Import Request.
  Time since last request: 0.000026 seconds.
  path: Assets/Building/Materials/Textures/Eggs/SM_eggCarton_EggCarton_Normal.png
  artifactKey: Guid(3c9b669f35f634181a9df5cef6995ded) Importer(815301076,1909f56bfc062723c751e8b465ee728b)
Start importing Assets/Building/Materials/Textures/Eggs/SM_eggCarton_EggCarton_Normal.png using Guid(3c9b669f35f634181a9df5cef6995ded) Importer(815301076,1909f56bfc062723c751e8b465ee728b) (PreviewImporter) -> (artifact id: 'b8048f365540362d2aed2f8979ce97df') in 0.0444447 seconds
Number of updated asset objects reloaded before import = 0Number of asset objects unloaded after import = 2

========================================================================
Received Import Request.
  Time since last request: 0.000036 seconds.
  path: Assets/Building/Materials/Textures/Eggs/SM_eggCarton_Egg_MetallicSmoothness.png
  artifactKey: Guid(5bd6239c21c9d482293803692bcb60d6) Importer(815301076,1909f56bfc062723c751e8b465ee728b)
Start importing Assets/Building/Materials/Textures/Eggs/SM_eggCarton_Egg_MetallicSmoothness.png using Guid(5bd6239c21c9d482293803692bcb60d6) Importer(815301076,1909f56bfc062723c751e8b465ee728b) (PreviewImporter) -> (artifact id: '49996e3d98a552b38d953368da274c0a') in 0.0382733 seconds
Number of updated asset objects reloaded before import = 0Number of asset objects unloaded after import = 2

========================================================================
Received Import Request.
  Time since last request: 21.264388 seconds.
  path: Assets/Baker'sCorner/CookingItems/Recipes/CakeDough.asset
  artifactKey: Guid(2ad2e979fc3ca174f93a3e7bb55999e3) Importer(815301076,1909f56bfc062723c751e8b465ee728b)
Start importing Assets/Baker'sCorner/CookingItems/Recipes/CakeDough.asset using Guid(2ad2e979fc3ca174f93a3e7bb55999e3) Importer(815301076,1909f56bfc062723c751e8b465ee728b) (PreviewImporter) -> (artifact id: '62297e3598a2f81e937a914beef157c4') in 0.004973 seconds
Number of updated asset objects reloaded before import = 0Number of asset objects unloaded after import = 30

========================================================================
Received Import Request.
  Time since last request: 0.000026 seconds.
  path: Assets/Baker'sCorner/CookingItems/Recipes/CarnivalPerfectPopcornBalls.asset
  artifactKey: Guid(494aa2525d3d90543926c6480213120b) Importer(815301076,1909f56bfc062723c751e8b465ee728b)
Start importing Assets/Baker'sCorner/CookingItems/Recipes/CarnivalPerfectPopcornBalls.asset using Guid(494aa2525d3d90543926c6480213120b) Importer(815301076,1909f56bfc062723c751e8b465ee728b) (PreviewImporter) -> (artifact id: '3d3995fdc5134e5cca2dc2410d01f1da') in 0.0593795 seconds
Number of updated asset objects reloaded before import = 0Number of asset objects unloaded after import = 25

========================================================================
Received Import Request.
  Time since last request: 0.000034 seconds.
  path: Assets/Baker'sCorner/CookingItems/Recipes/MysteriousDonuts.asset
  artifactKey: Guid(61d4904dfe9367a40860d56655d411b1) Importer(815301076,1909f56bfc062723c751e8b465ee728b)
Start importing Assets/Baker'sCorner/CookingItems/Recipes/MysteriousDonuts.asset using Guid(61d4904dfe9367a40860d56655d411b1) Importer(815301076,1909f56bfc062723c751e8b465ee728b) (PreviewImporter) -> (artifact id: 'c00877e437284fbd890fc434355eb01a') in 0.0010129 seconds
Number of updated asset objects reloaded before import = 0Number of asset objects unloaded after import = 1

========================================================================
Received Import Request.
  Time since last request: 0.000020 seconds.
  path: Assets/Baker'sCorner/CookingItems/Recipes/NightmareOnMapleStreetChocoLanterns.asset
  artifactKey: Guid(222ef25528d2bdb499421832d66f3642) Importer(815301076,1909f56bfc062723c751e8b465ee728b)
Start importing Assets/Baker'sCorner/CookingItems/Recipes/NightmareOnMapleStreetChocoLanterns.asset using Guid(222ef25528d2bdb499421832d66f3642) Importer(815301076,1909f56bfc062723c751e8b465ee728b) (PreviewImporter) -> (artifact id: 'b83747440b6cfd8a7436c6bc031f4f77') in 0.0018159 seconds
Number of updated asset objects reloaded before import = 0Number of asset objects unloaded after import = 6

========================================================================
Received Import Request.
  Time since last request: 0.000019 seconds.
  path: Assets/Baker'sCorner/CookingItems/Recipes/TheDevil'sChocolateCake.asset
  artifactKey: Guid(f190e7833c46be043ba1ce5244e9a9b6) Importer(815301076,1909f56bfc062723c751e8b465ee728b)
Start importing Assets/Baker'sCorner/CookingItems/Recipes/TheDevil'sChocolateCake.asset using Guid(f190e7833c46be043ba1ce5244e9a9b6) Importer(815301076,1909f56bfc062723c751e8b465ee728b) (PreviewImporter) -> (artifact id: '4759b39d916685bc07ca51c765efd61a') in 0.0029604 seconds
Number of updated asset objects reloaded before import = 0Number of asset objects unloaded after import = 16

========================================================================
Received Import Request.
  Time since last request: 161.584726 seconds.
  path: Assets/Building/Materials/Textures/Dishes/SugarContainer/SM_Sugar_container_Spoon1_AlbedoTransparency.png
  artifactKey: Guid(b5f0867bc4fc2454caa97ce6d5b21719) Importer(815301076,1909f56bfc062723c751e8b465ee728b)
Start importing Assets/Building/Materials/Textures/Dishes/SugarContainer/SM_Sugar_container_Spoon1_AlbedoTransparency.png using Guid(b5f0867bc4fc2454caa97ce6d5b21719) Importer(815301076,1909f56bfc062723c751e8b465ee728b) (PreviewImporter) -> (artifact id: '17d04b526d68a29e2f0155ee07f06e21') in 0.0357212 seconds
Number of updated asset objects reloaded before import = 0Number of asset objects unloaded after import = 2

========================================================================
Received Import Request.
  Time since last request: 0.000030 seconds.
  path: Assets/Building/Materials/Textures/Dishes/SugarDish_Spoon1_AlbedoTransparency.png
  artifactKey: Guid(70d620d265aae884eb67356000430945) Importer(815301076,1909f56bfc062723c751e8b465ee728b)
Start importing Assets/Building/Materials/Textures/Dishes/SugarDish_Spoon1_AlbedoTransparency.png using Guid(70d620d265aae884eb67356000430945) Importer(815301076,1909f56bfc062723c751e8b465ee728b) (PreviewImporter) -> (artifact id: 'c5b0156343dcbd95aa5bddf0a7e9bb2e') in 0.035144 seconds
Number of updated asset objects reloaded before import = 0Number of asset objects unloaded after import = 2

========================================================================
Received Import Request.
  Time since last request: 0.000020 seconds.
  path: Assets/Building/Materials/Textures/Spoon/WoodenSpoonRough.png
  artifactKey: Guid(cf54f1db4b3b450429fd6b3fc64c0ee6) Importer(815301076,1909f56bfc062723c751e8b465ee728b)
Start importing Assets/Building/Materials/Textures/Spoon/WoodenSpoonRough.png using Guid(cf54f1db4b3b450429fd6b3fc64c0ee6) Importer(815301076,1909f56bfc062723c751e8b465ee728b) (PreviewImporter) -> (artifact id: '4ed3d103af78bc781168128196c05eb6') in 0.0356091 seconds
Number of updated asset objects reloaded before import = 0Number of asset objects unloaded after import = 2

========================================================================
Received Import Request.
  Time since last request: 0.000028 seconds.
  path: Assets/Baker'sCorner/Tool/MxingBowl/WoodenSpoon.FBX
  artifactKey: Guid(7725952716cf3144d94699c44baedcfe) Importer(815301076,1909f56bfc062723c751e8b465ee728b)
Start importing Assets/Baker'sCorner/Tool/MxingBowl/WoodenSpoon.FBX using Guid(7725952716cf3144d94699c44baedcfe) Importer(815301076,1909f56bfc062723c751e8b465ee728b) (PreviewImporter) -> (artifact id: '5c68fcbf80536e83aa5763b0bf742168') in 0.0806656 seconds
Number of updated asset objects reloaded before import = 0Number of asset objects unloaded after import = 10

========================================================================
Received Import Request.
  Time since last request: 0.000031 seconds.
  path: Assets/Building/Materials/Textures/Spoon/WoodenSpoonAlbedo.png
  artifactKey: Guid(7955371874dde6047a087b2de0e651c4) Importer(815301076,1909f56bfc062723c751e8b465ee728b)
Start importing Assets/Building/Materials/Textures/Spoon/WoodenSpoonAlbedo.png using Guid(7955371874dde6047a087b2de0e651c4) Importer(815301076,1909f56bfc062723c751e8b465ee728b) (PreviewImporter) -> (artifact id: '326358c3e1c96706046c346435475d12') in 0.0467069 seconds
Number of updated asset objects reloaded before import = 0Number of asset objects unloaded after import = 2

========================================================================
Received Import Request.
  Time since last request: 0.000021 seconds.
  path: Assets/Baker'sCorner/Tool/WoodenSpoon.prefab
  artifactKey: Guid(c2c706fe21faeb849931c9f2f4e9b9d7) Importer(815301076,1909f56bfc062723c751e8b465ee728b)
Start importing Assets/Baker'sCorner/Tool/WoodenSpoon.prefab using Guid(c2c706fe21faeb849931c9f2f4e9b9d7) Importer(815301076,1909f56bfc062723c751e8b465ee728b) (PreviewImporter) -> (artifact id: '55de9cbec6f41feff0ef2853b5f3d870') in 0.1595643 seconds
Number of updated asset objects reloaded before import = 0Number of asset objects unloaded after import = 47

========================================================================
Received Import Request.
  Time since last request: 12.541869 seconds.
  path: Assets/Building/Materials/Textures/Spices/BakingPowderMetallicSmoothness.png
  artifactKey: Guid(fad36b3544b5d47e08ad4618640e38c5) Importer(815301076,1909f56bfc062723c751e8b465ee728b)
Start importing Assets/Building/Materials/Textures/Spices/BakingPowderMetallicSmoothness.png using Guid(fad36b3544b5d47e08ad4618640e38c5) Importer(815301076,1909f56bfc062723c751e8b465ee728b) (PreviewImporter) -> (artifact id: '484ee252bd856210eb3ceb3384a53cfd') in 0.0437071 seconds
Number of updated asset objects reloaded before import = 0Number of asset objects unloaded after import = 2

========================================================================
Received Import Request.
  Time since last request: 0.000022 seconds.
  path: Assets/Building/Materials/Textures/Pots/SM_CakePan_BakingSheet_AlbedoTransparency.png
  artifactKey: Guid(46b0f2c2f46573744af9161c6305e515) Importer(815301076,1909f56bfc062723c751e8b465ee728b)
Start importing Assets/Building/Materials/Textures/Pots/SM_CakePan_BakingSheet_AlbedoTransparency.png using Guid(46b0f2c2f46573744af9161c6305e515) Importer(815301076,1909f56bfc062723c751e8b465ee728b) (PreviewImporter) -> (artifact id: '619facbdf78cecf3aa5732cdf2644309') in 0.0410298 seconds
Number of updated asset objects reloaded before import = 0Number of asset objects unloaded after import = 2

========================================================================
Received Import Request.
  Time since last request: 0.000021 seconds.
  path: Assets/Baker'sCorner/Tool/BakingSheets/SM_BakingSheet_L_BakingSheet_AlbedoTransparency.png
  artifactKey: Guid(422ae8787b723cf44a278676833191ff) Importer(815301076,1909f56bfc062723c751e8b465ee728b)
Start importing Assets/Baker'sCorner/Tool/BakingSheets/SM_BakingSheet_L_BakingSheet_AlbedoTransparency.png using Guid(422ae8787b723cf44a278676833191ff) Importer(815301076,1909f56bfc062723c751e8b465ee728b) (PreviewImporter) -> (artifact id: 'd063803facf4eb757dfb884c590ab490') in 0.0411141 seconds
Number of updated asset objects reloaded before import = 0Number of asset objects unloaded after import = 2

========================================================================
Received Import Request.
  Time since last request: 0.000028 seconds.
  path: Assets/Baker'sCorner/Tool/BakingSheetEmpty.prefab
  artifactKey: Guid(1156ab04f76a44b4d8bce596172f56c0) Importer(815301076,1909f56bfc062723c751e8b465ee728b)
Start importing Assets/Baker'sCorner/Tool/BakingSheetEmpty.prefab using Guid(1156ab04f76a44b4d8bce596172f56c0) Importer(815301076,1909f56bfc062723c751e8b465ee728b) (PreviewImporter) -> (artifact id: 'f0cf878d1cc7258320d48d0e1c63cb80') in 0.2082152 seconds
Number of updated asset objects reloaded before import = 0Number of asset objects unloaded after import = 64

========================================================================
Received Import Request.
  Time since last request: 0.000036 seconds.
  path: Assets/Building/Materials/Textures/Pots/SM_BakingSheet_L_BakingSheet_Normal.png
  artifactKey: Guid(e8c37b61b5a6f4a1f9dbb790b830c301) Importer(815301076,1909f56bfc062723c751e8b465ee728b)
Start importing Assets/Building/Materials/Textures/Pots/SM_BakingSheet_L_BakingSheet_Normal.png using Guid(e8c37b61b5a6f4a1f9dbb790b830c301) Importer(815301076,1909f56bfc062723c751e8b465ee728b) (PreviewImporter) -> (artifact id: '4ef28a99073477fc87d42900b76062c9') in 0.0408454 seconds
Number of updated asset objects reloaded before import = 0Number of asset objects unloaded after import = 2

========================================================================
Received Import Request.
  Time since last request: 0.000045 seconds.
  path: Assets/Building/Materials/Textures/Pots/SM_BakingSheet_L_BakingSheet_AlbedoTransparency.png
  artifactKey: Guid(9258d2f7f006547c4a947e103163db73) Importer(815301076,1909f56bfc062723c751e8b465ee728b)
Start importing Assets/Building/Materials/Textures/Pots/SM_BakingSheet_L_BakingSheet_AlbedoTransparency.png using Guid(9258d2f7f006547c4a947e103163db73) Importer(815301076,1909f56bfc062723c751e8b465ee728b) (PreviewImporter) -> (artifact id: '96322dc5b0f342d1e990ff308975a65a') in 0.0323858 seconds
Number of updated asset objects reloaded before import = 0Number of asset objects unloaded after import = 2

========================================================================
Received Import Request.
  Time since last request: 0.000021 seconds.
  path: Assets/Baker'sCorner/Ingredient/CookieSheet/BakingSheetCookies3 Variant.prefab
  artifactKey: Guid(c1bae2e149826214d9079b0753cb737d) Importer(815301076,1909f56bfc062723c751e8b465ee728b)
Start importing Assets/Baker'sCorner/Ingredient/CookieSheet/BakingSheetCookies3 Variant.prefab using Guid(c1bae2e149826214d9079b0753cb737d) Importer(815301076,1909f56bfc062723c751e8b465ee728b) (PreviewImporter) -> (artifact id: '342992db02edd9f0486e6a5d6b0ec68f') in 0.2260908 seconds
Number of updated asset objects reloaded before import = 0Number of asset objects unloaded after import = 133

========================================================================
Received Import Request.
  Time since last request: 31.009059 seconds.
  path: Assets/Baker'sCorner/Ingredient/CookieSheet/BakingSheetCookies2 Variant.prefab
  artifactKey: Guid(964eed413f63d324ca820703dde79b75) Importer(815301076,1909f56bfc062723c751e8b465ee728b)
Start importing Assets/Baker'sCorner/Ingredient/CookieSheet/BakingSheetCookies2 Variant.prefab using Guid(964eed413f63d324ca820703dde79b75) Importer(815301076,1909f56bfc062723c751e8b465ee728b) (PreviewImporter) -> (artifact id: 'ca008f7b0ee1922b21bf1ca516384100') in 0.3487731 seconds
Number of updated asset objects reloaded before import = 0Number of asset objects unloaded after import = 156

========================================================================
Received Import Request.
  Time since last request: 54.752922 seconds.
  path: Assets/Building/Materials/Textures/KitchenSet/Sink/KitchenSet_oven_Normal.png
  artifactKey: Guid(0ee6da1f7f791144198fe8aebd407c6b) Importer(815301076,1909f56bfc062723c751e8b465ee728b)
Start importing Assets/Building/Materials/Textures/KitchenSet/Sink/KitchenSet_oven_Normal.png using Guid(0ee6da1f7f791144198fe8aebd407c6b) Importer(815301076,1909f56bfc062723c751e8b465ee728b) (PreviewImporter) -> (artifact id: '015780f09c8fef27db1fa68d911c703c') in 0.0529391 seconds
Number of updated asset objects reloaded before import = 0Number of asset objects unloaded after import = 2

========================================================================
Received Import Request.
  Time since last request: 216.627136 seconds.
  path: Assets/_Course Library/Source Files/Models/Ball_Cricket.fbx
  artifactKey: Guid(dda8659e0174c6048852838fad15ddfa) Importer(815301076,1909f56bfc062723c751e8b465ee728b)
Start importing Assets/_Course Library/Source Files/Models/Ball_Cricket.fbx using Guid(dda8659e0174c6048852838fad15ddfa) Importer(815301076,1909f56bfc062723c751e8b465ee728b) (PreviewImporter) -> (artifact id: '8b4db9a522c201ee21a7cfa475271c55') in 0.0191256 seconds
Number of updated asset objects reloaded before import = 0Number of asset objects unloaded after import = 8

========================================================================
Received Import Request.
  Time since last request: 0.000031 seconds.
  path: Assets/_Course Library/Source Files/Models/Ball_Pingpong.fbx
  artifactKey: Guid(3237f124fd401c146981f5411d5e48cb) Importer(815301076,1909f56bfc062723c751e8b465ee728b)
Start importing Assets/_Course Library/Source Files/Models/Ball_Pingpong.fbx using Guid(3237f124fd401c146981f5411d5e48cb) Importer(815301076,1909f56bfc062723c751e8b465ee728b) (PreviewImporter) -> (artifact id: 'd45a4150f14990db9037dac66d83625e') in 0.0210491 seconds
Number of updated asset objects reloaded before import = 0Number of asset objects unloaded after import = 8

========================================================================
Received Import Request.
  Time since last request: 0.000024 seconds.
  path: Assets/Building/Materials/Textures/BathTub/Bathtub_BathTub_Metallic.png
  artifactKey: Guid(5c546367cb588d248a04ea78ed602884) Importer(815301076,1909f56bfc062723c751e8b465ee728b)
Start importing Assets/Building/Materials/Textures/BathTub/Bathtub_BathTub_Metallic.png using Guid(5c546367cb588d248a04ea78ed602884) Importer(815301076,1909f56bfc062723c751e8b465ee728b) (PreviewImporter) -> (artifact id: 'acddfbec61438bbe7c54bfdbafa0c837') in 0.0370314 seconds
Number of updated asset objects reloaded before import = 0Number of asset objects unloaded after import = 2

========================================================================
Received Import Request.
  Time since last request: 0.000031 seconds.
  path: Assets/Building/Materials/Textures/Gunk/Batter_MetallicSmoothness.png
  artifactKey: Guid(5af1191f7b797465fb1531f3c71a36a1) Importer(815301076,1909f56bfc062723c751e8b465ee728b)
Start importing Assets/Building/Materials/Textures/Gunk/Batter_MetallicSmoothness.png using Guid(5af1191f7b797465fb1531f3c71a36a1) Importer(815301076,1909f56bfc062723c751e8b465ee728b) (PreviewImporter) -> (artifact id: '9dfe06d1e1d31ef30edffe0363affb0f') in 0.0393653 seconds
Number of updated asset objects reloaded before import = 0Number of asset objects unloaded after import = 2

========================================================================
Received Import Request.
  Time since last request: 0.000029 seconds.
  path: Assets/Building/Materials/Textures/Rooms/Bathroom/Bathroom_woodFloor1_MetallicSmoothness.png
  artifactKey: Guid(18a8bd3bf62e8704eb2b0279908e1ac1) Importer(815301076,1909f56bfc062723c751e8b465ee728b)
Start importing Assets/Building/Materials/Textures/Rooms/Bathroom/Bathroom_woodFloor1_MetallicSmoothness.png using Guid(18a8bd3bf62e8704eb2b0279908e1ac1) Importer(815301076,1909f56bfc062723c751e8b465ee728b) (PreviewImporter) -> (artifact id: 'b24243aa536be63bd45e938336f1a8bf') in 0.0427855 seconds
Number of updated asset objects reloaded before import = 0Number of asset objects unloaded after import = 2

========================================================================
Received Import Request.
  Time since last request: 0.000019 seconds.
  path: Assets/Building/Materials/Textures/Rooms/Bathroom/Bathroom_tile_MetallicSmoothness.png
  artifactKey: Guid(48f07d9759c651b42a5e74b2ec326c89) Importer(815301076,1909f56bfc062723c751e8b465ee728b)
Start importing Assets/Building/Materials/Textures/Rooms/Bathroom/Bathroom_tile_MetallicSmoothness.png using Guid(48f07d9759c651b42a5e74b2ec326c89) Importer(815301076,1909f56bfc062723c751e8b465ee728b) (PreviewImporter) -> (artifact id: '1695150b45f93462858f520428586c0d') in 0.0414377 seconds
Number of updated asset objects reloaded before import = 0Number of asset objects unloaded after import = 2

========================================================================
Received Import Request.
  Time since last request: 0.000019 seconds.
  path: Assets/Building/Materials/Textures/Bathroom_props_set/Bathroom_Props_Set/Bathroom_Props_Set01_Metallic.png
  artifactKey: Guid(29566533bd466f04db3590fe0c8d2192) Importer(815301076,1909f56bfc062723c751e8b465ee728b)
Start importing Assets/Building/Materials/Textures/Bathroom_props_set/Bathroom_Props_Set/Bathroom_Props_Set01_Metallic.png using Guid(29566533bd466f04db3590fe0c8d2192) Importer(815301076,1909f56bfc062723c751e8b465ee728b) (PreviewImporter) -> (artifact id: '7662e3e13feb8b444e154d9bd6c7fa8c') in 0.0346067 seconds
Number of updated asset objects reloaded before import = 0Number of asset objects unloaded after import = 2

Editor requested this worker to shutdown with reason: Scaling down because of idle timeout
AssetImportWorker is now disconnected from the server
Process exiting
Exiting without the bug reporter. Application will terminate with return code 0